[0.065s] DEBUG:colcon:Command line arguments: ['/usr/bin/colcon', 'build', '--cmake-args', '-DCMAKE_EXPORT_COMPILE_COMMANDS=ON']
[0.065s] DEBUG:colcon:Parsed command line arguments: Namespace(log_base=None, log_level=None, verb_name='build', build_base='build', install_base='install', merge_install=False, symlink_install=False, test_result_base=None, continue_on_error=False, executor='parallel', parallel_workers=6, event_handlers=None, ignore_user_meta=False, metas=['./colcon.meta'], base_paths=['.'], packages_ignore=None, packages_ignore_regex=None, paths=None, packages_up_to=None, packages_up_to_regex=None, packages_above=None, packages_above_and_dependencies=None, packages_above_depth=None, packages_select_by_dep=None, packages_skip_by_dep=None, packages_skip_up_to=None, packages_select_build_failed=False, packages_skip_build_finished=False, packages_select_test_failures=False, packages_skip_test_passed=False, packages_select=None, packages_skip=None, packages_select_regex=None, packages_skip_regex=None, packages_start=None, packages_end=None, allow_overriding=[], cmake_args=['-DCMAKE_EXPORT_COMPILE_COMMANDS=ON'], cmake_target=None, cmake_target_skip_unavailable=False, cmake_clean_cache=False, cmake_clean_first=False, cmake_force_configure=False, ament_cmake_args=None, catkin_cmake_args=None, catkin_skip_building_tests=False, verb_parser=<colcon_defaults.argument_parser.defaults.DefaultArgumentsDecorator object at 0x7828d0b71730>, verb_extension=<colcon_core.verb.build.BuildVerb object at 0x7828d0cef650>, main=<bound method BuildVerb.main of <colcon_core.verb.build.BuildVerb object at 0x7828d0cef650>>)
[0.091s] Level 1:colcon.colcon_core.package_discovery:discover_packages(colcon_meta) check parameters
[0.091s] Level 1:colcon.colcon_core.package_discovery:discover_packages(recursive) check parameters
[0.091s] Level 1:colcon.colcon_core.package_discovery:discover_packages(ignore) check parameters
[0.091s] Level 1:colcon.colcon_core.package_discovery:discover_packages(path) check parameters
[0.091s] Level 1:colcon.colcon_core.package_discovery:discover_packages(colcon_meta) discover
[0.091s] Level 1:colcon.colcon_core.package_discovery:discover_packages(recursive) discover
[0.091s] INFO:colcon.colcon_core.package_discovery:Crawling recursively for packages in '/home/yaohouyu/ros2_ws'
[0.091s] Level 1:colcon.colcon_core.package_identification:_identify(.) by extensions ['ignore', 'ignore_ament_install']
[0.091s] Level 1:colcon.colcon_core.package_identification:_identify(.) by extension 'ignore'
[0.091s] Level 1:colcon.colcon_core.package_identification:_identify(.) by extension 'ignore_ament_install'
[0.091s] Level 1:colcon.colcon_core.package_identification:_identify(.) by extensions ['colcon_pkg']
[0.091s] Level 1:colcon.colcon_core.package_identification:_identify(.) by extension 'colcon_pkg'
[0.091s] Level 1:colcon.colcon_core.package_identification:_identify(.) by extensions ['colcon_meta']
[0.091s] Level 1:colcon.colcon_core.package_identification:_identify(.) by extension 'colcon_meta'
[0.091s] Level 1:colcon.colcon_core.package_identification:_identify(.) by extensions ['ros']
[0.091s] Level 1:colcon.colcon_core.package_identification:_identify(.) by extension 'ros'
[0.108s] Level 1:colcon.colcon_core.package_identification:_identify(.) by extensions ['cmake', 'python']
[0.108s] Level 1:colcon.colcon_core.package_identification:_identify(.) by extension 'cmake'
[0.108s] Level 1:colcon.colcon_core.package_identification:_identify(.) by extension 'python'
[0.108s] Level 1:colcon.colcon_core.package_identification:_identify(.) by extensions ['python_setup_py']
[0.108s] Level 1:colcon.colcon_core.package_identification:_identify(.) by extension 'python_setup_py'
[0.108s] Level 1:colcon.colcon_core.package_identification:_identify(build) by extensions ['ignore', 'ignore_ament_install']
[0.108s] Level 1:colcon.colcon_core.package_identification:_identify(build) by extension 'ignore'
[0.108s] Level 1:colcon.colcon_core.package_identification:_identify(build) ignored
[0.108s] Level 1:colcon.colcon_core.package_identification:_identify(install) by extensions ['ignore', 'ignore_ament_install']
[0.108s] Level 1:colcon.colcon_core.package_identification:_identify(install) by extension 'ignore'
[0.108s] Level 1:colcon.colcon_core.package_identification:_identify(install) ignored
[0.108s] Level 1:colcon.colcon_core.package_identification:_identify(log) by extensions ['ignore', 'ignore_ament_install']
[0.108s] Level 1:colcon.colcon_core.package_identification:_identify(log) by extension 'ignore'
[0.108s] Level 1:colcon.colcon_core.package_identification:_identify(log) ignored
[0.108s] Level 1:colcon.colcon_core.package_identification:_identify(src) by extensions ['ignore', 'ignore_ament_install']
[0.108s] Level 1:colcon.colcon_core.package_identification:_identify(src) by extension 'ignore'
[0.108s] Level 1:colcon.colcon_core.package_identification:_identify(src) by extension 'ignore_ament_install'
[0.108s] Level 1:colcon.colcon_core.package_identification:_identify(src) by extensions ['colcon_pkg']
[0.108s] Level 1:colcon.colcon_core.package_identification:_identify(src) by extension 'colcon_pkg'
[0.108s] Level 1:colcon.colcon_core.package_identification:_identify(src) by extensions ['colcon_meta']
[0.109s] Level 1:colcon.colcon_core.package_identification:_identify(src) by extension 'colcon_meta'
[0.109s] Level 1:colcon.colcon_core.package_identification:_identify(src) by extensions ['ros']
[0.109s] Level 1:colcon.colcon_core.package_identification:_identify(src) by extension 'ros'
[0.109s] Level 1:colcon.colcon_core.package_identification:_identify(src) by extensions ['cmake', 'python']
[0.109s] Level 1:colcon.colcon_core.package_identification:_identify(src) by extension 'cmake'
[0.109s] Level 1:colcon.colcon_core.package_identification:_identify(src) by extension 'python'
[0.109s] Level 1:colcon.colcon_core.package_identification:_identify(src) by extensions ['python_setup_py']
[0.109s] Level 1:colcon.colcon_core.package_identification:_identify(src) by extension 'python_setup_py'
[0.109s] Level 1:colcon.colcon_core.package_identification:_identify(src/iiwa_mujoco_ros2) by extensions ['ignore', 'ignore_ament_install']
[0.109s] Level 1:colcon.colcon_core.package_identification:_identify(src/iiwa_mujoco_ros2) by extension 'ignore'
[0.109s] Level 1:colcon.colcon_core.package_identification:_identify(src/iiwa_mujoco_ros2) by extension 'ignore_ament_install'
[0.109s] Level 1:colcon.colcon_core.package_identification:_identify(src/iiwa_mujoco_ros2) by extensions ['colcon_pkg']
[0.109s] Level 1:colcon.colcon_core.package_identification:_identify(src/iiwa_mujoco_ros2) by extension 'colcon_pkg'
[0.109s] Level 1:colcon.colcon_core.package_identification:_identify(src/iiwa_mujoco_ros2) by extensions ['colcon_meta']
[0.109s] Level 1:colcon.colcon_core.package_identification:_identify(src/iiwa_mujoco_ros2) by extension 'colcon_meta'
[0.109s] Level 1:colcon.colcon_core.package_identification:_identify(src/iiwa_mujoco_ros2) by extensions ['ros']
[0.109s] Level 1:colcon.colcon_core.package_identification:_identify(src/iiwa_mujoco_ros2) by extension 'ros'
[0.110s] DEBUG:colcon.colcon_core.package_identification:Package 'src/iiwa_mujoco_ros2' with type 'ros.ament_cmake' and name 'iiwa_mujoco_ros2'
[0.110s] Level 1:colcon.colcon_core.package_identification:_identify(src/iiwa_mujoco_viewer) by extensions ['ignore', 'ignore_ament_install']
[0.111s] Level 1:colcon.colcon_core.package_identification:_identify(src/iiwa_mujoco_viewer) by extension 'ignore'
[0.111s] Level 1:colcon.colcon_core.package_identification:_identify(src/iiwa_mujoco_viewer) by extension 'ignore_ament_install'
[0.111s] Level 1:colcon.colcon_core.package_identification:_identify(src/iiwa_mujoco_viewer) by extensions ['colcon_pkg']
[0.111s] Level 1:colcon.colcon_core.package_identification:_identify(src/iiwa_mujoco_viewer) by extension 'colcon_pkg'
[0.111s] Level 1:colcon.colcon_core.package_identification:_identify(src/iiwa_mujoco_viewer) by extensions ['colcon_meta']
[0.111s] Level 1:colcon.colcon_core.package_identification:_identify(src/iiwa_mujoco_viewer) by extension 'colcon_meta'
[0.111s] Level 1:colcon.colcon_core.package_identification:_identify(src/iiwa_mujoco_viewer) by extensions ['ros']
[0.111s] Level 1:colcon.colcon_core.package_identification:_identify(src/iiwa_mujoco_viewer) by extension 'ros'
[0.111s] DEBUG:colcon.colcon_core.package_identification:Package 'src/iiwa_mujoco_viewer' with type 'ros.ament_python' and name 'iiwa_mujoco_viewer'
[0.111s] Level 1:colcon.colcon_core.package_identification:_identify(summary) by extensions ['ignore', 'ignore_ament_install']
[0.111s] Level 1:colcon.colcon_core.package_identification:_identify(summary) by extension 'ignore'
[0.111s] Level 1:colcon.colcon_core.package_identification:_identify(summary) by extension 'ignore_ament_install'
[0.111s] Level 1:colcon.colcon_core.package_identification:_identify(summary) by extensions ['colcon_pkg']
[0.111s] Level 1:colcon.colcon_core.package_identification:_identify(summary) by extension 'colcon_pkg'
[0.111s] Level 1:colcon.colcon_core.package_identification:_identify(summary) by extensions ['colcon_meta']
[0.111s] Level 1:colcon.colcon_core.package_identification:_identify(summary) by extension 'colcon_meta'
[0.111s] Level 1:colcon.colcon_core.package_identification:_identify(summary) by extensions ['ros']
[0.111s] Level 1:colcon.colcon_core.package_identification:_identify(summary) by extension 'ros'
[0.111s] Level 1:colcon.colcon_core.package_identification:_identify(summary) by extensions ['cmake', 'python']
[0.111s] Level 1:colcon.colcon_core.package_identification:_identify(summary) by extension 'cmake'
[0.111s] Level 1:colcon.colcon_core.package_identification:_identify(summary) by extension 'python'
[0.111s] Level 1:colcon.colcon_core.package_identification:_identify(summary) by extensions ['python_setup_py']
[0.111s] Level 1:colcon.colcon_core.package_identification:_identify(summary) by extension 'python_setup_py'
[0.111s] Level 1:colcon.colcon_core.package_discovery:discover_packages(recursive) using defaults
[0.111s] Level 1:colcon.colcon_core.package_discovery:discover_packages(ignore) discover
[0.111s] Level 1:colcon.colcon_core.package_discovery:discover_packages(ignore) using defaults
[0.111s] Level 1:colcon.colcon_core.package_discovery:discover_packages(path) discover
[0.111s] Level 1:colcon.colcon_core.package_discovery:discover_packages(path) using defaults
[0.124s] Level 1:colcon.colcon_core.package_discovery:discover_packages(prefix_path) check parameters
[0.124s] Level 1:colcon.colcon_core.package_discovery:discover_packages(prefix_path) discover
[0.124s] WARNING:colcon.colcon_ros.prefix_path.ament:The path '/home/yaohouyu/ros2_ws/install/iiwa_mujoco_viewer' in the environment variable AMENT_PREFIX_PATH doesn't exist
[0.124s] WARNING:colcon.colcon_ros.prefix_path.ament:The path '/home/yaohouyu/ros2_ws/install/iiwa_mujoco_ros2' in the environment variable AMENT_PREFIX_PATH doesn't exist
[0.125s] WARNING:colcon.colcon_ros.prefix_path.catkin:The path '/home/yaohouyu/ros2_ws/install/iiwa_mujoco_ros2' in the environment variable CMAKE_PREFIX_PATH doesn't exist
[0.125s] DEBUG:colcon.colcon_installed_package_information.package_discovery:Found 0 installed packages in /home/yaohouyu/ros2_ws/install
[0.126s] DEBUG:colcon.colcon_installed_package_information.package_discovery:Found 285 installed packages in /opt/ros/jazzy
[0.126s] Level 1:colcon.colcon_core.package_discovery:discover_packages(prefix_path) using defaults
[0.151s] Level 5:colcon.colcon_core.verb:set package 'iiwa_mujoco_ros2' build argument 'cmake_args' from command line to '['-DCMAKE_EXPORT_COMPILE_COMMANDS=ON']'
[0.151s] Level 5:colcon.colcon_core.verb:set package 'iiwa_mujoco_ros2' build argument 'cmake_target' from command line to 'None'
[0.151s] Level 5:colcon.colcon_core.verb:set package 'iiwa_mujoco_ros2' build argument 'cmake_target_skip_unavailable' from command line to 'False'
[0.151s] Level 5:colcon.colcon_core.verb:set package 'iiwa_mujoco_ros2' build argument 'cmake_clean_cache' from command line to 'False'
[0.151s] Level 5:colcon.colcon_core.verb:set package 'iiwa_mujoco_ros2' build argument 'cmake_clean_first' from command line to 'False'
[0.151s] Level 5:colcon.colcon_core.verb:set package 'iiwa_mujoco_ros2' build argument 'cmake_force_configure' from command line to 'False'
[0.151s] Level 5:colcon.colcon_core.verb:set package 'iiwa_mujoco_ros2' build argument 'ament_cmake_args' from command line to 'None'
[0.151s] Level 5:colcon.colcon_core.verb:set package 'iiwa_mujoco_ros2' build argument 'catkin_cmake_args' from command line to 'None'
[0.151s] Level 5:colcon.colcon_core.verb:set package 'iiwa_mujoco_ros2' build argument 'catkin_skip_building_tests' from command line to 'False'
[0.151s] DEBUG:colcon.colcon_core.verb:Building package 'iiwa_mujoco_ros2' with the following arguments: {'ament_cmake_args': None, 'build_base': '/home/yaohouyu/ros2_ws/build/iiwa_mujoco_ros2', 'catkin_cmake_args': None, 'catkin_skip_building_tests': False, 'cmake_args': ['-DCMAKE_EXPORT_COMPILE_COMMANDS=ON'], 'cmake_clean_cache': False, 'cmake_clean_first': False, 'cmake_force_configure': False, 'cmake_target': None, 'cmake_target_skip_unavailable': False, 'install_base': '/home/yaohouyu/ros2_ws/install/iiwa_mujoco_ros2', 'merge_install': False, 'path': '/home/yaohouyu/ros2_ws/src/iiwa_mujoco_ros2', 'symlink_install': False, 'test_result_base': None}
[0.151s] Level 5:colcon.colcon_core.verb:set package 'iiwa_mujoco_viewer' build argument 'cmake_args' from command line to '['-DCMAKE_EXPORT_COMPILE_COMMANDS=ON']'
[0.151s] Level 5:colcon.colcon_core.verb:set package 'iiwa_mujoco_viewer' build argument 'cmake_target' from command line to 'None'
[0.151s] Level 5:colcon.colcon_core.verb:set package 'iiwa_mujoco_viewer' build argument 'cmake_target_skip_unavailable' from command line to 'False'
[0.151s] Level 5:colcon.colcon_core.verb:set package 'iiwa_mujoco_viewer' build argument 'cmake_clean_cache' from command line to 'False'
[0.151s] Level 5:colcon.colcon_core.verb:set package 'iiwa_mujoco_viewer' build argument 'cmake_clean_first' from command line to 'False'
[0.151s] Level 5:colcon.colcon_core.verb:set package 'iiwa_mujoco_viewer' build argument 'cmake_force_configure' from command line to 'False'
[0.151s] Level 5:colcon.colcon_core.verb:set package 'iiwa_mujoco_viewer' build argument 'ament_cmake_args' from command line to 'None'
[0.151s] Level 5:colcon.colcon_core.verb:set package 'iiwa_mujoco_viewer' build argument 'catkin_cmake_args' from command line to 'None'
[0.151s] Level 5:colcon.colcon_core.verb:set package 'iiwa_mujoco_viewer' build argument 'catkin_skip_building_tests' from command line to 'False'
[0.151s] DEBUG:colcon.colcon_core.verb:Building package 'iiwa_mujoco_viewer' with the following arguments: {'ament_cmake_args': None, 'build_base': '/home/yaohouyu/ros2_ws/build/iiwa_mujoco_viewer', 'catkin_cmake_args': None, 'catkin_skip_building_tests': False, 'cmake_args': ['-DCMAKE_EXPORT_COMPILE_COMMANDS=ON'], 'cmake_clean_cache': False, 'cmake_clean_first': False, 'cmake_force_configure': False, 'cmake_target': None, 'cmake_target_skip_unavailable': False, 'install_base': '/home/yaohouyu/ros2_ws/install/iiwa_mujoco_viewer', 'merge_install': False, 'path': '/home/yaohouyu/ros2_ws/src/iiwa_mujoco_viewer', 'symlink_install': False, 'test_result_base': None}
[0.151s] INFO:colcon.colcon_core.executor:Executing jobs using 'parallel' executor
[0.152s] DEBUG:colcon.colcon_parallel_executor.executor.parallel:run_until_complete
[0.153s] INFO:colcon.colcon_ros.task.ament_cmake.build:Building ROS package in '/home/yaohouyu/ros2_ws/src/iiwa_mujoco_ros2' with build type 'ament_cmake'
[0.153s] INFO:colcon.colcon_cmake.task.cmake.build:Building CMake package in '/home/yaohouyu/ros2_ws/src/iiwa_mujoco_ros2'
[0.154s] INFO:colcon.colcon_core.plugin_system:Skipping extension 'colcon_core.shell.bat': Not used on non-Windows systems
[0.154s] INFO:colcon.colcon_core.shell:Skip shell extension 'powershell' for command environment: Not usable outside of PowerShell
[0.154s] DEBUG:colcon.colcon_core.shell:Skip shell extension 'dsv' for command environment
[0.156s] INFO:colcon.colcon_ros.task.ament_python.build:Building ROS package in '/home/yaohouyu/ros2_ws/src/iiwa_mujoco_viewer' with build type 'ament_python'
[0.157s] Level 1:colcon.colcon_core.shell:create_environment_hook('iiwa_mujoco_viewer', 'ament_prefix_path')
[0.157s] INFO:colcon.colcon_core.shell:Creating environment hook '/home/yaohouyu/ros2_ws/install/iiwa_mujoco_viewer/share/iiwa_mujoco_viewer/hook/ament_prefix_path.ps1'
[0.157s] INFO:colcon.colcon_core.shell:Creating environment descriptor '/home/yaohouyu/ros2_ws/install/iiwa_mujoco_viewer/share/iiwa_mujoco_viewer/hook/ament_prefix_path.dsv'
[0.157s] INFO:colcon.colcon_core.shell:Creating environment hook '/home/yaohouyu/ros2_ws/install/iiwa_mujoco_viewer/share/iiwa_mujoco_viewer/hook/ament_prefix_path.sh'
[0.158s] INFO:colcon.colcon_core.shell:Skip shell extension 'powershell' for command environment: Not usable outside of PowerShell
[0.158s] DEBUG:colcon.colcon_core.shell:Skip shell extension 'dsv' for command environment
[0.163s] DEBUG:colcon.colcon_core.event_handler.log_command:Invoking command in '/home/yaohouyu/ros2_ws/build/iiwa_mujoco_ros2': CMAKE_PREFIX_PATH=${CMAKE_PREFIX_PATH}:/home/yaohouyu/ros2_ws/install/iiwa_mujoco_viewer:/opt/ros/jazzy DEBUGINFOD_URLS=https://debuginfod.ubuntu.com /usr/bin/cmake /home/yaohouyu/ros2_ws/src/iiwa_mujoco_ros2 -DCMAKE_EXPORT_COMPILE_COMMANDS=ON -DCMAKE_INSTALL_PREFIX=/home/yaohouyu/ros2_ws/install/iiwa_mujoco_ros2
[0.291s] INFO:colcon.colcon_core.task.python.build:Building Python package in '/home/yaohouyu/ros2_ws/src/iiwa_mujoco_viewer'
[0.291s] INFO:colcon.colcon_core.shell:Skip shell extension 'powershell' for command environment: Not usable outside of PowerShell
[0.291s] DEBUG:colcon.colcon_core.shell:Skip shell extension 'dsv' for command environment
[0.624s] DEBUG:colcon.colcon_core.event_handler.log_command:Invoking command in '/home/yaohouyu/ros2_ws/src/iiwa_mujoco_viewer': DEBUGINFOD_URLS=https://debuginfod.ubuntu.com PYTHONPATH=/home/yaohouyu/ros2_ws/build/iiwa_mujoco_viewer/prefix_override:/usr/lib/python3/dist-packages/colcon_core/task/python/colcon_distutils_commands:/home/yaohouyu/ros2_ws/install/iiwa_mujoco_viewer/lib/python3.12/site-packages:${PYTHONPATH} /usr/bin/python3 -W ignore:setup.py install is deprecated -W ignore:easy_install command is deprecated setup.py egg_info --egg-base ../../build/iiwa_mujoco_viewer build --build-base /home/yaohouyu/ros2_ws/build/iiwa_mujoco_viewer/build install --record /home/yaohouyu/ros2_ws/build/iiwa_mujoco_viewer/install.log --single-version-externally-managed install_data
[0.902s] DEBUG:colcon.colcon_core.event_handler.log_command:Invoked command in '/home/yaohouyu/ros2_ws/build/iiwa_mujoco_ros2' returned '0': CMAKE_PREFIX_PATH=${CMAKE_PREFIX_PATH}:/home/yaohouyu/ros2_ws/install/iiwa_mujoco_viewer:/opt/ros/jazzy DEBUGINFOD_URLS=https://debuginfod.ubuntu.com /usr/bin/cmake /home/yaohouyu/ros2_ws/src/iiwa_mujoco_ros2 -DCMAKE_EXPORT_COMPILE_COMMANDS=ON -DCMAKE_INSTALL_PREFIX=/home/yaohouyu/ros2_ws/install/iiwa_mujoco_ros2
[0.903s] DEBUG:colcon.colcon_core.event_handler.log_command:Invoking command in '/home/yaohouyu/ros2_ws/build/iiwa_mujoco_ros2': CMAKE_PREFIX_PATH=${CMAKE_PREFIX_PATH}:/home/yaohouyu/ros2_ws/install/iiwa_mujoco_viewer:/opt/ros/jazzy DEBUGINFOD_URLS=https://debuginfod.ubuntu.com /usr/bin/cmake --build /home/yaohouyu/ros2_ws/build/iiwa_mujoco_ros2 -- -j6 -l6
[0.914s] DEBUG:colcon.colcon_core.event_handler.log_command:Invoked command in '/home/yaohouyu/ros2_ws/src/iiwa_mujoco_viewer' returned '0': DEBUGINFOD_URLS=https://debuginfod.ubuntu.com PYTHONPATH=/home/yaohouyu/ros2_ws/build/iiwa_mujoco_viewer/prefix_override:/usr/lib/python3/dist-packages/colcon_core/task/python/colcon_distutils_commands:/home/yaohouyu/ros2_ws/install/iiwa_mujoco_viewer/lib/python3.12/site-packages:${PYTHONPATH} /usr/bin/python3 -W ignore:setup.py install is deprecated -W ignore:easy_install command is deprecated setup.py egg_info --egg-base ../../build/iiwa_mujoco_viewer build --build-base /home/yaohouyu/ros2_ws/build/iiwa_mujoco_viewer/build install --record /home/yaohouyu/ros2_ws/build/iiwa_mujoco_viewer/install.log --single-version-externally-managed install_data
[0.916s] Level 1:colcon.colcon_core.environment:checking '/home/yaohouyu/ros2_ws/install/iiwa_mujoco_viewer' for CMake module files
[0.916s] Level 1:colcon.colcon_core.environment:checking '/home/yaohouyu/ros2_ws/install/iiwa_mujoco_viewer' for CMake config files
[0.916s] Level 1:colcon.colcon_core.environment:checking '/home/yaohouyu/ros2_ws/install/iiwa_mujoco_viewer/lib'
[0.916s] Level 1:colcon.colcon_core.environment:checking '/home/yaohouyu/ros2_ws/install/iiwa_mujoco_viewer/bin'
[0.916s] Level 1:colcon.colcon_core.environment:checking '/home/yaohouyu/ros2_ws/install/iiwa_mujoco_viewer/lib/pkgconfig/iiwa_mujoco_viewer.pc'
[0.916s] Level 1:colcon.colcon_core.environment:checking '/home/yaohouyu/ros2_ws/install/iiwa_mujoco_viewer/lib/python3.12/site-packages'
[0.917s] Level 1:colcon.colcon_core.shell:create_environment_hook('iiwa_mujoco_viewer', 'pythonpath')
[0.917s] INFO:colcon.colcon_core.shell:Creating environment hook '/home/yaohouyu/ros2_ws/install/iiwa_mujoco_viewer/share/iiwa_mujoco_viewer/hook/pythonpath.ps1'
[0.917s] INFO:colcon.colcon_core.shell:Creating environment descriptor '/home/yaohouyu/ros2_ws/install/iiwa_mujoco_viewer/share/iiwa_mujoco_viewer/hook/pythonpath.dsv'
[0.918s] INFO:colcon.colcon_core.shell:Creating environment hook '/home/yaohouyu/ros2_ws/install/iiwa_mujoco_viewer/share/iiwa_mujoco_viewer/hook/pythonpath.sh'
[0.918s] Level 1:colcon.colcon_core.environment:checking '/home/yaohouyu/ros2_ws/install/iiwa_mujoco_viewer/bin'
[0.918s] Level 1:colcon.colcon_core.environment:create_environment_scripts_only(iiwa_mujoco_viewer)
[0.918s] INFO:colcon.colcon_core.shell:Creating package script '/home/yaohouyu/ros2_ws/install/iiwa_mujoco_viewer/share/iiwa_mujoco_viewer/package.ps1'
[0.918s] INFO:colcon.colcon_core.shell:Creating package descriptor '/home/yaohouyu/ros2_ws/install/iiwa_mujoco_viewer/share/iiwa_mujoco_viewer/package.dsv'
[0.919s] INFO:colcon.colcon_core.shell:Creating package script '/home/yaohouyu/ros2_ws/install/iiwa_mujoco_viewer/share/iiwa_mujoco_viewer/package.sh'
[0.919s] INFO:colcon.colcon_core.shell:Creating package script '/home/yaohouyu/ros2_ws/install/iiwa_mujoco_viewer/share/iiwa_mujoco_viewer/package.bash'
[0.920s] INFO:colcon.colcon_core.shell:Creating package script '/home/yaohouyu/ros2_ws/install/iiwa_mujoco_viewer/share/iiwa_mujoco_viewer/package.zsh'
[0.920s] Level 1:colcon.colcon_core.environment:create_file_with_runtime_dependencies(/home/yaohouyu/ros2_ws/install/iiwa_mujoco_viewer/share/colcon-core/packages/iiwa_mujoco_viewer)
[3.975s] DEBUG:colcon.colcon_core.event_handler.log_command:Invoked command in '/home/yaohouyu/ros2_ws/build/iiwa_mujoco_ros2' returned '0': CMAKE_PREFIX_PATH=${CMAKE_PREFIX_PATH}:/home/yaohouyu/ros2_ws/install/iiwa_mujoco_viewer:/opt/ros/jazzy DEBUGINFOD_URLS=https://debuginfod.ubuntu.com /usr/bin/cmake --build /home/yaohouyu/ros2_ws/build/iiwa_mujoco_ros2 -- -j6 -l6
[3.981s] DEBUG:colcon.colcon_core.event_handler.log_command:Invoking command in '/home/yaohouyu/ros2_ws/build/iiwa_mujoco_ros2': CMAKE_PREFIX_PATH=${CMAKE_PREFIX_PATH}:/home/yaohouyu/ros2_ws/install/iiwa_mujoco_viewer:/opt/ros/jazzy DEBUGINFOD_URLS=https://debuginfod.ubuntu.com /usr/bin/cmake --install /home/yaohouyu/ros2_ws/build/iiwa_mujoco_ros2
[4.006s] Level 1:colcon.colcon_core.environment:create_environment_scripts_only(iiwa_mujoco_ros2)
[4.006s] Level 1:colcon.colcon_core.environment:checking '/home/yaohouyu/ros2_ws/install/iiwa_mujoco_ros2' for CMake module files
[4.007s] DEBUG:colcon.colcon_core.event_handler.log_command:Invoked command in '/home/yaohouyu/ros2_ws/build/iiwa_mujoco_ros2' returned '0': CMAKE_PREFIX_PATH=${CMAKE_PREFIX_PATH}:/home/yaohouyu/ros2_ws/install/iiwa_mujoco_viewer:/opt/ros/jazzy DEBUGINFOD_URLS=https://debuginfod.ubuntu.com /usr/bin/cmake --install /home/yaohouyu/ros2_ws/build/iiwa_mujoco_ros2
[4.007s] Level 1:colcon.colcon_core.environment:checking '/home/yaohouyu/ros2_ws/install/iiwa_mujoco_ros2' for CMake config files
[4.007s] Level 1:colcon.colcon_core.shell:create_environment_hook('iiwa_mujoco_ros2', 'cmake_prefix_path')
[4.007s] INFO:colcon.colcon_core.shell:Creating environment hook '/home/yaohouyu/ros2_ws/install/iiwa_mujoco_ros2/share/iiwa_mujoco_ros2/hook/cmake_prefix_path.ps1'
[4.007s] INFO:colcon.colcon_core.shell:Creating environment descriptor '/home/yaohouyu/ros2_ws/install/iiwa_mujoco_ros2/share/iiwa_mujoco_ros2/hook/cmake_prefix_path.dsv'
[4.007s] INFO:colcon.colcon_core.shell:Creating environment hook '/home/yaohouyu/ros2_ws/install/iiwa_mujoco_ros2/share/iiwa_mujoco_ros2/hook/cmake_prefix_path.sh'
[4.008s] Level 1:colcon.colcon_core.environment:checking '/home/yaohouyu/ros2_ws/install/iiwa_mujoco_ros2/lib'
[4.008s] Level 1:colcon.colcon_core.environment:checking '/home/yaohouyu/ros2_ws/install/iiwa_mujoco_ros2/bin'
[4.008s] Level 1:colcon.colcon_core.environment:checking '/home/yaohouyu/ros2_ws/install/iiwa_mujoco_ros2/lib/pkgconfig/iiwa_mujoco_ros2.pc'
[4.008s] Level 1:colcon.colcon_core.environment:checking '/home/yaohouyu/ros2_ws/install/iiwa_mujoco_ros2/lib/python3.12/site-packages'
[4.008s] Level 1:colcon.colcon_core.environment:checking '/home/yaohouyu/ros2_ws/install/iiwa_mujoco_ros2/bin'
[4.008s] INFO:colcon.colcon_core.shell:Creating package script '/home/yaohouyu/ros2_ws/install/iiwa_mujoco_ros2/share/iiwa_mujoco_ros2/package.ps1'
[4.008s] INFO:colcon.colcon_core.shell:Creating package descriptor '/home/yaohouyu/ros2_ws/install/iiwa_mujoco_ros2/share/iiwa_mujoco_ros2/package.dsv'
[4.009s] INFO:colcon.colcon_core.shell:Creating package script '/home/yaohouyu/ros2_ws/install/iiwa_mujoco_ros2/share/iiwa_mujoco_ros2/package.sh'
[4.009s] INFO:colcon.colcon_core.shell:Creating package script '/home/yaohouyu/ros2_ws/install/iiwa_mujoco_ros2/share/iiwa_mujoco_ros2/package.bash'
[4.009s] INFO:colcon.colcon_core.shell:Creating package script '/home/yaohouyu/ros2_ws/install/iiwa_mujoco_ros2/share/iiwa_mujoco_ros2/package.zsh'
[4.010s] Level 1:colcon.colcon_core.environment:create_file_with_runtime_dependencies(/home/yaohouyu/ros2_ws/install/iiwa_mujoco_ros2/share/colcon-core/packages/iiwa_mujoco_ros2)
[4.010s] Level 1:colcon.colcon_core.environment:create_environment_scripts_only(iiwa_mujoco_ros2)
[4.010s] Level 1:colcon.colcon_core.environment:checking '/home/yaohouyu/ros2_ws/install/iiwa_mujoco_ros2' for CMake module files
[4.010s] Level 1:colcon.colcon_core.environment:checking '/home/yaohouyu/ros2_ws/install/iiwa_mujoco_ros2' for CMake config files
[4.011s] Level 1:colcon.colcon_core.shell:create_environment_hook('iiwa_mujoco_ros2', 'cmake_prefix_path')
[4.011s] INFO:colcon.colcon_core.shell:Creating environment hook '/home/yaohouyu/ros2_ws/install/iiwa_mujoco_ros2/share/iiwa_mujoco_ros2/hook/cmake_prefix_path.ps1'
[4.011s] INFO:colcon.colcon_core.shell:Creating environment descriptor '/home/yaohouyu/ros2_ws/install/iiwa_mujoco_ros2/share/iiwa_mujoco_ros2/hook/cmake_prefix_path.dsv'
[4.011s] INFO:colcon.colcon_core.shell:Creating environment hook '/home/yaohouyu/ros2_ws/install/iiwa_mujoco_ros2/share/iiwa_mujoco_ros2/hook/cmake_prefix_path.sh'
[4.012s] Level 1:colcon.colcon_core.environment:checking '/home/yaohouyu/ros2_ws/install/iiwa_mujoco_ros2/lib'
[4.012s] Level 1:colcon.colcon_core.environment:checking '/home/yaohouyu/ros2_ws/install/iiwa_mujoco_ros2/bin'
[4.012s] Level 1:colcon.colcon_core.environment:checking '/home/yaohouyu/ros2_ws/install/iiwa_mujoco_ros2/lib/pkgconfig/iiwa_mujoco_ros2.pc'
[4.012s] Level 1:colcon.colcon_core.environment:checking '/home/yaohouyu/ros2_ws/install/iiwa_mujoco_ros2/lib/python3.12/site-packages'
[4.012s] Level 1:colcon.colcon_core.environment:checking '/home/yaohouyu/ros2_ws/install/iiwa_mujoco_ros2/bin'
[4.012s] INFO:colcon.colcon_core.shell:Creating package script '/home/yaohouyu/ros2_ws/install/iiwa_mujoco_ros2/share/iiwa_mujoco_ros2/package.ps1'
[4.012s] INFO:colcon.colcon_core.shell:Creating package descriptor '/home/yaohouyu/ros2_ws/install/iiwa_mujoco_ros2/share/iiwa_mujoco_ros2/package.dsv'
[4.013s] INFO:colcon.colcon_core.shell:Creating package script '/home/yaohouyu/ros2_ws/install/iiwa_mujoco_ros2/share/iiwa_mujoco_ros2/package.sh'
[4.013s] INFO:colcon.colcon_core.shell:Creating package script '/home/yaohouyu/ros2_ws/install/iiwa_mujoco_ros2/share/iiwa_mujoco_ros2/package.bash'
[4.013s] INFO:colcon.colcon_core.shell:Creating package script '/home/yaohouyu/ros2_ws/install/iiwa_mujoco_ros2/share/iiwa_mujoco_ros2/package.zsh'
[4.014s] Level 1:colcon.colcon_core.environment:create_file_with_runtime_dependencies(/home/yaohouyu/ros2_ws/install/iiwa_mujoco_ros2/share/colcon-core/packages/iiwa_mujoco_ros2)
[4.014s] DEBUG:colcon.colcon_parallel_executor.executor.parallel:closing loop
[4.014s] DEBUG:colcon.colcon_parallel_executor.executor.parallel:loop closed
[4.014s] DEBUG:colcon.colcon_parallel_executor.executor.parallel:run_until_complete finished with '0'
[4.014s] DEBUG:colcon.colcon_core.event_reactor:joining thread
[4.021s] INFO:colcon.colcon_core.plugin_system:Skipping extension 'colcon_notification.desktop_notification.terminal_notifier': Not used on non-Darwin systems
[4.021s] INFO:colcon.colcon_core.plugin_system:Skipping extension 'colcon_notification.desktop_notification.win32': Not used on non-Windows systems
[4.021s] INFO:colcon.colcon_notification.desktop_notification:Sending desktop notification using 'notify2'
[4.036s] DEBUG:colcon.colcon_core.event_reactor:joined thread
[4.036s] INFO:colcon.colcon_core.shell:Creating prefix script '/home/yaohouyu/ros2_ws/install/local_setup.ps1'
[4.036s] INFO:colcon.colcon_core.shell:Creating prefix util module '/home/yaohouyu/ros2_ws/install/_local_setup_util_ps1.py'
[4.037s] INFO:colcon.colcon_core.shell:Creating prefix chain script '/home/yaohouyu/ros2_ws/install/setup.ps1'
[4.037s] INFO:colcon.colcon_core.shell:Creating prefix script '/home/yaohouyu/ros2_ws/install/local_setup.sh'
[4.038s] INFO:colcon.colcon_core.shell:Creating prefix util module '/home/yaohouyu/ros2_ws/install/_local_setup_util_sh.py'
[4.038s] INFO:colcon.colcon_core.shell:Creating prefix chain script '/home/yaohouyu/ros2_ws/install/setup.sh'
[4.038s] INFO:colcon.colcon_core.shell:Creating prefix script '/home/yaohouyu/ros2_ws/install/local_setup.bash'
[4.039s] INFO:colcon.colcon_core.shell:Creating prefix chain script '/home/yaohouyu/ros2_ws/install/setup.bash'
[4.040s] INFO:colcon.colcon_core.shell:Creating prefix script '/home/yaohouyu/ros2_ws/install/local_setup.zsh'
[4.041s] INFO:colcon.colcon_core.shell:Creating prefix chain script '/home/yaohouyu/ros2_ws/install/setup.zsh'
