[0.613s] Invoking command in '/home/yaohouyu/ros2_ws/src/iiwa_mujoco_torque_viewer': DEBUGINFOD_URLS=https://debuginfod.ubuntu.com PYTHONPATH=/home/yaohouyu/ros2_ws/build/iiwa_mujoco_torque_viewer/prefix_override:/usr/lib/python3/dist-packages/colcon_core/task/python/colcon_distutils_commands:/home/yaohouyu/ros2_ws/install/iiwa_mujoco_torque_viewer/lib/python3.12/site-packages:${PYTHONPATH} /usr/bin/python3 -W ignore:setup.py install is deprecated -W ignore:easy_install command is deprecated setup.py egg_info --egg-base ../../build/iiwa_mujoco_torque_viewer build --build-base /home/yaohouyu/ros2_ws/build/iiwa_mujoco_torque_viewer/build install --record /home/yaohouyu/ros2_ws/build/iiwa_mujoco_torque_viewer/install.log --single-version-externally-managed install_data
[0.762s] running egg_info
[0.762s] creating ../../build/iiwa_mujoco_torque_viewer/iiwa_mujoco_torque_viewer.egg-info
[0.770s] writing ../../build/iiwa_mujoco_torque_viewer/iiwa_mujoco_torque_viewer.egg-info/PKG-INFO
[0.770s] writing dependency_links to ../../build/iiwa_mujoco_torque_viewer/iiwa_mujoco_torque_viewer.egg-info/dependency_links.txt
[0.770s] writing entry points to ../../build/iiwa_mujoco_torque_viewer/iiwa_mujoco_torque_viewer.egg-info/entry_points.txt
[0.770s] writing requirements to ../../build/iiwa_mujoco_torque_viewer/iiwa_mujoco_torque_viewer.egg-info/requires.txt
[0.770s] writing top-level names to ../../build/iiwa_mujoco_torque_viewer/iiwa_mujoco_torque_viewer.egg-info/top_level.txt
[0.770s] writing manifest file '../../build/iiwa_mujoco_torque_viewer/iiwa_mujoco_torque_viewer.egg-info/SOURCES.txt'
[0.789s] reading manifest file '../../build/iiwa_mujoco_torque_viewer/iiwa_mujoco_torque_viewer.egg-info/SOURCES.txt'
[0.790s] writing manifest file '../../build/iiwa_mujoco_torque_viewer/iiwa_mujoco_torque_viewer.egg-info/SOURCES.txt'
[0.790s] running build
[0.790s] running build_py
[0.790s] creating /home/yaohouyu/ros2_ws/build/iiwa_mujoco_torque_viewer/build
[0.790s] creating /home/yaohouyu/ros2_ws/build/iiwa_mujoco_torque_viewer/build/lib
[0.790s] creating /home/yaohouyu/ros2_ws/build/iiwa_mujoco_torque_viewer/build/lib/iiwa_mujoco_torque_viewer
[0.790s] copying iiwa_mujoco_torque_viewer/__init__.py -> /home/yaohouyu/ros2_ws/build/iiwa_mujoco_torque_viewer/build/lib/iiwa_mujoco_torque_viewer
[0.791s] copying iiwa_mujoco_torque_viewer/torque_viewer_node.py -> /home/yaohouyu/ros2_ws/build/iiwa_mujoco_torque_viewer/build/lib/iiwa_mujoco_torque_viewer
[0.791s] running install
[0.796s] running install_lib
[0.805s] creating /home/yaohouyu/ros2_ws/install/iiwa_mujoco_torque_viewer/lib/python3.12/site-packages/iiwa_mujoco_torque_viewer
[0.805s] copying /home/yaohouyu/ros2_ws/build/iiwa_mujoco_torque_viewer/build/lib/iiwa_mujoco_torque_viewer/__init__.py -> /home/yaohouyu/ros2_ws/install/iiwa_mujoco_torque_viewer/lib/python3.12/site-packages/iiwa_mujoco_torque_viewer
[0.805s] copying /home/yaohouyu/ros2_ws/build/iiwa_mujoco_torque_viewer/build/lib/iiwa_mujoco_torque_viewer/torque_viewer_node.py -> /home/yaohouyu/ros2_ws/install/iiwa_mujoco_torque_viewer/lib/python3.12/site-packages/iiwa_mujoco_torque_viewer
[0.806s] byte-compiling /home/yaohouyu/ros2_ws/install/iiwa_mujoco_torque_viewer/lib/python3.12/site-packages/iiwa_mujoco_torque_viewer/__init__.py to __init__.cpython-312.pyc
[0.806s] byte-compiling /home/yaohouyu/ros2_ws/install/iiwa_mujoco_torque_viewer/lib/python3.12/site-packages/iiwa_mujoco_torque_viewer/torque_viewer_node.py to torque_viewer_node.cpython-312.pyc
[0.806s] running install_data
[0.806s] creating /home/yaohouyu/ros2_ws/install/iiwa_mujoco_torque_viewer/share/ament_index
[0.807s] creating /home/yaohouyu/ros2_ws/install/iiwa_mujoco_torque_viewer/share/ament_index/resource_index
[0.807s] creating /home/yaohouyu/ros2_ws/install/iiwa_mujoco_torque_viewer/share/ament_index/resource_index/packages
[0.807s] copying resource/iiwa_mujoco_torque_viewer -> /home/yaohouyu/ros2_ws/install/iiwa_mujoco_torque_viewer/share/ament_index/resource_index/packages
[0.807s] copying package.xml -> /home/yaohouyu/ros2_ws/install/iiwa_mujoco_torque_viewer/share/iiwa_mujoco_torque_viewer
[0.809s] running install_egg_info
[0.821s] Copying ../../build/iiwa_mujoco_torque_viewer/iiwa_mujoco_torque_viewer.egg-info to /home/yaohouyu/ros2_ws/install/iiwa_mujoco_torque_viewer/lib/python3.12/site-packages/iiwa_mujoco_torque_viewer-0.0.0-py3.12.egg-info
[0.821s] running install_scripts
[0.890s] Installing torque_viewer script to /home/yaohouyu/ros2_ws/install/iiwa_mujoco_torque_viewer/lib/iiwa_mujoco_torque_viewer
[0.891s] writing list of installed files to '/home/yaohouyu/ros2_ws/build/iiwa_mujoco_torque_viewer/install.log'
[0.910s] Invoked command in '/home/yaohouyu/ros2_ws/src/iiwa_mujoco_torque_viewer' returned '0': DEBUGINFOD_URLS=https://debuginfod.ubuntu.com PYTHONPATH=/home/yaohouyu/ros2_ws/build/iiwa_mujoco_torque_viewer/prefix_override:/usr/lib/python3/dist-packages/colcon_core/task/python/colcon_distutils_commands:/home/yaohouyu/ros2_ws/install/iiwa_mujoco_torque_viewer/lib/python3.12/site-packages:${PYTHONPATH} /usr/bin/python3 -W ignore:setup.py install is deprecated -W ignore:easy_install command is deprecated setup.py egg_info --egg-base ../../build/iiwa_mujoco_torque_viewer build --build-base /home/yaohouyu/ros2_ws/build/iiwa_mujoco_torque_viewer/build install --record /home/yaohouyu/ros2_ws/build/iiwa_mujoco_torque_viewer/install.log --single-version-externally-managed install_data
