[ 50%] Built target hello
[100%] Built target iiwa_joint_publisher
-- Install configuration: ""
-- Up-to-date: /home/yaohouyu/ros2_ws/install/iiwa_mujoco_ros2/lib/iiwa_mujoco_ros2/hello
-- Up-to-date: /home/yaohouyu/ros2_ws/install/iiwa_mujoco_ros2/lib/iiwa_mujoco_ros2/iiwa_joint_publisher
-- Up-to-date: /home/yaohouyu/ros2_ws/install/iiwa_mujoco_ros2/share/ament_index/resource_index/package_run_dependencies/iiwa_mujoco_ros2
-- Up-to-date: /home/yaohouyu/ros2_ws/install/iiwa_mujoco_ros2/share/ament_index/resource_index/parent_prefix_path/iiwa_mujoco_ros2
-- Up-to-date: /home/yaohouyu/ros2_ws/install/iiwa_mujoco_ros2/share/iiwa_mujoco_ros2/environment/ament_prefix_path.sh
-- Up-to-date: /home/yaohouyu/ros2_ws/install/iiwa_mujoco_ros2/share/iiwa_mujoco_ros2/environment/ament_prefix_path.dsv
-- Up-to-date: /home/yaohouyu/ros2_ws/install/iiwa_mujoco_ros2/share/iiwa_mujoco_ros2/environment/path.sh
-- Up-to-date: /home/yaohouyu/ros2_ws/install/iiwa_mujoco_ros2/share/iiwa_mujoco_ros2/environment/path.dsv
-- Up-to-date: /home/yaohouyu/ros2_ws/install/iiwa_mujoco_ros2/share/iiwa_mujoco_ros2/local_setup.bash
-- Up-to-date: /home/yaohouyu/ros2_ws/install/iiwa_mujoco_ros2/share/iiwa_mujoco_ros2/local_setup.sh
-- Up-to-date: /home/yaohouyu/ros2_ws/install/iiwa_mujoco_ros2/share/iiwa_mujoco_ros2/local_setup.zsh
-- Up-to-date: /home/yaohouyu/ros2_ws/install/iiwa_mujoco_ros2/share/iiwa_mujoco_ros2/local_setup.dsv
-- Installing: /home/yaohouyu/ros2_ws/install/iiwa_mujoco_ros2/share/iiwa_mujoco_ros2/package.dsv
-- Up-to-date: /home/yaohouyu/ros2_ws/install/iiwa_mujoco_ros2/share/ament_index/resource_index/packages/iiwa_mujoco_ros2
-- Up-to-date: /home/yaohouyu/ros2_ws/install/iiwa_mujoco_ros2/share/iiwa_mujoco_ros2/cmake/iiwa_mujoco_ros2Config.cmake
-- Up-to-date: /home/yaohouyu/ros2_ws/install/iiwa_mujoco_ros2/share/iiwa_mujoco_ros2/cmake/iiwa_mujoco_ros2Config-version.cmake
-- Up-to-date: /home/yaohouyu/ros2_ws/install/iiwa_mujoco_ros2/share/iiwa_mujoco_ros2/package.xml
