[0.011s] Invoking command in '/home/yaohouyu/ros2_ws/build/iiwa_mujoco_ros2': CMAKE_PREFIX_PATH=${CMAKE_PREFIX_PATH}:/opt/ros/jazzy DEBUGINFOD_URLS=https://debuginfod.ubuntu.com /usr/bin/cmake --build /home/yaohouyu/ros2_ws/build/iiwa_mujoco_ros2 -- -j6 -l6
[0.057s] [ 50%] Built target hello
[0.058s] [100%] Built target iiwa_joint_publisher
[0.143s] Invoked command in '/home/yaohouyu/ros2_ws/build/iiwa_mujoco_ros2' returned '0': CMAKE_PREFIX_PATH=${CMAKE_PREFIX_PATH}:/opt/ros/jazzy DEBUGINFOD_URLS=https://debuginfod.ubuntu.com /usr/bin/cmake --build /home/yaohouyu/ros2_ws/build/iiwa_mujoco_ros2 -- -j6 -l6
[0.150s] Invoking command in '/home/yaohouyu/ros2_ws/build/iiwa_mujoco_ros2': CMAKE_PREFIX_PATH=${CMAKE_PREFIX_PATH}:/opt/ros/jazzy DEBUGINFOD_URLS=https://debuginfod.ubuntu.com /usr/bin/cmake --install /home/yaohouyu/ros2_ws/build/iiwa_mujoco_ros2
[0.155s] -- Install configuration: ""
[0.155s] -- Up-to-date: /home/yaohouyu/ros2_ws/install/iiwa_mujoco_ros2/lib/iiwa_mujoco_ros2/hello
[0.155s] -- Up-to-date: /home/yaohouyu/ros2_ws/install/iiwa_mujoco_ros2/lib/iiwa_mujoco_ros2/iiwa_joint_publisher
[0.155s] -- Up-to-date: /home/yaohouyu/ros2_ws/install/iiwa_mujoco_ros2/share/ament_index/resource_index/package_run_dependencies/iiwa_mujoco_ros2
[0.155s] -- Up-to-date: /home/yaohouyu/ros2_ws/install/iiwa_mujoco_ros2/share/ament_index/resource_index/parent_prefix_path/iiwa_mujoco_ros2
[0.155s] -- Up-to-date: /home/yaohouyu/ros2_ws/install/iiwa_mujoco_ros2/share/iiwa_mujoco_ros2/environment/ament_prefix_path.sh
[0.155s] -- Up-to-date: /home/yaohouyu/ros2_ws/install/iiwa_mujoco_ros2/share/iiwa_mujoco_ros2/environment/ament_prefix_path.dsv
[0.155s] -- Up-to-date: /home/yaohouyu/ros2_ws/install/iiwa_mujoco_ros2/share/iiwa_mujoco_ros2/environment/path.sh
[0.155s] -- Up-to-date: /home/yaohouyu/ros2_ws/install/iiwa_mujoco_ros2/share/iiwa_mujoco_ros2/environment/path.dsv
[0.155s] -- Up-to-date: /home/yaohouyu/ros2_ws/install/iiwa_mujoco_ros2/share/iiwa_mujoco_ros2/local_setup.bash
[0.156s] -- Up-to-date: /home/yaohouyu/ros2_ws/install/iiwa_mujoco_ros2/share/iiwa_mujoco_ros2/local_setup.sh
[0.156s] -- Up-to-date: /home/yaohouyu/ros2_ws/install/iiwa_mujoco_ros2/share/iiwa_mujoco_ros2/local_setup.zsh
[0.156s] -- Up-to-date: /home/yaohouyu/ros2_ws/install/iiwa_mujoco_ros2/share/iiwa_mujoco_ros2/local_setup.dsv
[0.156s] -- Installing: /home/yaohouyu/ros2_ws/install/iiwa_mujoco_ros2/share/iiwa_mujoco_ros2/package.dsv
[0.156s] -- Up-to-date: /home/yaohouyu/ros2_ws/install/iiwa_mujoco_ros2/share/ament_index/resource_index/packages/iiwa_mujoco_ros2
[0.156s] -- Up-to-date: /home/yaohouyu/ros2_ws/install/iiwa_mujoco_ros2/share/iiwa_mujoco_ros2/cmake/iiwa_mujoco_ros2Config.cmake
[0.156s] -- Up-to-date: /home/yaohouyu/ros2_ws/install/iiwa_mujoco_ros2/share/iiwa_mujoco_ros2/cmake/iiwa_mujoco_ros2Config-version.cmake
[0.156s] -- Up-to-date: /home/yaohouyu/ros2_ws/install/iiwa_mujoco_ros2/share/iiwa_mujoco_ros2/package.xml
[0.157s] Invoked command in '/home/yaohouyu/ros2_ws/build/iiwa_mujoco_ros2' returned '0': CMAKE_PREFIX_PATH=${CMAKE_PREFIX_PATH}:/opt/ros/jazzy DEBUGINFOD_URLS=https://debuginfod.ubuntu.com /usr/bin/cmake --install /home/yaohouyu/ros2_ws/build/iiwa_mujoco_ros2
