[0.011s] Invoking command in '/home/yaohouyu/ros2_mujoco_ws/build/iiwa_mujoco_ros2': CMAKE_PREFIX_PATH=${CMAKE_PREFIX_PATH}:/opt/ros/jazzy DEBUGINFOD_URLS=https://debuginfod.ubuntu.com /usr/bin/cmake /home/yaohouyu/ros2_mujoco_ws/src/iiwa_mujoco_ros2 -DCMAKE_INSTALL_PREFIX=/home/yaohouyu/ros2_mujoco_ws/install/iiwa_mujoco_ros2
[0.063s] -- The C compiler identification is GNU 13.3.0
[0.098s] -- The CXX compiler identification is GNU 13.3.0
[0.109s] -- Detecting C compiler ABI info
[0.176s] -- Detecting C compiler ABI info - done
[0.182s] -- Check for working C compiler: /usr/bin/cc - skipped
[0.182s] -- Detecting C compile features
[0.182s] -- Detecting C compile features - done
[0.187s] -- Detecting CXX compiler ABI info
[0.258s] -- Detecting CXX compiler ABI info - done
[0.262s] -- Check for working CXX compiler: /usr/bin/c++ - skipped
[0.262s] -- Detecting CXX compile features
[0.262s] -- Detecting CXX compile features - done
[0.264s] -- Found ament_cmake: 2.5.4 (/opt/ros/jazzy/share/ament_cmake/cmake)
[0.353s] -- Found Python3: /usr/bin/python3 (found version "3.12.3") found components: Interpreter 
[0.412s] -- Found rclcpp: 28.1.13 (/opt/ros/jazzy/share/rclcpp/cmake)
[0.434s] -- Found rosidl_generator_c: 4.6.6 (/opt/ros/jazzy/share/rosidl_generator_c/cmake)
[0.443s] -- Found rosidl_generator_cpp: 4.6.6 (/opt/ros/jazzy/share/rosidl_generator_cpp/cmake)
[0.452s] -- Using all available rosidl_typesupport_c: rosidl_typesupport_fastrtps_c;rosidl_typesupport_introspection_c
[0.462s] -- Using all available rosidl_typesupport_cpp: rosidl_typesupport_fastrtps_cpp;rosidl_typesupport_introspection_cpp
[0.507s] -- Found rmw_implementation_cmake: 7.3.2 (/opt/ros/jazzy/share/rmw_implementation_cmake/cmake)
[0.508s] -- Found rmw_fastrtps_cpp: 8.4.3 (/opt/ros/jazzy/share/rmw_fastrtps_cpp/cmake)
[0.560s] -- Found OpenSSL: /usr/lib/x86_64-linux-gnu/libcrypto.so (found version "3.0.13")  
[0.577s] -- Found FastRTPS: /opt/ros/jazzy/include (Required is at least version "2.13") 
[0.593s] -- Using RMW implementation 'rmw_fastrtps_cpp' as default
[0.646s] -- Found sensor_msgs: 5.3.6 (/opt/ros/jazzy/share/sensor_msgs/cmake)
[0.685s] -- Found ament_lint_auto: 0.17.3 (/opt/ros/jazzy/share/ament_lint_auto/cmake)
[0.756s] -- Added test 'cppcheck' to perform static code analysis on C / C++ code
[0.756s] -- Configured cppcheck include dirs: 
[0.756s] -- Configured cppcheck exclude dirs and/or files: 
[0.756s] -- Added test 'flake8' to check Python code syntax and style conventions
[0.756s] -- Configured 'flake8' exclude dirs and/or files: 
[0.757s] -- Added test 'lint_cmake' to check CMake code style
[0.757s] -- Added test 'pep257' to check Python code against some of the docstring style conventions in PEP 257
[0.758s] -- Added test 'uncrustify' to check C / C++ code style
[0.758s] -- Configured uncrustify additional arguments: 
[0.760s] -- Added test 'xmllint' to check XML markup files
[0.760s] -- Configuring done (0.7s)
[0.770s] -- Generating done (0.0s)
[0.774s] -- Build files have been written to: /home/yaohouyu/ros2_mujoco_ws/build/iiwa_mujoco_ros2
[0.783s] Invoked command in '/home/yaohouyu/ros2_mujoco_ws/build/iiwa_mujoco_ros2' returned '0': CMAKE_PREFIX_PATH=${CMAKE_PREFIX_PATH}:/opt/ros/jazzy DEBUGINFOD_URLS=https://debuginfod.ubuntu.com /usr/bin/cmake /home/yaohouyu/ros2_mujoco_ws/src/iiwa_mujoco_ros2 -DCMAKE_INSTALL_PREFIX=/home/yaohouyu/ros2_mujoco_ws/install/iiwa_mujoco_ros2
[0.784s] Invoking command in '/home/yaohouyu/ros2_mujoco_ws/build/iiwa_mujoco_ros2': CMAKE_PREFIX_PATH=${CMAKE_PREFIX_PATH}:/opt/ros/jazzy DEBUGINFOD_URLS=https://debuginfod.ubuntu.com /usr/bin/cmake --build /home/yaohouyu/ros2_mujoco_ws/build/iiwa_mujoco_ros2 -- -j6 -l6
[0.833s] [ 25%] [32mBuilding CXX object CMakeFiles/hello.dir/src/hello.cpp.o[0m
[0.838s] [ 50%] [32mBuilding CXX object CMakeFiles/iiwa_joint_publisher.dir/src/joint_publisher.cpp.o[0m
[3.397s] [ 75%] [32m[1mLinking CXX executable hello[0m
[3.490s] [ 75%] Built target hello
[4.936s] [100%] [32m[1mLinking CXX executable iiwa_joint_publisher[0m
[5.082s] [100%] Built target iiwa_joint_publisher
[5.099s] Invoked command in '/home/yaohouyu/ros2_mujoco_ws/build/iiwa_mujoco_ros2' returned '0': CMAKE_PREFIX_PATH=${CMAKE_PREFIX_PATH}:/opt/ros/jazzy DEBUGINFOD_URLS=https://debuginfod.ubuntu.com /usr/bin/cmake --build /home/yaohouyu/ros2_mujoco_ws/build/iiwa_mujoco_ros2 -- -j6 -l6
[5.110s] Invoking command in '/home/yaohouyu/ros2_mujoco_ws/build/iiwa_mujoco_ros2': CMAKE_PREFIX_PATH=${CMAKE_PREFIX_PATH}:/opt/ros/jazzy DEBUGINFOD_URLS=https://debuginfod.ubuntu.com /usr/bin/cmake --install /home/yaohouyu/ros2_mujoco_ws/build/iiwa_mujoco_ros2
[5.118s] -- Install configuration: ""
[5.118s] -- Installing: /home/yaohouyu/ros2_mujoco_ws/install/iiwa_mujoco_ros2/lib/iiwa_mujoco_ros2/hello
[5.118s] -- Set non-toolchain portion of runtime path of "/home/yaohouyu/ros2_mujoco_ws/install/iiwa_mujoco_ros2/lib/iiwa_mujoco_ros2/hello" to ""
[5.118s] -- Installing: /home/yaohouyu/ros2_mujoco_ws/install/iiwa_mujoco_ros2/lib/iiwa_mujoco_ros2/iiwa_joint_publisher
[5.119s] -- Set non-toolchain portion of runtime path of "/home/yaohouyu/ros2_mujoco_ws/install/iiwa_mujoco_ros2/lib/iiwa_mujoco_ros2/iiwa_joint_publisher" to ""
[5.119s] -- Installing: /home/yaohouyu/ros2_mujoco_ws/install/iiwa_mujoco_ros2/share/iiwa_mujoco_ros2/models
[5.119s] -- Installing: /home/yaohouyu/ros2_mujoco_ws/install/iiwa_mujoco_ros2/share/iiwa_mujoco_ros2/models/scene2.xml
[5.120s] -- Installing: /home/yaohouyu/ros2_mujoco_ws/install/iiwa_mujoco_ros2/share/iiwa_mujoco_ros2/models/README.md
[5.120s] -- Installing: /home/yaohouyu/ros2_mujoco_ws/install/iiwa_mujoco_ros2/share/iiwa_mujoco_ros2/models/scene.xml
[5.120s] -- Installing: /home/yaohouyu/ros2_mujoco_ws/install/iiwa_mujoco_ros2/share/iiwa_mujoco_ros2/models/assets
[5.120s] -- Installing: /home/yaohouyu/ros2_mujoco_ws/install/iiwa_mujoco_ros2/share/iiwa_mujoco_ros2/models/assets/link_5.obj
[5.120s] -- Installing: /home/yaohouyu/ros2_mujoco_ws/install/iiwa_mujoco_ros2/share/iiwa_mujoco_ros2/models/assets/band.obj
[5.120s] -- Installing: /home/yaohouyu/ros2_mujoco_ws/install/iiwa_mujoco_ros2/share/iiwa_mujoco_ros2/models/assets/link_6_orange.obj
[5.121s] -- Installing: /home/yaohouyu/ros2_mujoco_ws/install/iiwa_mujoco_ros2/share/iiwa_mujoco_ros2/models/assets/kuka.obj
[5.121s] -- Installing: /home/yaohouyu/ros2_mujoco_ws/install/iiwa_mujoco_ros2/share/iiwa_mujoco_ros2/models/assets/link_0.obj
[5.122s] -- Installing: /home/yaohouyu/ros2_mujoco_ws/install/iiwa_mujoco_ros2/share/iiwa_mujoco_ros2/models/assets/link_4_orange.obj
[5.124s] -- Installing: /home/yaohouyu/ros2_mujoco_ws/install/iiwa_mujoco_ros2/share/iiwa_mujoco_ros2/models/assets/link_3.obj
[5.124s] -- Installing: /home/yaohouyu/ros2_mujoco_ws/install/iiwa_mujoco_ros2/share/iiwa_mujoco_ros2/models/assets/link_2_orange.obj
[5.124s] -- Installing: /home/yaohouyu/ros2_mujoco_ws/install/iiwa_mujoco_ros2/share/iiwa_mujoco_ros2/models/assets/link_7.obj
[5.127s] -- Installing: /home/yaohouyu/ros2_mujoco_ws/install/iiwa_mujoco_ros2/share/iiwa_mujoco_ros2/models/assets/link_2_grey.obj
[5.131s] -- Installing: /home/yaohouyu/ros2_mujoco_ws/install/iiwa_mujoco_ros2/share/iiwa_mujoco_ros2/models/assets/link_6_grey.obj
[5.131s] -- Installing: /home/yaohouyu/ros2_mujoco_ws/install/iiwa_mujoco_ros2/share/iiwa_mujoco_ros2/models/assets/link_1.obj
[5.134s] -- Installing: /home/yaohouyu/ros2_mujoco_ws/install/iiwa_mujoco_ros2/share/iiwa_mujoco_ros2/models/assets/link_4_grey.obj
[5.135s] -- Installing: /home/yaohouyu/ros2_mujoco_ws/install/iiwa_mujoco_ros2/share/iiwa_mujoco_ros2/models/iiwa14.xml
[5.136s] -- Installing: /home/yaohouyu/ros2_mujoco_ws/install/iiwa_mujoco_ros2/share/iiwa_mujoco_ros2/models/CHANGELOG.md
[5.136s] -- Installing: /home/yaohouyu/ros2_mujoco_ws/install/iiwa_mujoco_ros2/share/iiwa_mujoco_ros2/models/LICENSE
[5.136s] -- Installing: /home/yaohouyu/ros2_mujoco_ws/install/iiwa_mujoco_ros2/share/iiwa_mujoco_ros2/models/iiwa_14.png
[5.141s] -- Installing: /home/yaohouyu/ros2_mujoco_ws/install/iiwa_mujoco_ros2/share/iiwa_mujoco_ros2/launch
[5.141s] -- Installing: /home/yaohouyu/ros2_mujoco_ws/install/iiwa_mujoco_ros2/share/iiwa_mujoco_ros2/launch/simulation.launch.py
[5.144s] -- Installing: /home/yaohouyu/ros2_mujoco_ws/install/iiwa_mujoco_ros2/share/ament_index/resource_index/package_run_dependencies/iiwa_mujoco_ros2
[5.145s] -- Installing: /home/yaohouyu/ros2_mujoco_ws/install/iiwa_mujoco_ros2/share/ament_index/resource_index/parent_prefix_path/iiwa_mujoco_ros2
[5.145s] -- Installing: /home/yaohouyu/ros2_mujoco_ws/install/iiwa_mujoco_ros2/share/iiwa_mujoco_ros2/environment/ament_prefix_path.sh
[5.145s] -- Installing: /home/yaohouyu/ros2_mujoco_ws/install/iiwa_mujoco_ros2/share/iiwa_mujoco_ros2/environment/ament_prefix_path.dsv
[5.145s] -- Installing: /home/yaohouyu/ros2_mujoco_ws/install/iiwa_mujoco_ros2/share/iiwa_mujoco_ros2/environment/path.sh
[5.145s] -- Installing: /home/yaohouyu/ros2_mujoco_ws/install/iiwa_mujoco_ros2/share/iiwa_mujoco_ros2/environment/path.dsv
[5.145s] -- Installing: /home/yaohouyu/ros2_mujoco_ws/install/iiwa_mujoco_ros2/share/iiwa_mujoco_ros2/local_setup.bash
[5.145s] -- Installing: /home/yaohouyu/ros2_mujoco_ws/install/iiwa_mujoco_ros2/share/iiwa_mujoco_ros2/local_setup.sh
[5.145s] -- Installing: /home/yaohouyu/ros2_mujoco_ws/install/iiwa_mujoco_ros2/share/iiwa_mujoco_ros2/local_setup.zsh
[5.145s] -- Installing: /home/yaohouyu/ros2_mujoco_ws/install/iiwa_mujoco_ros2/share/iiwa_mujoco_ros2/local_setup.dsv
[5.145s] -- Installing: /home/yaohouyu/ros2_mujoco_ws/install/iiwa_mujoco_ros2/share/iiwa_mujoco_ros2/package.dsv
[5.145s] -- Installing: /home/yaohouyu/ros2_mujoco_ws/install/iiwa_mujoco_ros2/share/ament_index/resource_index/packages/iiwa_mujoco_ros2
[5.145s] -- Installing: /home/yaohouyu/ros2_mujoco_ws/install/iiwa_mujoco_ros2/share/iiwa_mujoco_ros2/cmake/iiwa_mujoco_ros2Config.cmake
[5.145s] -- Installing: /home/yaohouyu/ros2_mujoco_ws/install/iiwa_mujoco_ros2/share/iiwa_mujoco_ros2/cmake/iiwa_mujoco_ros2Config-version.cmake
[5.145s] -- Installing: /home/yaohouyu/ros2_mujoco_ws/install/iiwa_mujoco_ros2/share/iiwa_mujoco_ros2/package.xml
[5.147s] Invoked command in '/home/yaohouyu/ros2_mujoco_ws/build/iiwa_mujoco_ros2' returned '0': CMAKE_PREFIX_PATH=${CMAKE_PREFIX_PATH}:/opt/ros/jazzy DEBUGINFOD_URLS=https://debuginfod.ubuntu.com /usr/bin/cmake --install /home/yaohouyu/ros2_mujoco_ws/build/iiwa_mujoco_ros2
