[0.011s] Invoking command in '/home/yaohouyu/ros2_mujoco_ws/build/iiwa_mujoco_ros2': CMAKE_PREFIX_PATH=${CMAKE_PREFIX_PATH}:/opt/ros/jazzy DEBUGINFOD_URLS=https://debuginfod.ubuntu.com /usr/bin/cmake /home/yaohouyu/ros2_mujoco_ws/src/iiwa_mujoco_ros2 -DCMAKE_INSTALL_PREFIX=/home/yaohouyu/ros2_mujoco_ws/install/iiwa_mujoco_ros2
[0.055s] -- The C compiler identification is GNU 13.3.0
[0.089s] -- The CXX compiler identification is GNU 13.3.0
[0.101s] -- Detecting C compiler ABI info
[0.160s] -- Detecting C compiler ABI info - done
[0.165s] -- Check for working C compiler: /usr/bin/cc - skipped
[0.165s] -- Detecting C compile features
[0.165s] -- Detecting C compile features - done
[0.171s] -- Detecting CXX compiler ABI info
[0.232s] -- Detecting CXX compiler ABI info - done
[0.239s] -- Check for working CXX compiler: /usr/bin/c++ - skipped
[0.239s] -- Detecting CXX compile features
[0.239s] -- Detecting CXX compile features - done
[0.240s] -- Found ament_cmake: 2.5.4 (/opt/ros/jazzy/share/ament_cmake/cmake)
[0.330s] -- Found Python3: /usr/bin/python3 (found version "3.12.3") found components: Interpreter 
[0.392s] -- Found rclcpp: 28.1.13 (/opt/ros/jazzy/share/rclcpp/cmake)
[0.414s] -- Found rosidl_generator_c: 4.6.6 (/opt/ros/jazzy/share/rosidl_generator_c/cmake)
[0.421s] -- Found rosidl_generator_cpp: 4.6.6 (/opt/ros/jazzy/share/rosidl_generator_cpp/cmake)
[0.430s] -- Using all available rosidl_typesupport_c: rosidl_typesupport_fastrtps_c;rosidl_typesupport_introspection_c
[0.440s] -- Using all available rosidl_typesupport_cpp: rosidl_typesupport_fastrtps_cpp;rosidl_typesupport_introspection_cpp
[0.487s] -- Found rmw_implementation_cmake: 7.3.2 (/opt/ros/jazzy/share/rmw_implementation_cmake/cmake)
[0.489s] -- Found rmw_fastrtps_cpp: 8.4.3 (/opt/ros/jazzy/share/rmw_fastrtps_cpp/cmake)
[0.540s] -- Found OpenSSL: /usr/lib/x86_64-linux-gnu/libcrypto.so (found version "3.0.13")  
[0.553s] -- Found FastRTPS: /opt/ros/jazzy/include (Required is at least version "2.13") 
[0.567s] -- Using RMW implementation 'rmw_fastrtps_cpp' as default
[0.611s] -- Found sensor_msgs: 5.3.6 (/opt/ros/jazzy/share/sensor_msgs/cmake)
[0.653s] -- Found ament_lint_auto: 0.17.3 (/opt/ros/jazzy/share/ament_lint_auto/cmake)
[0.725s] -- Added test 'cppcheck' to perform static code analysis on C / C++ code
[0.725s] -- Configured cppcheck include dirs: 
[0.725s] -- Configured cppcheck exclude dirs and/or files: 
[0.725s] -- Added test 'flake8' to check Python code syntax and style conventions
[0.726s] -- Configured 'flake8' exclude dirs and/or files: 
[0.726s] -- Added test 'lint_cmake' to check CMake code style
[0.726s] -- Added test 'pep257' to check Python code against some of the docstring style conventions in PEP 257
[0.727s] -- Added test 'uncrustify' to check C / C++ code style
[0.727s] -- Configured uncrustify additional arguments: 
[0.727s] -- Added test 'xmllint' to check XML markup files
[0.728s] -- Configuring done (0.7s)
[0.739s] -- Generating done (0.0s)
[0.743s] -- Build files have been written to: /home/yaohouyu/ros2_mujoco_ws/build/iiwa_mujoco_ros2
[0.751s] Invoked command in '/home/yaohouyu/ros2_mujoco_ws/build/iiwa_mujoco_ros2' returned '0': CMAKE_PREFIX_PATH=${CMAKE_PREFIX_PATH}:/opt/ros/jazzy DEBUGINFOD_URLS=https://debuginfod.ubuntu.com /usr/bin/cmake /home/yaohouyu/ros2_mujoco_ws/src/iiwa_mujoco_ros2 -DCMAKE_INSTALL_PREFIX=/home/yaohouyu/ros2_mujoco_ws/install/iiwa_mujoco_ros2
[0.752s] Invoking command in '/home/yaohouyu/ros2_mujoco_ws/build/iiwa_mujoco_ros2': CMAKE_PREFIX_PATH=${CMAKE_PREFIX_PATH}:/opt/ros/jazzy DEBUGINFOD_URLS=https://debuginfod.ubuntu.com /usr/bin/cmake --build /home/yaohouyu/ros2_mujoco_ws/build/iiwa_mujoco_ros2 -- -j6 -l6
[0.784s] [ 50%] [32mBuilding CXX object CMakeFiles/iiwa_joint_publisher.dir/src/joint_publisher.cpp.o[0m
[0.784s] [ 50%] [32mBuilding CXX object CMakeFiles/hello.dir/src/hello.cpp.o[0m
[3.035s] [ 75%] [32m[1mLinking CXX executable hello[0m
[3.123s] [ 75%] Built target hello
[4.209s] [100%] [32m[1mLinking CXX executable iiwa_joint_publisher[0m
[4.367s] [100%] Built target iiwa_joint_publisher
[4.380s] Invoked command in '/home/yaohouyu/ros2_mujoco_ws/build/iiwa_mujoco_ros2' returned '0': CMAKE_PREFIX_PATH=${CMAKE_PREFIX_PATH}:/opt/ros/jazzy DEBUGINFOD_URLS=https://debuginfod.ubuntu.com /usr/bin/cmake --build /home/yaohouyu/ros2_mujoco_ws/build/iiwa_mujoco_ros2 -- -j6 -l6
[4.380s] Invoking command in '/home/yaohouyu/ros2_mujoco_ws/build/iiwa_mujoco_ros2': CMAKE_PREFIX_PATH=${CMAKE_PREFIX_PATH}:/opt/ros/jazzy DEBUGINFOD_URLS=https://debuginfod.ubuntu.com /usr/bin/cmake --install /home/yaohouyu/ros2_mujoco_ws/build/iiwa_mujoco_ros2
[4.386s] -- Install configuration: ""
[4.386s] -- Installing: /home/yaohouyu/ros2_mujoco_ws/install/iiwa_mujoco_ros2/lib/iiwa_mujoco_ros2/hello
[4.387s] -- Set non-toolchain portion of runtime path of "/home/yaohouyu/ros2_mujoco_ws/install/iiwa_mujoco_ros2/lib/iiwa_mujoco_ros2/hello" to ""
[4.387s] -- Installing: /home/yaohouyu/ros2_mujoco_ws/install/iiwa_mujoco_ros2/lib/iiwa_mujoco_ros2/iiwa_joint_publisher
[4.388s] -- Set non-toolchain portion of runtime path of "/home/yaohouyu/ros2_mujoco_ws/install/iiwa_mujoco_ros2/lib/iiwa_mujoco_ros2/iiwa_joint_publisher" to ""
[4.388s] -- Installing: /home/yaohouyu/ros2_mujoco_ws/install/iiwa_mujoco_ros2/share/iiwa_mujoco_ros2/models
[4.389s] -- Installing: /home/yaohouyu/ros2_mujoco_ws/install/iiwa_mujoco_ros2/share/iiwa_mujoco_ros2/models/scene2.xml
[4.389s] -- Installing: /home/yaohouyu/ros2_mujoco_ws/install/iiwa_mujoco_ros2/share/iiwa_mujoco_ros2/models/README.md
[4.389s] -- Installing: /home/yaohouyu/ros2_mujoco_ws/install/iiwa_mujoco_ros2/share/iiwa_mujoco_ros2/models/scene.xml
[4.390s] -- Installing: /home/yaohouyu/ros2_mujoco_ws/install/iiwa_mujoco_ros2/share/iiwa_mujoco_ros2/models/assets
[4.390s] -- Installing: /home/yaohouyu/ros2_mujoco_ws/install/iiwa_mujoco_ros2/share/iiwa_mujoco_ros2/models/assets/link_5.obj
[4.390s] -- Installing: /home/yaohouyu/ros2_mujoco_ws/install/iiwa_mujoco_ros2/share/iiwa_mujoco_ros2/models/assets/band.obj
[4.390s] -- Installing: /home/yaohouyu/ros2_mujoco_ws/install/iiwa_mujoco_ros2/share/iiwa_mujoco_ros2/models/assets/link_6_orange.obj
[4.391s] -- Installing: /home/yaohouyu/ros2_mujoco_ws/install/iiwa_mujoco_ros2/share/iiwa_mujoco_ros2/models/assets/kuka.obj
[4.391s] -- Installing: /home/yaohouyu/ros2_mujoco_ws/install/iiwa_mujoco_ros2/share/iiwa_mujoco_ros2/models/assets/link_0.obj
[4.392s] -- Installing: /home/yaohouyu/ros2_mujoco_ws/install/iiwa_mujoco_ros2/share/iiwa_mujoco_ros2/models/assets/link_4_orange.obj
[4.392s] -- Installing: /home/yaohouyu/ros2_mujoco_ws/install/iiwa_mujoco_ros2/share/iiwa_mujoco_ros2/models/assets/link_3.obj
[4.392s] -- Installing: /home/yaohouyu/ros2_mujoco_ws/install/iiwa_mujoco_ros2/share/iiwa_mujoco_ros2/models/assets/link_2_orange.obj
[4.392s] -- Installing: /home/yaohouyu/ros2_mujoco_ws/install/iiwa_mujoco_ros2/share/iiwa_mujoco_ros2/models/assets/link_7.obj
[4.393s] -- Installing: /home/yaohouyu/ros2_mujoco_ws/install/iiwa_mujoco_ros2/share/iiwa_mujoco_ros2/models/assets/link_2_grey.obj
[4.393s] -- Installing: /home/yaohouyu/ros2_mujoco_ws/install/iiwa_mujoco_ros2/share/iiwa_mujoco_ros2/models/assets/link_6_grey.obj
[4.394s] -- Installing: /home/yaohouyu/ros2_mujoco_ws/install/iiwa_mujoco_ros2/share/iiwa_mujoco_ros2/models/assets/link_1.obj
[4.396s] -- Installing: /home/yaohouyu/ros2_mujoco_ws/install/iiwa_mujoco_ros2/share/iiwa_mujoco_ros2/models/assets/link_4_grey.obj
[4.396s] -- Installing: /home/yaohouyu/ros2_mujoco_ws/install/iiwa_mujoco_ros2/share/iiwa_mujoco_ros2/models/iiwa14.xml
[4.396s] -- Installing: /home/yaohouyu/ros2_mujoco_ws/install/iiwa_mujoco_ros2/share/iiwa_mujoco_ros2/models/CHANGELOG.md
[4.396s] -- Installing: /home/yaohouyu/ros2_mujoco_ws/install/iiwa_mujoco_ros2/share/iiwa_mujoco_ros2/models/LICENSE
[4.396s] -- Installing: /home/yaohouyu/ros2_mujoco_ws/install/iiwa_mujoco_ros2/share/iiwa_mujoco_ros2/models/iiwa_14.png
[4.400s] -- Installing: /home/yaohouyu/ros2_mujoco_ws/install/iiwa_mujoco_ros2/share/iiwa_mujoco_ros2/launch
[4.400s] -- Installing: /home/yaohouyu/ros2_mujoco_ws/install/iiwa_mujoco_ros2/share/iiwa_mujoco_ros2/launch/simulation.launch.py
[4.400s] -- Installing: /home/yaohouyu/ros2_mujoco_ws/install/iiwa_mujoco_ros2/share/ament_index/resource_index/package_run_dependencies/iiwa_mujoco_ros2
[4.401s] -- Installing: /home/yaohouyu/ros2_mujoco_ws/install/iiwa_mujoco_ros2/share/ament_index/resource_index/parent_prefix_path/iiwa_mujoco_ros2
[4.401s] -- Installing: /home/yaohouyu/ros2_mujoco_ws/install/iiwa_mujoco_ros2/share/iiwa_mujoco_ros2/environment/ament_prefix_path.sh
[4.401s] -- Installing: /home/yaohouyu/ros2_mujoco_ws/install/iiwa_mujoco_ros2/share/iiwa_mujoco_ros2/environment/ament_prefix_path.dsv
[4.401s] -- Installing: /home/yaohouyu/ros2_mujoco_ws/install/iiwa_mujoco_ros2/share/iiwa_mujoco_ros2/environment/path.sh
[4.401s] -- Installing: /home/yaohouyu/ros2_mujoco_ws/install/iiwa_mujoco_ros2/share/iiwa_mujoco_ros2/environment/path.dsv
[4.401s] -- Installing: /home/yaohouyu/ros2_mujoco_ws/install/iiwa_mujoco_ros2/share/iiwa_mujoco_ros2/local_setup.bash
[4.401s] -- Installing: /home/yaohouyu/ros2_mujoco_ws/install/iiwa_mujoco_ros2/share/iiwa_mujoco_ros2/local_setup.sh
[4.401s] -- Installing: /home/yaohouyu/ros2_mujoco_ws/install/iiwa_mujoco_ros2/share/iiwa_mujoco_ros2/local_setup.zsh
[4.401s] -- Installing: /home/yaohouyu/ros2_mujoco_ws/install/iiwa_mujoco_ros2/share/iiwa_mujoco_ros2/local_setup.dsv
[4.401s] -- Installing: /home/yaohouyu/ros2_mujoco_ws/install/iiwa_mujoco_ros2/share/iiwa_mujoco_ros2/package.dsv
[4.401s] -- Installing: /home/yaohouyu/ros2_mujoco_ws/install/iiwa_mujoco_ros2/share/ament_index/resource_index/packages/iiwa_mujoco_ros2
[4.401s] -- Installing: /home/yaohouyu/ros2_mujoco_ws/install/iiwa_mujoco_ros2/share/iiwa_mujoco_ros2/cmake/iiwa_mujoco_ros2Config.cmake
[4.401s] -- Installing: /home/yaohouyu/ros2_mujoco_ws/install/iiwa_mujoco_ros2/share/iiwa_mujoco_ros2/cmake/iiwa_mujoco_ros2Config-version.cmake
[4.401s] -- Installing: /home/yaohouyu/ros2_mujoco_ws/install/iiwa_mujoco_ros2/share/iiwa_mujoco_ros2/package.xml
[4.404s] Invoked command in '/home/yaohouyu/ros2_mujoco_ws/build/iiwa_mujoco_ros2' returned '0': CMAKE_PREFIX_PATH=${CMAKE_PREFIX_PATH}:/opt/ros/jazzy DEBUGINFOD_URLS=https://debuginfod.ubuntu.com /usr/bin/cmake --install /home/yaohouyu/ros2_mujoco_ws/build/iiwa_mujoco_ros2
