[0.015s] Invoking command in '/home/yaohouyu/ros2_ws/src/build/iiwa_mujoco_ros2': CMAKE_PREFIX_PATH=${CMAKE_PREFIX_PATH}:/home/yaohouyu/ros2_ws/install/iiwa_mujoco_viewer:/opt/ros/jazzy DEBUGINFOD_URLS=https://debuginfod.ubuntu.com /usr/bin/cmake /home/yaohouyu/ros2_ws/src/iiwa_mujoco_ros2 -DCMAKE_EXPORT_COMPILE_COMMANDS=ON -DCMAKE_INSTALL_PREFIX=/home/yaohouyu/ros2_ws/src/install/iiwa_mujoco_ros2
[0.150s] -- The C compiler identification is GNU 13.3.0
[0.150s] -- The CXX compiler identification is GNU 13.3.0
[0.150s] -- Detecting C compiler ABI info
[0.152s] -- Detecting C compiler ABI info - done
[0.156s] -- Check for working C compiler: /usr/bin/cc - skipped
[0.157s] -- Detecting C compile features
[0.157s] -- Detecting C compile features - done
[0.163s] -- Detecting CXX compiler ABI info
[0.234s] -- Detecting CXX compiler ABI info - done
[0.241s] -- Check for working CXX compiler: /usr/bin/c++ - skipped
[0.243s] -- Detecting CXX compile features
[0.244s] -- Detecting CXX compile features - done
[0.246s] -- Found ament_cmake: 2.5.4 (/opt/ros/jazzy/share/ament_cmake/cmake)
[0.342s] -- Found Python3: /usr/bin/python3 (found version "3.12.3") found components: Interpreter 
[0.410s] -- Found rclcpp: 28.1.13 (/opt/ros/jazzy/share/rclcpp/cmake)
[0.435s] -- Found rosidl_generator_c: 4.6.6 (/opt/ros/jazzy/share/rosidl_generator_c/cmake)
[0.440s] -- Found rosidl_generator_cpp: 4.6.6 (/opt/ros/jazzy/share/rosidl_generator_cpp/cmake)
[0.451s] -- Using all available rosidl_typesupport_c: rosidl_typesupport_fastrtps_c;rosidl_typesupport_introspection_c
[0.461s] -- Using all available rosidl_typesupport_cpp: rosidl_typesupport_fastrtps_cpp;rosidl_typesupport_introspection_cpp
[0.506s] -- Found rmw_implementation_cmake: 7.3.2 (/opt/ros/jazzy/share/rmw_implementation_cmake/cmake)
[0.508s] -- Found rmw_fastrtps_cpp: 8.4.3 (/opt/ros/jazzy/share/rmw_fastrtps_cpp/cmake)
[0.557s] -- Found OpenSSL: /usr/lib/x86_64-linux-gnu/libcrypto.so (found version "3.0.13")  
[0.569s] -- Found FastRTPS: /opt/ros/jazzy/include (Required is at least version "2.13") 
[0.591s] -- Using RMW implementation 'rmw_fastrtps_cpp' as default
[0.654s] -- Found sensor_msgs: 5.3.6 (/opt/ros/jazzy/share/sensor_msgs/cmake)
[0.695s] -- Found ament_lint_auto: 0.17.3 (/opt/ros/jazzy/share/ament_lint_auto/cmake)
[0.776s] -- Added test 'cppcheck' to perform static code analysis on C / C++ code
[0.776s] -- Configured cppcheck include dirs: 
[0.776s] -- Configured cppcheck exclude dirs and/or files: 
[0.777s] -- Added test 'flake8' to check Python code syntax and style conventions
[0.777s] -- Configured 'flake8' exclude dirs and/or files: 
[0.780s] -- Added test 'lint_cmake' to check CMake code style
[0.780s] -- Added test 'pep257' to check Python code against some of the docstring style conventions in PEP 257
[0.784s] -- Added test 'uncrustify' to check C / C++ code style
[0.784s] -- Configured uncrustify additional arguments: 
[0.784s] -- Added test 'xmllint' to check XML markup files
[0.785s] -- Configuring done (0.8s)
[0.794s] -- Generating done (0.0s)
[0.804s] -- Build files have been written to: /home/yaohouyu/ros2_ws/src/build/iiwa_mujoco_ros2
[0.813s] Invoked command in '/home/yaohouyu/ros2_ws/src/build/iiwa_mujoco_ros2' returned '0': CMAKE_PREFIX_PATH=${CMAKE_PREFIX_PATH}:/home/yaohouyu/ros2_ws/install/iiwa_mujoco_viewer:/opt/ros/jazzy DEBUGINFOD_URLS=https://debuginfod.ubuntu.com /usr/bin/cmake /home/yaohouyu/ros2_ws/src/iiwa_mujoco_ros2 -DCMAKE_EXPORT_COMPILE_COMMANDS=ON -DCMAKE_INSTALL_PREFIX=/home/yaohouyu/ros2_ws/src/install/iiwa_mujoco_ros2
[0.813s] Invoking command in '/home/yaohouyu/ros2_ws/src/build/iiwa_mujoco_ros2': CMAKE_PREFIX_PATH=${CMAKE_PREFIX_PATH}:/home/yaohouyu/ros2_ws/install/iiwa_mujoco_viewer:/opt/ros/jazzy DEBUGINFOD_URLS=https://debuginfod.ubuntu.com /usr/bin/cmake --build /home/yaohouyu/ros2_ws/src/build/iiwa_mujoco_ros2 -- -j6 -l6
[0.877s] [ 25%] [32mBuilding CXX object CMakeFiles/hello.dir/src/hello.cpp.o[0m
[0.881s] [ 50%] [32mBuilding CXX object CMakeFiles/iiwa_joint_publisher.dir/src/joint_publisher.cpp.o[0m
[5.178s] [ 75%] [32m[1mLinking CXX executable hello[0m
[5.257s] [ 75%] Built target hello
[6.119s] [100%] [32m[1mLinking CXX executable iiwa_joint_publisher[0m
[6.236s] [100%] Built target iiwa_joint_publisher
[6.245s] Invoked command in '/home/yaohouyu/ros2_ws/src/build/iiwa_mujoco_ros2' returned '0': CMAKE_PREFIX_PATH=${CMAKE_PREFIX_PATH}:/home/yaohouyu/ros2_ws/install/iiwa_mujoco_viewer:/opt/ros/jazzy DEBUGINFOD_URLS=https://debuginfod.ubuntu.com /usr/bin/cmake --build /home/yaohouyu/ros2_ws/src/build/iiwa_mujoco_ros2 -- -j6 -l6
[6.245s] Invoking command in '/home/yaohouyu/ros2_ws/src/build/iiwa_mujoco_ros2': CMAKE_PREFIX_PATH=${CMAKE_PREFIX_PATH}:/home/yaohouyu/ros2_ws/install/iiwa_mujoco_viewer:/opt/ros/jazzy DEBUGINFOD_URLS=https://debuginfod.ubuntu.com /usr/bin/cmake --install /home/yaohouyu/ros2_ws/src/build/iiwa_mujoco_ros2
[6.254s] -- Install configuration: ""
[6.254s] -- Installing: /home/yaohouyu/ros2_ws/src/install/iiwa_mujoco_ros2/lib/iiwa_mujoco_ros2/hello
[6.254s] -- Set non-toolchain portion of runtime path of "/home/yaohouyu/ros2_ws/src/install/iiwa_mujoco_ros2/lib/iiwa_mujoco_ros2/hello" to ""
[6.254s] -- Installing: /home/yaohouyu/ros2_ws/src/install/iiwa_mujoco_ros2/lib/iiwa_mujoco_ros2/iiwa_joint_publisher
[6.255s] -- Set non-toolchain portion of runtime path of "/home/yaohouyu/ros2_ws/src/install/iiwa_mujoco_ros2/lib/iiwa_mujoco_ros2/iiwa_joint_publisher" to ""
[6.255s] -- Installing: /home/yaohouyu/ros2_ws/src/install/iiwa_mujoco_ros2/share/iiwa_mujoco_ros2/models
[6.255s] -- Installing: /home/yaohouyu/ros2_ws/src/install/iiwa_mujoco_ros2/share/iiwa_mujoco_ros2/models/scene2.xml
[6.255s] -- Installing: /home/yaohouyu/ros2_ws/src/install/iiwa_mujoco_ros2/share/iiwa_mujoco_ros2/models/README.md
[6.256s] -- Installing: /home/yaohouyu/ros2_ws/src/install/iiwa_mujoco_ros2/share/iiwa_mujoco_ros2/models/scene.xml
[6.256s] -- Installing: /home/yaohouyu/ros2_ws/src/install/iiwa_mujoco_ros2/share/iiwa_mujoco_ros2/models/assets
[6.256s] -- Installing: /home/yaohouyu/ros2_ws/src/install/iiwa_mujoco_ros2/share/iiwa_mujoco_ros2/models/assets/link_5.obj
[6.259s] -- Installing: /home/yaohouyu/ros2_ws/src/install/iiwa_mujoco_ros2/share/iiwa_mujoco_ros2/models/assets/band.obj
[6.259s] -- Installing: /home/yaohouyu/ros2_ws/src/install/iiwa_mujoco_ros2/share/iiwa_mujoco_ros2/models/assets/link_6_orange.obj
[6.260s] -- Installing: /home/yaohouyu/ros2_ws/src/install/iiwa_mujoco_ros2/share/iiwa_mujoco_ros2/models/assets/kuka.obj
[6.261s] -- Installing: /home/yaohouyu/ros2_ws/src/install/iiwa_mujoco_ros2/share/iiwa_mujoco_ros2/models/assets/link_0.obj
[6.266s] -- Installing: /home/yaohouyu/ros2_ws/src/install/iiwa_mujoco_ros2/share/iiwa_mujoco_ros2/models/assets/link_4_orange.obj
[6.267s] -- Installing: /home/yaohouyu/ros2_ws/src/install/iiwa_mujoco_ros2/share/iiwa_mujoco_ros2/models/assets/link_3.obj
[6.269s] -- Installing: /home/yaohouyu/ros2_ws/src/install/iiwa_mujoco_ros2/share/iiwa_mujoco_ros2/models/assets/link_2_orange.obj
[6.270s] -- Installing: /home/yaohouyu/ros2_ws/src/install/iiwa_mujoco_ros2/share/iiwa_mujoco_ros2/models/assets/link_7.obj
[6.272s] -- Installing: /home/yaohouyu/ros2_ws/src/install/iiwa_mujoco_ros2/share/iiwa_mujoco_ros2/models/assets/link_2_grey.obj
[6.278s] -- Installing: /home/yaohouyu/ros2_ws/src/install/iiwa_mujoco_ros2/share/iiwa_mujoco_ros2/models/assets/link_6_grey.obj
[6.278s] -- Installing: /home/yaohouyu/ros2_ws/src/install/iiwa_mujoco_ros2/share/iiwa_mujoco_ros2/models/assets/link_1.obj
[6.279s] -- Installing: /home/yaohouyu/ros2_ws/src/install/iiwa_mujoco_ros2/share/iiwa_mujoco_ros2/models/assets/link_4_grey.obj
[6.281s] -- Installing: /home/yaohouyu/ros2_ws/src/install/iiwa_mujoco_ros2/share/iiwa_mujoco_ros2/models/iiwa14.xml
[6.281s] -- Installing: /home/yaohouyu/ros2_ws/src/install/iiwa_mujoco_ros2/share/iiwa_mujoco_ros2/models/CHANGELOG.md
[6.282s] -- Installing: /home/yaohouyu/ros2_ws/src/install/iiwa_mujoco_ros2/share/iiwa_mujoco_ros2/models/LICENSE
[6.282s] -- Installing: /home/yaohouyu/ros2_ws/src/install/iiwa_mujoco_ros2/share/iiwa_mujoco_ros2/models/iiwa_14.png
[6.289s] -- Installing: /home/yaohouyu/ros2_ws/src/install/iiwa_mujoco_ros2/share/iiwa_mujoco_ros2/launch
[6.290s] -- Installing: /home/yaohouyu/ros2_ws/src/install/iiwa_mujoco_ros2/share/iiwa_mujoco_ros2/launch/simulation.launch.py
[6.290s] -- Installing: /home/yaohouyu/ros2_ws/src/install/iiwa_mujoco_ros2/share/ament_index/resource_index/package_run_dependencies/iiwa_mujoco_ros2
[6.290s] -- Installing: /home/yaohouyu/ros2_ws/src/install/iiwa_mujoco_ros2/share/ament_index/resource_index/parent_prefix_path/iiwa_mujoco_ros2
[6.290s] -- Installing: /home/yaohouyu/ros2_ws/src/install/iiwa_mujoco_ros2/share/iiwa_mujoco_ros2/environment/ament_prefix_path.sh
[6.290s] -- Installing: /home/yaohouyu/ros2_ws/src/install/iiwa_mujoco_ros2/share/iiwa_mujoco_ros2/environment/ament_prefix_path.dsv
[6.290s] -- Installing: /home/yaohouyu/ros2_ws/src/install/iiwa_mujoco_ros2/share/iiwa_mujoco_ros2/environment/path.sh
[6.290s] -- Installing: /home/yaohouyu/ros2_ws/src/install/iiwa_mujoco_ros2/share/iiwa_mujoco_ros2/environment/path.dsv
[6.290s] -- Installing: /home/yaohouyu/ros2_ws/src/install/iiwa_mujoco_ros2/share/iiwa_mujoco_ros2/local_setup.bash
[6.290s] -- Installing: /home/yaohouyu/ros2_ws/src/install/iiwa_mujoco_ros2/share/iiwa_mujoco_ros2/local_setup.sh
[6.290s] -- Installing: /home/yaohouyu/ros2_ws/src/install/iiwa_mujoco_ros2/share/iiwa_mujoco_ros2/local_setup.zsh
[6.290s] -- Installing: /home/yaohouyu/ros2_ws/src/install/iiwa_mujoco_ros2/share/iiwa_mujoco_ros2/local_setup.dsv
[6.290s] -- Installing: /home/yaohouyu/ros2_ws/src/install/iiwa_mujoco_ros2/share/iiwa_mujoco_ros2/package.dsv
[6.290s] -- Installing: /home/yaohouyu/ros2_ws/src/install/iiwa_mujoco_ros2/share/ament_index/resource_index/packages/iiwa_mujoco_ros2
[6.292s] -- Installing: /home/yaohouyu/ros2_ws/src/install/iiwa_mujoco_ros2/share/iiwa_mujoco_ros2/cmake/iiwa_mujoco_ros2Config.cmake
[6.292s] -- Installing: /home/yaohouyu/ros2_ws/src/install/iiwa_mujoco_ros2/share/iiwa_mujoco_ros2/cmake/iiwa_mujoco_ros2Config-version.cmake
[6.292s] -- Installing: /home/yaohouyu/ros2_ws/src/install/iiwa_mujoco_ros2/share/iiwa_mujoco_ros2/package.xml
[6.293s] Invoked command in '/home/yaohouyu/ros2_ws/src/build/iiwa_mujoco_ros2' returned '0': CMAKE_PREFIX_PATH=${CMAKE_PREFIX_PATH}:/home/yaohouyu/ros2_ws/install/iiwa_mujoco_viewer:/opt/ros/jazzy DEBUGINFOD_URLS=https://debuginfod.ubuntu.com /usr/bin/cmake --install /home/yaohouyu/ros2_ws/src/build/iiwa_mujoco_ros2
