[0.009s] Invoking command in '/home/yaohouyu/ros2_mujoco_ws/build/iiwa_mujoco': CMAKE_PREFIX_PATH=${CMAKE_PREFIX_PATH}:/opt/ros/jazzy DEBUGINFOD_URLS=https://debuginfod.ubuntu.com /usr/bin/cmake /home/yaohouyu/ros2_mujoco_ws/src/iiwa_mujoco -DCMAKE_INSTALL_PREFIX=/home/yaohouyu/ros2_mujoco_ws/install/iiwa_mujoco
[0.060s] -- The C compiler identification is GNU 13.3.0
[0.095s] -- The CXX compiler identification is GNU 13.3.0
[0.112s] -- Detecting C compiler ABI info
[0.172s] -- Detecting C compiler ABI info - done
[0.177s] -- Check for working C compiler: /usr/bin/cc - skipped
[0.179s] -- Detecting C compile features
[0.179s] -- Detecting C compile features - done
[0.186s] -- Detecting CXX compiler ABI info
[0.260s] -- Detecting CXX compiler ABI info - done
[0.268s] -- Check for working CXX compiler: /usr/bin/c++ - skipped
[0.268s] -- Detecting CXX compile features
[0.269s] -- Detecting CXX compile features - done
[0.274s] -- Found ament_cmake: 2.5.4 (/opt/ros/jazzy/share/ament_cmake/cmake)
[0.370s] -- Found Python3: /usr/bin/python3 (found version "3.12.3") found components: Interpreter 
[0.461s] -- Found rclcpp: 28.1.13 (/opt/ros/jazzy/share/rclcpp/cmake)
[0.496s] -- Found rosidl_generator_c: 4.6.6 (/opt/ros/jazzy/share/rosidl_generator_c/cmake)
[0.510s] -- Found rosidl_generator_cpp: 4.6.6 (/opt/ros/jazzy/share/rosidl_generator_cpp/cmake)
[0.524s] -- Using all available rosidl_typesupport_c: rosidl_typesupport_fastrtps_c;rosidl_typesupport_introspection_c
[0.539s] -- Using all available rosidl_typesupport_cpp: rosidl_typesupport_fastrtps_cpp;rosidl_typesupport_introspection_cpp
[0.613s] -- Found rmw_implementation_cmake: 7.3.2 (/opt/ros/jazzy/share/rmw_implementation_cmake/cmake)
[0.615s] -- Found rmw_fastrtps_cpp: 8.4.3 (/opt/ros/jazzy/share/rmw_fastrtps_cpp/cmake)
[0.697s] -- Found OpenSSL: /usr/lib/x86_64-linux-gnu/libcrypto.so (found version "3.0.13")  
[0.708s] -- Found FastRTPS: /opt/ros/jazzy/include (Required is at least version "2.13") 
[0.724s] -- Using RMW implementation 'rmw_fastrtps_cpp' as default
[0.788s] -- Found sensor_msgs: 5.3.6 (/opt/ros/jazzy/share/sensor_msgs/cmake)
[0.848s] -- Found ament_lint_auto: 0.17.3 (/opt/ros/jazzy/share/ament_lint_auto/cmake)
[0.926s] -- Added test 'cppcheck' to perform static code analysis on C / C++ code
[0.926s] -- Configured cppcheck include dirs: 
[0.927s] -- Configured cppcheck exclude dirs and/or files: 
[0.927s] -- Added test 'lint_cmake' to check CMake code style
[0.930s] -- Added test 'uncrustify' to check C / C++ code style
[0.930s] -- Configured uncrustify additional arguments: 
[0.935s] -- Added test 'xmllint' to check XML markup files
[0.935s] -- Configuring done (0.9s)
[0.961s] -- Generating done (0.0s)
[0.966s] -- Build files have been written to: /home/yaohouyu/ros2_mujoco_ws/build/iiwa_mujoco
[0.974s] Invoked command in '/home/yaohouyu/ros2_mujoco_ws/build/iiwa_mujoco' returned '0': CMAKE_PREFIX_PATH=${CMAKE_PREFIX_PATH}:/opt/ros/jazzy DEBUGINFOD_URLS=https://debuginfod.ubuntu.com /usr/bin/cmake /home/yaohouyu/ros2_mujoco_ws/src/iiwa_mujoco -DCMAKE_INSTALL_PREFIX=/home/yaohouyu/ros2_mujoco_ws/install/iiwa_mujoco
[0.974s] Invoking command in '/home/yaohouyu/ros2_mujoco_ws/build/iiwa_mujoco': CMAKE_PREFIX_PATH=${CMAKE_PREFIX_PATH}:/opt/ros/jazzy DEBUGINFOD_URLS=https://debuginfod.ubuntu.com /usr/bin/cmake --build /home/yaohouyu/ros2_mujoco_ws/build/iiwa_mujoco -- -j6 -l6
[1.012s] [ 16%] [32mBuilding CXX object CMakeFiles/iiwa_mujoco_node.dir/src/iiwa_mujoco_node.cpp.o[0m
[1.033s] [ 33%] [32mBuilding CXX object CMakeFiles/iiwa_controller_node.dir/src/iiwa_controller_node.cpp.o[0m
[1.033s] [ 50%] [32mBuilding CXX object CMakeFiles/iiwa_pd_hold_node.dir/src/iiwa_pd_hold_node.cpp.o[0m
[7.064s] [ 66%] [32m[1mLinking CXX executable iiwa_pd_hold_node[0m
[7.266s] [ 66%] Built target iiwa_pd_hold_node
[7.340s] [ 83%] [32m[1mLinking CXX executable iiwa_controller_node[0m
[7.382s] [100%] [32m[1mLinking CXX executable iiwa_mujoco_node[0m
[7.522s] [100%] Built target iiwa_controller_node
[7.577s] [100%] Built target iiwa_mujoco_node
[7.584s] Invoked command in '/home/yaohouyu/ros2_mujoco_ws/build/iiwa_mujoco' returned '0': CMAKE_PREFIX_PATH=${CMAKE_PREFIX_PATH}:/opt/ros/jazzy DEBUGINFOD_URLS=https://debuginfod.ubuntu.com /usr/bin/cmake --build /home/yaohouyu/ros2_mujoco_ws/build/iiwa_mujoco -- -j6 -l6
[7.585s] Invoking command in '/home/yaohouyu/ros2_mujoco_ws/build/iiwa_mujoco': CMAKE_PREFIX_PATH=${CMAKE_PREFIX_PATH}:/opt/ros/jazzy DEBUGINFOD_URLS=https://debuginfod.ubuntu.com /usr/bin/cmake --install /home/yaohouyu/ros2_mujoco_ws/build/iiwa_mujoco
[7.590s] -- Install configuration: ""
[7.590s] -- Installing: /home/yaohouyu/ros2_mujoco_ws/install/iiwa_mujoco/lib/iiwa_mujoco/iiwa_controller_node
[7.592s] -- Set non-toolchain portion of runtime path of "/home/yaohouyu/ros2_mujoco_ws/install/iiwa_mujoco/lib/iiwa_mujoco/iiwa_controller_node" to ""
[7.592s] -- Installing: /home/yaohouyu/ros2_mujoco_ws/install/iiwa_mujoco/lib/iiwa_mujoco/iiwa_mujoco_node
[7.595s] -- Set non-toolchain portion of runtime path of "/home/yaohouyu/ros2_mujoco_ws/install/iiwa_mujoco/lib/iiwa_mujoco/iiwa_mujoco_node" to ""
[7.595s] -- Installing: /home/yaohouyu/ros2_mujoco_ws/install/iiwa_mujoco/lib/iiwa_mujoco/iiwa_pd_hold_node
[7.597s] -- Set non-toolchain portion of runtime path of "/home/yaohouyu/ros2_mujoco_ws/install/iiwa_mujoco/lib/iiwa_mujoco/iiwa_pd_hold_node" to ""
[7.597s] -- Installing: /home/yaohouyu/ros2_mujoco_ws/install/iiwa_mujoco/share/ament_index/resource_index/package_run_dependencies/iiwa_mujoco
[7.597s] -- Installing: /home/yaohouyu/ros2_mujoco_ws/install/iiwa_mujoco/share/ament_index/resource_index/parent_prefix_path/iiwa_mujoco
[7.597s] -- Installing: /home/yaohouyu/ros2_mujoco_ws/install/iiwa_mujoco/share/iiwa_mujoco/environment/ament_prefix_path.sh
[7.597s] -- Installing: /home/yaohouyu/ros2_mujoco_ws/install/iiwa_mujoco/share/iiwa_mujoco/environment/ament_prefix_path.dsv
[7.598s] -- Installing: /home/yaohouyu/ros2_mujoco_ws/install/iiwa_mujoco/share/iiwa_mujoco/environment/path.sh
[7.598s] -- Installing: /home/yaohouyu/ros2_mujoco_ws/install/iiwa_mujoco/share/iiwa_mujoco/environment/path.dsv
[7.599s] -- Installing: /home/yaohouyu/ros2_mujoco_ws/install/iiwa_mujoco/share/iiwa_mujoco/local_setup.bash
[7.599s] -- Installing: /home/yaohouyu/ros2_mujoco_ws/install/iiwa_mujoco/share/iiwa_mujoco/local_setup.sh
[7.599s] -- Installing: /home/yaohouyu/ros2_mujoco_ws/install/iiwa_mujoco/share/iiwa_mujoco/local_setup.zsh
[7.599s] -- Installing: /home/yaohouyu/ros2_mujoco_ws/install/iiwa_mujoco/share/iiwa_mujoco/local_setup.dsv
[7.599s] -- Installing: /home/yaohouyu/ros2_mujoco_ws/install/iiwa_mujoco/share/iiwa_mujoco/package.dsv
[7.599s] -- Installing: /home/yaohouyu/ros2_mujoco_ws/install/iiwa_mujoco/share/ament_index/resource_index/packages/iiwa_mujoco
[7.599s] -- Installing: /home/yaohouyu/ros2_mujoco_ws/install/iiwa_mujoco/share/iiwa_mujoco/cmake/iiwa_mujocoConfig.cmake
[7.599s] -- Installing: /home/yaohouyu/ros2_mujoco_ws/install/iiwa_mujoco/share/iiwa_mujoco/cmake/iiwa_mujocoConfig-version.cmake
[7.599s] -- Installing: /home/yaohouyu/ros2_mujoco_ws/install/iiwa_mujoco/share/iiwa_mujoco/package.xml
[7.600s] Invoked command in '/home/yaohouyu/ros2_mujoco_ws/build/iiwa_mujoco' returned '0': CMAKE_PREFIX_PATH=${CMAKE_PREFIX_PATH}:/opt/ros/jazzy DEBUGINFOD_URLS=https://debuginfod.ubuntu.com /usr/bin/cmake --install /home/yaohouyu/ros2_mujoco_ws/build/iiwa_mujoco
