[ 50%] Built target iiwa_joint_publisher
[100%] Built target hello
-- Install configuration: ""
-- Up-to-date: /home/yaohouyu/ros2_ws/src/install/iiwa_mujoco_ros2/lib/iiwa_mujoco_ros2/hello
-- Up-to-date: /home/yaohouyu/ros2_ws/src/install/iiwa_mujoco_ros2/lib/iiwa_mujoco_ros2/iiwa_joint_publisher
-- Up-to-date: /home/yaohouyu/ros2_ws/src/install/iiwa_mujoco_ros2/share/iiwa_mujoco_ros2/models
-- Up-to-date: /home/yaohouyu/ros2_ws/src/install/iiwa_mujoco_ros2/share/iiwa_mujoco_ros2/models/scene2.xml
-- Up-to-date: /home/yaohouyu/ros2_ws/src/install/iiwa_mujoco_ros2/share/iiwa_mujoco_ros2/models/README.md
-- Up-to-date: /home/yaohouyu/ros2_ws/src/install/iiwa_mujoco_ros2/share/iiwa_mujoco_ros2/models/scene.xml
-- Up-to-date: /home/yaohouyu/ros2_ws/src/install/iiwa_mujoco_ros2/share/iiwa_mujoco_ros2/models/assets
-- Up-to-date: /home/yaohouyu/ros2_ws/src/install/iiwa_mujoco_ros2/share/iiwa_mujoco_ros2/models/assets/link_5.obj
-- Up-to-date: /home/yaohouyu/ros2_ws/src/install/iiwa_mujoco_ros2/share/iiwa_mujoco_ros2/models/assets/band.obj
-- Up-to-date: /home/yaohouyu/ros2_ws/src/install/iiwa_mujoco_ros2/share/iiwa_mujoco_ros2/models/assets/link_6_orange.obj
-- Up-to-date: /home/yaohouyu/ros2_ws/src/install/iiwa_mujoco_ros2/share/iiwa_mujoco_ros2/models/assets/kuka.obj
-- Up-to-date: /home/yaohouyu/ros2_ws/src/install/iiwa_mujoco_ros2/share/iiwa_mujoco_ros2/models/assets/link_0.obj
-- Up-to-date: /home/yaohouyu/ros2_ws/src/install/iiwa_mujoco_ros2/share/iiwa_mujoco_ros2/models/assets/link_4_orange.obj
-- Up-to-date: /home/yaohouyu/ros2_ws/src/install/iiwa_mujoco_ros2/share/iiwa_mujoco_ros2/models/assets/link_3.obj
-- Up-to-date: /home/yaohouyu/ros2_ws/src/install/iiwa_mujoco_ros2/share/iiwa_mujoco_ros2/models/assets/link_2_orange.obj
-- Up-to-date: /home/yaohouyu/ros2_ws/src/install/iiwa_mujoco_ros2/share/iiwa_mujoco_ros2/models/assets/link_7.obj
-- Up-to-date: /home/yaohouyu/ros2_ws/src/install/iiwa_mujoco_ros2/share/iiwa_mujoco_ros2/models/assets/link_2_grey.obj
-- Up-to-date: /home/yaohouyu/ros2_ws/src/install/iiwa_mujoco_ros2/share/iiwa_mujoco_ros2/models/assets/link_6_grey.obj
-- Up-to-date: /home/yaohouyu/ros2_ws/src/install/iiwa_mujoco_ros2/share/iiwa_mujoco_ros2/models/assets/link_1.obj
-- Up-to-date: /home/yaohouyu/ros2_ws/src/install/iiwa_mujoco_ros2/share/iiwa_mujoco_ros2/models/assets/link_4_grey.obj
-- Up-to-date: /home/yaohouyu/ros2_ws/src/install/iiwa_mujoco_ros2/share/iiwa_mujoco_ros2/models/iiwa14.xml
-- Up-to-date: /home/yaohouyu/ros2_ws/src/install/iiwa_mujoco_ros2/share/iiwa_mujoco_ros2/models/CHANGELOG.md
-- Up-to-date: /home/yaohouyu/ros2_ws/src/install/iiwa_mujoco_ros2/share/iiwa_mujoco_ros2/models/LICENSE
-- Up-to-date: /home/yaohouyu/ros2_ws/src/install/iiwa_mujoco_ros2/share/iiwa_mujoco_ros2/models/iiwa_14.png
-- Up-to-date: /home/yaohouyu/ros2_ws/src/install/iiwa_mujoco_ros2/share/iiwa_mujoco_ros2/launch
-- Up-to-date: /home/yaohouyu/ros2_ws/src/install/iiwa_mujoco_ros2/share/iiwa_mujoco_ros2/launch/simulation.launch.py
-- Up-to-date: /home/yaohouyu/ros2_ws/src/install/iiwa_mujoco_ros2/share/ament_index/resource_index/package_run_dependencies/iiwa_mujoco_ros2
-- Up-to-date: /home/yaohouyu/ros2_ws/src/install/iiwa_mujoco_ros2/share/ament_index/resource_index/parent_prefix_path/iiwa_mujoco_ros2
-- Up-to-date: /home/yaohouyu/ros2_ws/src/install/iiwa_mujoco_ros2/share/iiwa_mujoco_ros2/environment/ament_prefix_path.sh
-- Up-to-date: /home/yaohouyu/ros2_ws/src/install/iiwa_mujoco_ros2/share/iiwa_mujoco_ros2/environment/ament_prefix_path.dsv
-- Up-to-date: /home/yaohouyu/ros2_ws/src/install/iiwa_mujoco_ros2/share/iiwa_mujoco_ros2/environment/path.sh
-- Up-to-date: /home/yaohouyu/ros2_ws/src/install/iiwa_mujoco_ros2/share/iiwa_mujoco_ros2/environment/path.dsv
-- Up-to-date: /home/yaohouyu/ros2_ws/src/install/iiwa_mujoco_ros2/share/iiwa_mujoco_ros2/local_setup.bash
-- Up-to-date: /home/yaohouyu/ros2_ws/src/install/iiwa_mujoco_ros2/share/iiwa_mujoco_ros2/local_setup.sh
-- Up-to-date: /home/yaohouyu/ros2_ws/src/install/iiwa_mujoco_ros2/share/iiwa_mujoco_ros2/local_setup.zsh
-- Up-to-date: /home/yaohouyu/ros2_ws/src/install/iiwa_mujoco_ros2/share/iiwa_mujoco_ros2/local_setup.dsv
-- Installing: /home/yaohouyu/ros2_ws/src/install/iiwa_mujoco_ros2/share/iiwa_mujoco_ros2/package.dsv
-- Up-to-date: /home/yaohouyu/ros2_ws/src/install/iiwa_mujoco_ros2/share/ament_index/resource_index/packages/iiwa_mujoco_ros2
-- Up-to-date: /home/yaohouyu/ros2_ws/src/install/iiwa_mujoco_ros2/share/iiwa_mujoco_ros2/cmake/iiwa_mujoco_ros2Config.cmake
-- Up-to-date: /home/yaohouyu/ros2_ws/src/install/iiwa_mujoco_ros2/share/iiwa_mujoco_ros2/cmake/iiwa_mujoco_ros2Config-version.cmake
-- Up-to-date: /home/yaohouyu/ros2_ws/src/install/iiwa_mujoco_ros2/share/iiwa_mujoco_ros2/package.xml
