[0.017s] Invoking command in '/home/yaohouyu/ros2_ws/src/build/iiwa_mujoco_ros2': CMAKE_PREFIX_PATH=${CMAKE_PREFIX_PATH}:/home/yaohouyu/ros2_ws/src/install/iiwa_mujoco_viewer:/home/yaohouyu/ros2_ws/src/install/iiwa_mujoco_torque_viewer:/home/yaohouyu/ros2_ws/install/iiwa_mujoco_viewer:/opt/ros/jazzy DEBUGINFOD_URLS=https://debuginfod.ubuntu.com /usr/bin/cmake --build /home/yaohouyu/ros2_ws/src/build/iiwa_mujoco_ros2 -- -j6 -l6
[0.162s] [ 50%] Built target iiwa_joint_publisher
[0.162s] [100%] Built target hello
[0.280s] Invoked command in '/home/yaohouyu/ros2_ws/src/build/iiwa_mujoco_ros2' returned '0': CMAKE_PREFIX_PATH=${CMAKE_PREFIX_PATH}:/home/yaohouyu/ros2_ws/src/install/iiwa_mujoco_viewer:/home/yaohouyu/ros2_ws/src/install/iiwa_mujoco_torque_viewer:/home/yaohouyu/ros2_ws/install/iiwa_mujoco_viewer:/opt/ros/jazzy DEBUGINFOD_URLS=https://debuginfod.ubuntu.com /usr/bin/cmake --build /home/yaohouyu/ros2_ws/src/build/iiwa_mujoco_ros2 -- -j6 -l6
[0.287s] Invoking command in '/home/yaohouyu/ros2_ws/src/build/iiwa_mujoco_ros2': CMAKE_PREFIX_PATH=${CMAKE_PREFIX_PATH}:/home/yaohouyu/ros2_ws/src/install/iiwa_mujoco_viewer:/home/yaohouyu/ros2_ws/src/install/iiwa_mujoco_torque_viewer:/home/yaohouyu/ros2_ws/install/iiwa_mujoco_viewer:/opt/ros/jazzy DEBUGINFOD_URLS=https://debuginfod.ubuntu.com /usr/bin/cmake --install /home/yaohouyu/ros2_ws/src/build/iiwa_mujoco_ros2
[0.291s] -- Install configuration: ""
[0.292s] -- Up-to-date: /home/yaohouyu/ros2_ws/src/install/iiwa_mujoco_ros2/lib/iiwa_mujoco_ros2/hello
[0.292s] -- Up-to-date: /home/yaohouyu/ros2_ws/src/install/iiwa_mujoco_ros2/lib/iiwa_mujoco_ros2/iiwa_joint_publisher
[0.292s] -- Up-to-date: /home/yaohouyu/ros2_ws/src/install/iiwa_mujoco_ros2/share/iiwa_mujoco_ros2/models
[0.292s] -- Up-to-date: /home/yaohouyu/ros2_ws/src/install/iiwa_mujoco_ros2/share/iiwa_mujoco_ros2/models/scene2.xml
[0.292s] -- Up-to-date: /home/yaohouyu/ros2_ws/src/install/iiwa_mujoco_ros2/share/iiwa_mujoco_ros2/models/README.md
[0.292s] -- Up-to-date: /home/yaohouyu/ros2_ws/src/install/iiwa_mujoco_ros2/share/iiwa_mujoco_ros2/models/scene.xml
[0.292s] -- Up-to-date: /home/yaohouyu/ros2_ws/src/install/iiwa_mujoco_ros2/share/iiwa_mujoco_ros2/models/assets
[0.292s] -- Up-to-date: /home/yaohouyu/ros2_ws/src/install/iiwa_mujoco_ros2/share/iiwa_mujoco_ros2/models/assets/link_5.obj
[0.293s] -- Up-to-date: /home/yaohouyu/ros2_ws/src/install/iiwa_mujoco_ros2/share/iiwa_mujoco_ros2/models/assets/band.obj
[0.294s] -- Up-to-date: /home/yaohouyu/ros2_ws/src/install/iiwa_mujoco_ros2/share/iiwa_mujoco_ros2/models/assets/link_6_orange.obj
[0.294s] -- Up-to-date: /home/yaohouyu/ros2_ws/src/install/iiwa_mujoco_ros2/share/iiwa_mujoco_ros2/models/assets/kuka.obj
[0.294s] -- Up-to-date: /home/yaohouyu/ros2_ws/src/install/iiwa_mujoco_ros2/share/iiwa_mujoco_ros2/models/assets/link_0.obj
[0.294s] -- Up-to-date: /home/yaohouyu/ros2_ws/src/install/iiwa_mujoco_ros2/share/iiwa_mujoco_ros2/models/assets/link_4_orange.obj
[0.294s] -- Up-to-date: /home/yaohouyu/ros2_ws/src/install/iiwa_mujoco_ros2/share/iiwa_mujoco_ros2/models/assets/link_3.obj
[0.294s] -- Up-to-date: /home/yaohouyu/ros2_ws/src/install/iiwa_mujoco_ros2/share/iiwa_mujoco_ros2/models/assets/link_2_orange.obj
[0.294s] -- Up-to-date: /home/yaohouyu/ros2_ws/src/install/iiwa_mujoco_ros2/share/iiwa_mujoco_ros2/models/assets/link_7.obj
[0.295s] -- Up-to-date: /home/yaohouyu/ros2_ws/src/install/iiwa_mujoco_ros2/share/iiwa_mujoco_ros2/models/assets/link_2_grey.obj
[0.295s] -- Up-to-date: /home/yaohouyu/ros2_ws/src/install/iiwa_mujoco_ros2/share/iiwa_mujoco_ros2/models/assets/link_6_grey.obj
[0.295s] -- Up-to-date: /home/yaohouyu/ros2_ws/src/install/iiwa_mujoco_ros2/share/iiwa_mujoco_ros2/models/assets/link_1.obj
[0.295s] -- Up-to-date: /home/yaohouyu/ros2_ws/src/install/iiwa_mujoco_ros2/share/iiwa_mujoco_ros2/models/assets/link_4_grey.obj
[0.295s] -- Up-to-date: /home/yaohouyu/ros2_ws/src/install/iiwa_mujoco_ros2/share/iiwa_mujoco_ros2/models/iiwa14.xml
[0.295s] -- Up-to-date: /home/yaohouyu/ros2_ws/src/install/iiwa_mujoco_ros2/share/iiwa_mujoco_ros2/models/CHANGELOG.md
[0.295s] -- Up-to-date: /home/yaohouyu/ros2_ws/src/install/iiwa_mujoco_ros2/share/iiwa_mujoco_ros2/models/LICENSE
[0.295s] -- Up-to-date: /home/yaohouyu/ros2_ws/src/install/iiwa_mujoco_ros2/share/iiwa_mujoco_ros2/models/iiwa_14.png
[0.296s] -- Up-to-date: /home/yaohouyu/ros2_ws/src/install/iiwa_mujoco_ros2/share/iiwa_mujoco_ros2/launch
[0.296s] -- Up-to-date: /home/yaohouyu/ros2_ws/src/install/iiwa_mujoco_ros2/share/iiwa_mujoco_ros2/launch/simulation.launch.py
[0.296s] -- Up-to-date: /home/yaohouyu/ros2_ws/src/install/iiwa_mujoco_ros2/share/ament_index/resource_index/package_run_dependencies/iiwa_mujoco_ros2
[0.296s] -- Up-to-date: /home/yaohouyu/ros2_ws/src/install/iiwa_mujoco_ros2/share/ament_index/resource_index/parent_prefix_path/iiwa_mujoco_ros2
[0.296s] -- Up-to-date: /home/yaohouyu/ros2_ws/src/install/iiwa_mujoco_ros2/share/iiwa_mujoco_ros2/environment/ament_prefix_path.sh
[0.296s] -- Up-to-date: /home/yaohouyu/ros2_ws/src/install/iiwa_mujoco_ros2/share/iiwa_mujoco_ros2/environment/ament_prefix_path.dsv
[0.296s] -- Up-to-date: /home/yaohouyu/ros2_ws/src/install/iiwa_mujoco_ros2/share/iiwa_mujoco_ros2/environment/path.sh
[0.297s] -- Up-to-date: /home/yaohouyu/ros2_ws/src/install/iiwa_mujoco_ros2/share/iiwa_mujoco_ros2/environment/path.dsv
[0.297s] -- Up-to-date: /home/yaohouyu/ros2_ws/src/install/iiwa_mujoco_ros2/share/iiwa_mujoco_ros2/local_setup.bash
[0.297s] -- Up-to-date: /home/yaohouyu/ros2_ws/src/install/iiwa_mujoco_ros2/share/iiwa_mujoco_ros2/local_setup.sh
[0.297s] -- Up-to-date: /home/yaohouyu/ros2_ws/src/install/iiwa_mujoco_ros2/share/iiwa_mujoco_ros2/local_setup.zsh
[0.297s] -- Up-to-date: /home/yaohouyu/ros2_ws/src/install/iiwa_mujoco_ros2/share/iiwa_mujoco_ros2/local_setup.dsv
[0.297s] -- Installing: /home/yaohouyu/ros2_ws/src/install/iiwa_mujoco_ros2/share/iiwa_mujoco_ros2/package.dsv
[0.297s] -- Up-to-date: /home/yaohouyu/ros2_ws/src/install/iiwa_mujoco_ros2/share/ament_index/resource_index/packages/iiwa_mujoco_ros2
[0.297s] -- Up-to-date: /home/yaohouyu/ros2_ws/src/install/iiwa_mujoco_ros2/share/iiwa_mujoco_ros2/cmake/iiwa_mujoco_ros2Config.cmake
[0.297s] -- Up-to-date: /home/yaohouyu/ros2_ws/src/install/iiwa_mujoco_ros2/share/iiwa_mujoco_ros2/cmake/iiwa_mujoco_ros2Config-version.cmake
[0.298s] -- Up-to-date: /home/yaohouyu/ros2_ws/src/install/iiwa_mujoco_ros2/share/iiwa_mujoco_ros2/package.xml
[0.298s] Invoked command in '/home/yaohouyu/ros2_ws/src/build/iiwa_mujoco_ros2' returned '0': CMAKE_PREFIX_PATH=${CMAKE_PREFIX_PATH}:/home/yaohouyu/ros2_ws/src/install/iiwa_mujoco_viewer:/home/yaohouyu/ros2_ws/src/install/iiwa_mujoco_torque_viewer:/home/yaohouyu/ros2_ws/install/iiwa_mujoco_viewer:/opt/ros/jazzy DEBUGINFOD_URLS=https://debuginfod.ubuntu.com /usr/bin/cmake --install /home/yaohouyu/ros2_ws/src/build/iiwa_mujoco_ros2
