[0.010s] Invoking command in '/home/yaohouyu/ros2_mujoco_ws/build/iiwa_mujoco': CMAKE_PREFIX_PATH=${CMAKE_PREFIX_PATH}:/opt/ros/jazzy DEBUGINFOD_URLS=https://debuginfod.ubuntu.com /usr/bin/cmake --build /home/yaohouyu/ros2_mujoco_ws/build/iiwa_mujoco -- -j6 -l6
[0.057s] [ 33%] Built target iiwa_mujoco_node
[0.061s] [ 66%] Built target iiwa_pd_hold_node
[0.067s] [ 83%] [32mBuilding CXX object CMakeFiles/iiwa_controller_node.dir/src/iiwa_controller_node.cpp.o[0m
[5.028s] [100%] [32m[1mLinking CXX executable iiwa_controller_node[0m
[5.222s] [100%] Built target iiwa_controller_node
[5.229s] Invoked command in '/home/yaohouyu/ros2_mujoco_ws/build/iiwa_mujoco' returned '0': CMAKE_PREFIX_PATH=${CMAKE_PREFIX_PATH}:/opt/ros/jazzy DEBUGINFOD_URLS=https://debuginfod.ubuntu.com /usr/bin/cmake --build /home/yaohouyu/ros2_mujoco_ws/build/iiwa_mujoco -- -j6 -l6
[5.230s] Invoking command in '/home/yaohouyu/ros2_mujoco_ws/build/iiwa_mujoco': CMAKE_PREFIX_PATH=${CMAKE_PREFIX_PATH}:/opt/ros/jazzy DEBUGINFOD_URLS=https://debuginfod.ubuntu.com /usr/bin/cmake --install /home/yaohouyu/ros2_mujoco_ws/build/iiwa_mujoco
[5.235s] -- Install configuration: ""
[5.235s] -- Installing: /home/yaohouyu/ros2_mujoco_ws/install/iiwa_mujoco/lib/iiwa_mujoco/iiwa_controller_node
[5.238s] -- Set non-toolchain portion of runtime path of "/home/yaohouyu/ros2_mujoco_ws/install/iiwa_mujoco/lib/iiwa_mujoco/iiwa_controller_node" to ""
[5.238s] -- Up-to-date: /home/yaohouyu/ros2_mujoco_ws/install/iiwa_mujoco/lib/iiwa_mujoco/iiwa_mujoco_node
[5.238s] -- Up-to-date: /home/yaohouyu/ros2_mujoco_ws/install/iiwa_mujoco/lib/iiwa_mujoco/iiwa_pd_hold_node
[5.238s] -- Up-to-date: /home/yaohouyu/ros2_mujoco_ws/install/iiwa_mujoco/share/ament_index/resource_index/package_run_dependencies/iiwa_mujoco
[5.238s] -- Up-to-date: /home/yaohouyu/ros2_mujoco_ws/install/iiwa_mujoco/share/ament_index/resource_index/parent_prefix_path/iiwa_mujoco
[5.238s] -- Up-to-date: /home/yaohouyu/ros2_mujoco_ws/install/iiwa_mujoco/share/iiwa_mujoco/environment/ament_prefix_path.sh
[5.238s] -- Up-to-date: /home/yaohouyu/ros2_mujoco_ws/install/iiwa_mujoco/share/iiwa_mujoco/environment/ament_prefix_path.dsv
[5.238s] -- Up-to-date: /home/yaohouyu/ros2_mujoco_ws/install/iiwa_mujoco/share/iiwa_mujoco/environment/path.sh
[5.238s] -- Up-to-date: /home/yaohouyu/ros2_mujoco_ws/install/iiwa_mujoco/share/iiwa_mujoco/environment/path.dsv
[5.238s] -- Up-to-date: /home/yaohouyu/ros2_mujoco_ws/install/iiwa_mujoco/share/iiwa_mujoco/local_setup.bash
[5.238s] -- Up-to-date: /home/yaohouyu/ros2_mujoco_ws/install/iiwa_mujoco/share/iiwa_mujoco/local_setup.sh
[5.238s] -- Up-to-date: /home/yaohouyu/ros2_mujoco_ws/install/iiwa_mujoco/share/iiwa_mujoco/local_setup.zsh
[5.238s] -- Up-to-date: /home/yaohouyu/ros2_mujoco_ws/install/iiwa_mujoco/share/iiwa_mujoco/local_setup.dsv
[5.238s] -- Installing: /home/yaohouyu/ros2_mujoco_ws/install/iiwa_mujoco/share/iiwa_mujoco/package.dsv
[5.238s] -- Up-to-date: /home/yaohouyu/ros2_mujoco_ws/install/iiwa_mujoco/share/ament_index/resource_index/packages/iiwa_mujoco
[5.238s] -- Up-to-date: /home/yaohouyu/ros2_mujoco_ws/install/iiwa_mujoco/share/iiwa_mujoco/cmake/iiwa_mujocoConfig.cmake
[5.239s] -- Up-to-date: /home/yaohouyu/ros2_mujoco_ws/install/iiwa_mujoco/share/iiwa_mujoco/cmake/iiwa_mujocoConfig-version.cmake
[5.239s] -- Up-to-date: /home/yaohouyu/ros2_mujoco_ws/install/iiwa_mujoco/share/iiwa_mujoco/package.xml
[5.240s] Invoked command in '/home/yaohouyu/ros2_mujoco_ws/build/iiwa_mujoco' returned '0': CMAKE_PREFIX_PATH=${CMAKE_PREFIX_PATH}:/opt/ros/jazzy DEBUGINFOD_URLS=https://debuginfod.ubuntu.com /usr/bin/cmake --install /home/yaohouyu/ros2_mujoco_ws/build/iiwa_mujoco
