[100%] Built target torque_controller
-- Install configuration: ""
-- Up-to-date: /home/yaohouyu/ros2_ws/src/install/iiwa_mujoco_torque/lib/iiwa_mujoco_torque/torque_controller
-- Up-to-date: /home/yaohouyu/ros2_ws/src/install/iiwa_mujoco_torque/share/iiwa_mujoco_torque/models
-- Up-to-date: /home/yaohouyu/ros2_ws/src/install/iiwa_mujoco_torque/share/iiwa_mujoco_torque/models/scene2.xml
-- Up-to-date: /home/yaohouyu/ros2_ws/src/install/iiwa_mujoco_torque/share/iiwa_mujoco_torque/models/README.md
-- Up-to-date: /home/yaohouyu/ros2_ws/src/install/iiwa_mujoco_torque/share/iiwa_mujoco_torque/models/scene.xml
-- Up-to-date: /home/yaohouyu/ros2_ws/src/install/iiwa_mujoco_torque/share/iiwa_mujoco_torque/models/assets
-- Up-to-date: /home/yaohouyu/ros2_ws/src/install/iiwa_mujoco_torque/share/iiwa_mujoco_torque/models/assets/link_5.obj
-- Up-to-date: /home/yaohouyu/ros2_ws/src/install/iiwa_mujoco_torque/share/iiwa_mujoco_torque/models/assets/band.obj
-- Up-to-date: /home/yaohouyu/ros2_ws/src/install/iiwa_mujoco_torque/share/iiwa_mujoco_torque/models/assets/link_6_orange.obj
-- Up-to-date: /home/yaohouyu/ros2_ws/src/install/iiwa_mujoco_torque/share/iiwa_mujoco_torque/models/assets/kuka.obj
-- Up-to-date: /home/yaohouyu/ros2_ws/src/install/iiwa_mujoco_torque/share/iiwa_mujoco_torque/models/assets/link_0.obj
-- Up-to-date: /home/yaohouyu/ros2_ws/src/install/iiwa_mujoco_torque/share/iiwa_mujoco_torque/models/assets/link_4_orange.obj
-- Up-to-date: /home/yaohouyu/ros2_ws/src/install/iiwa_mujoco_torque/share/iiwa_mujoco_torque/models/assets/link_3.obj
-- Up-to-date: /home/yaohouyu/ros2_ws/src/install/iiwa_mujoco_torque/share/iiwa_mujoco_torque/models/assets/link_2_orange.obj
-- Up-to-date: /home/yaohouyu/ros2_ws/src/install/iiwa_mujoco_torque/share/iiwa_mujoco_torque/models/assets/link_7.obj
-- Up-to-date: /home/yaohouyu/ros2_ws/src/install/iiwa_mujoco_torque/share/iiwa_mujoco_torque/models/assets/link_2_grey.obj
-- Up-to-date: /home/yaohouyu/ros2_ws/src/install/iiwa_mujoco_torque/share/iiwa_mujoco_torque/models/assets/link_6_grey.obj
-- Up-to-date: /home/yaohouyu/ros2_ws/src/install/iiwa_mujoco_torque/share/iiwa_mujoco_torque/models/assets/link_1.obj
-- Up-to-date: /home/yaohouyu/ros2_ws/src/install/iiwa_mujoco_torque/share/iiwa_mujoco_torque/models/assets/link_4_grey.obj
-- Up-to-date: /home/yaohouyu/ros2_ws/src/install/iiwa_mujoco_torque/share/iiwa_mujoco_torque/models/iiwa14.xml
-- Up-to-date: /home/yaohouyu/ros2_ws/src/install/iiwa_mujoco_torque/share/iiwa_mujoco_torque/models/CHANGELOG.md
-- Up-to-date: /home/yaohouyu/ros2_ws/src/install/iiwa_mujoco_torque/share/iiwa_mujoco_torque/models/LICENSE
-- Up-to-date: /home/yaohouyu/ros2_ws/src/install/iiwa_mujoco_torque/share/iiwa_mujoco_torque/models/iiwa_14.png
-- Up-to-date: /home/yaohouyu/ros2_ws/src/install/iiwa_mujoco_torque/share/ament_index/resource_index/package_run_dependencies/iiwa_mujoco_torque
-- Up-to-date: /home/yaohouyu/ros2_ws/src/install/iiwa_mujoco_torque/share/ament_index/resource_index/parent_prefix_path/iiwa_mujoco_torque
-- Up-to-date: /home/yaohouyu/ros2_ws/src/install/iiwa_mujoco_torque/share/iiwa_mujoco_torque/environment/ament_prefix_path.sh
-- Up-to-date: /home/yaohouyu/ros2_ws/src/install/iiwa_mujoco_torque/share/iiwa_mujoco_torque/environment/ament_prefix_path.dsv
-- Up-to-date: /home/yaohouyu/ros2_ws/src/install/iiwa_mujoco_torque/share/iiwa_mujoco_torque/environment/path.sh
-- Up-to-date: /home/yaohouyu/ros2_ws/src/install/iiwa_mujoco_torque/share/iiwa_mujoco_torque/environment/path.dsv
-- Up-to-date: /home/yaohouyu/ros2_ws/src/install/iiwa_mujoco_torque/share/iiwa_mujoco_torque/local_setup.bash
-- Up-to-date: /home/yaohouyu/ros2_ws/src/install/iiwa_mujoco_torque/share/iiwa_mujoco_torque/local_setup.sh
-- Up-to-date: /home/yaohouyu/ros2_ws/src/install/iiwa_mujoco_torque/share/iiwa_mujoco_torque/local_setup.zsh
-- Up-to-date: /home/yaohouyu/ros2_ws/src/install/iiwa_mujoco_torque/share/iiwa_mujoco_torque/local_setup.dsv
-- Installing: /home/yaohouyu/ros2_ws/src/install/iiwa_mujoco_torque/share/iiwa_mujoco_torque/package.dsv
-- Up-to-date: /home/yaohouyu/ros2_ws/src/install/iiwa_mujoco_torque/share/ament_index/resource_index/packages/iiwa_mujoco_torque
-- Up-to-date: /home/yaohouyu/ros2_ws/src/install/iiwa_mujoco_torque/share/iiwa_mujoco_torque/cmake/iiwa_mujoco_torqueConfig.cmake
-- Up-to-date: /home/yaohouyu/ros2_ws/src/install/iiwa_mujoco_torque/share/iiwa_mujoco_torque/cmake/iiwa_mujoco_torqueConfig-version.cmake
-- Up-to-date: /home/yaohouyu/ros2_ws/src/install/iiwa_mujoco_torque/share/iiwa_mujoco_torque/package.xml
