[0.014s] Invoking command in '/home/yaohouyu/ros2_ws/src/build/iiwa_mujoco_torque': CMAKE_PREFIX_PATH=${CMAKE_PREFIX_PATH}:/home/yaohouyu/ros2_ws/src/install/iiwa_mujoco_viewer:/home/yaohouyu/ros2_ws/src/install/iiwa_mujoco_torque_viewer:/home/yaohouyu/ros2_ws/install/iiwa_mujoco_viewer:/opt/ros/jazzy DEBUGINFOD_URLS=https://debuginfod.ubuntu.com /usr/bin/cmake --build /home/yaohouyu/ros2_ws/src/build/iiwa_mujoco_torque -- -j6 -l6
[0.152s] [100%] Built target torque_controller
[0.161s] Invoked command in '/home/yaohouyu/ros2_ws/src/build/iiwa_mujoco_torque' returned '0': CMAKE_PREFIX_PATH=${CMAKE_PREFIX_PATH}:/home/yaohouyu/ros2_ws/src/install/iiwa_mujoco_viewer:/home/yaohouyu/ros2_ws/src/install/iiwa_mujoco_torque_viewer:/home/yaohouyu/ros2_ws/install/iiwa_mujoco_viewer:/opt/ros/jazzy DEBUGINFOD_URLS=https://debuginfod.ubuntu.com /usr/bin/cmake --build /home/yaohouyu/ros2_ws/src/build/iiwa_mujoco_torque -- -j6 -l6
[0.161s] Invoking command in '/home/yaohouyu/ros2_ws/src/build/iiwa_mujoco_torque': CMAKE_PREFIX_PATH=${CMAKE_PREFIX_PATH}:/home/yaohouyu/ros2_ws/src/install/iiwa_mujoco_viewer:/home/yaohouyu/ros2_ws/src/install/iiwa_mujoco_torque_viewer:/home/yaohouyu/ros2_ws/install/iiwa_mujoco_viewer:/opt/ros/jazzy DEBUGINFOD_URLS=https://debuginfod.ubuntu.com /usr/bin/cmake --install /home/yaohouyu/ros2_ws/src/build/iiwa_mujoco_torque
[0.291s] -- Install configuration: ""
[0.291s] -- Up-to-date: /home/yaohouyu/ros2_ws/src/install/iiwa_mujoco_torque/lib/iiwa_mujoco_torque/torque_controller
[0.291s] -- Up-to-date: /home/yaohouyu/ros2_ws/src/install/iiwa_mujoco_torque/share/iiwa_mujoco_torque/models
[0.291s] -- Up-to-date: /home/yaohouyu/ros2_ws/src/install/iiwa_mujoco_torque/share/iiwa_mujoco_torque/models/scene2.xml
[0.291s] -- Up-to-date: /home/yaohouyu/ros2_ws/src/install/iiwa_mujoco_torque/share/iiwa_mujoco_torque/models/README.md
[0.291s] -- Up-to-date: /home/yaohouyu/ros2_ws/src/install/iiwa_mujoco_torque/share/iiwa_mujoco_torque/models/scene.xml
[0.291s] -- Up-to-date: /home/yaohouyu/ros2_ws/src/install/iiwa_mujoco_torque/share/iiwa_mujoco_torque/models/assets
[0.291s] -- Up-to-date: /home/yaohouyu/ros2_ws/src/install/iiwa_mujoco_torque/share/iiwa_mujoco_torque/models/assets/link_5.obj
[0.292s] -- Up-to-date: /home/yaohouyu/ros2_ws/src/install/iiwa_mujoco_torque/share/iiwa_mujoco_torque/models/assets/band.obj
[0.292s] -- Up-to-date: /home/yaohouyu/ros2_ws/src/install/iiwa_mujoco_torque/share/iiwa_mujoco_torque/models/assets/link_6_orange.obj
[0.292s] -- Up-to-date: /home/yaohouyu/ros2_ws/src/install/iiwa_mujoco_torque/share/iiwa_mujoco_torque/models/assets/kuka.obj
[0.292s] -- Up-to-date: /home/yaohouyu/ros2_ws/src/install/iiwa_mujoco_torque/share/iiwa_mujoco_torque/models/assets/link_0.obj
[0.292s] -- Up-to-date: /home/yaohouyu/ros2_ws/src/install/iiwa_mujoco_torque/share/iiwa_mujoco_torque/models/assets/link_4_orange.obj
[0.292s] -- Up-to-date: /home/yaohouyu/ros2_ws/src/install/iiwa_mujoco_torque/share/iiwa_mujoco_torque/models/assets/link_3.obj
[0.292s] -- Up-to-date: /home/yaohouyu/ros2_ws/src/install/iiwa_mujoco_torque/share/iiwa_mujoco_torque/models/assets/link_2_orange.obj
[0.292s] -- Up-to-date: /home/yaohouyu/ros2_ws/src/install/iiwa_mujoco_torque/share/iiwa_mujoco_torque/models/assets/link_7.obj
[0.292s] -- Up-to-date: /home/yaohouyu/ros2_ws/src/install/iiwa_mujoco_torque/share/iiwa_mujoco_torque/models/assets/link_2_grey.obj
[0.292s] -- Up-to-date: /home/yaohouyu/ros2_ws/src/install/iiwa_mujoco_torque/share/iiwa_mujoco_torque/models/assets/link_6_grey.obj
[0.292s] -- Up-to-date: /home/yaohouyu/ros2_ws/src/install/iiwa_mujoco_torque/share/iiwa_mujoco_torque/models/assets/link_1.obj
[0.292s] -- Up-to-date: /home/yaohouyu/ros2_ws/src/install/iiwa_mujoco_torque/share/iiwa_mujoco_torque/models/assets/link_4_grey.obj
[0.293s] -- Up-to-date: /home/yaohouyu/ros2_ws/src/install/iiwa_mujoco_torque/share/iiwa_mujoco_torque/models/iiwa14.xml
[0.293s] -- Up-to-date: /home/yaohouyu/ros2_ws/src/install/iiwa_mujoco_torque/share/iiwa_mujoco_torque/models/CHANGELOG.md
[0.293s] -- Up-to-date: /home/yaohouyu/ros2_ws/src/install/iiwa_mujoco_torque/share/iiwa_mujoco_torque/models/LICENSE
[0.293s] -- Up-to-date: /home/yaohouyu/ros2_ws/src/install/iiwa_mujoco_torque/share/iiwa_mujoco_torque/models/iiwa_14.png
[0.293s] -- Up-to-date: /home/yaohouyu/ros2_ws/src/install/iiwa_mujoco_torque/share/ament_index/resource_index/package_run_dependencies/iiwa_mujoco_torque
[0.293s] -- Up-to-date: /home/yaohouyu/ros2_ws/src/install/iiwa_mujoco_torque/share/ament_index/resource_index/parent_prefix_path/iiwa_mujoco_torque
[0.293s] -- Up-to-date: /home/yaohouyu/ros2_ws/src/install/iiwa_mujoco_torque/share/iiwa_mujoco_torque/environment/ament_prefix_path.sh
[0.293s] -- Up-to-date: /home/yaohouyu/ros2_ws/src/install/iiwa_mujoco_torque/share/iiwa_mujoco_torque/environment/ament_prefix_path.dsv
[0.293s] -- Up-to-date: /home/yaohouyu/ros2_ws/src/install/iiwa_mujoco_torque/share/iiwa_mujoco_torque/environment/path.sh
[0.293s] -- Up-to-date: /home/yaohouyu/ros2_ws/src/install/iiwa_mujoco_torque/share/iiwa_mujoco_torque/environment/path.dsv
[0.293s] -- Up-to-date: /home/yaohouyu/ros2_ws/src/install/iiwa_mujoco_torque/share/iiwa_mujoco_torque/local_setup.bash
[0.294s] -- Up-to-date: /home/yaohouyu/ros2_ws/src/install/iiwa_mujoco_torque/share/iiwa_mujoco_torque/local_setup.sh
[0.294s] -- Up-to-date: /home/yaohouyu/ros2_ws/src/install/iiwa_mujoco_torque/share/iiwa_mujoco_torque/local_setup.zsh
[0.294s] -- Up-to-date: /home/yaohouyu/ros2_ws/src/install/iiwa_mujoco_torque/share/iiwa_mujoco_torque/local_setup.dsv
[0.294s] -- Installing: /home/yaohouyu/ros2_ws/src/install/iiwa_mujoco_torque/share/iiwa_mujoco_torque/package.dsv
[0.294s] -- Up-to-date: /home/yaohouyu/ros2_ws/src/install/iiwa_mujoco_torque/share/ament_index/resource_index/packages/iiwa_mujoco_torque
[0.294s] -- Up-to-date: /home/yaohouyu/ros2_ws/src/install/iiwa_mujoco_torque/share/iiwa_mujoco_torque/cmake/iiwa_mujoco_torqueConfig.cmake
[0.294s] -- Up-to-date: /home/yaohouyu/ros2_ws/src/install/iiwa_mujoco_torque/share/iiwa_mujoco_torque/cmake/iiwa_mujoco_torqueConfig-version.cmake
[0.294s] -- Up-to-date: /home/yaohouyu/ros2_ws/src/install/iiwa_mujoco_torque/share/iiwa_mujoco_torque/package.xml
[0.309s] Invoked command in '/home/yaohouyu/ros2_ws/src/build/iiwa_mujoco_torque' returned '0': CMAKE_PREFIX_PATH=${CMAKE_PREFIX_PATH}:/home/yaohouyu/ros2_ws/src/install/iiwa_mujoco_viewer:/home/yaohouyu/ros2_ws/src/install/iiwa_mujoco_torque_viewer:/home/yaohouyu/ros2_ws/install/iiwa_mujoco_viewer:/opt/ros/jazzy DEBUGINFOD_URLS=https://debuginfod.ubuntu.com /usr/bin/cmake --install /home/yaohouyu/ros2_ws/src/build/iiwa_mujoco_torque
