[0.614s] Invoking command in '/home/yaohouyu/ros2_ws/src/iiwa_mujoco_torque_viewer': DEBUGINFOD_URLS=https://debuginfod.ubuntu.com PYTHONPATH=/home/yaohouyu/ros2_ws/src/build/iiwa_mujoco_torque_viewer/prefix_override:/usr/lib/python3/dist-packages/colcon_core/task/python/colcon_distutils_commands:/home/yaohouyu/ros2_ws/src/install/iiwa_mujoco_torque_viewer/lib/python3.12/site-packages:${PYTHONPATH} /usr/bin/python3 -W ignore:setup.py install is deprecated -W ignore:easy_install command is deprecated setup.py egg_info --egg-base ../build/iiwa_mujoco_torque_viewer build --build-base /home/yaohouyu/ros2_ws/src/build/iiwa_mujoco_torque_viewer/build install --record /home/yaohouyu/ros2_ws/src/build/iiwa_mujoco_torque_viewer/install.log --single-version-externally-managed install_data
[0.764s] running egg_info
[0.773s] writing ../build/iiwa_mujoco_torque_viewer/iiwa_mujoco_torque_viewer.egg-info/PKG-INFO
[0.773s] writing dependency_links to ../build/iiwa_mujoco_torque_viewer/iiwa_mujoco_torque_viewer.egg-info/dependency_links.txt
[0.773s] writing entry points to ../build/iiwa_mujoco_torque_viewer/iiwa_mujoco_torque_viewer.egg-info/entry_points.txt
[0.773s] writing requirements to ../build/iiwa_mujoco_torque_viewer/iiwa_mujoco_torque_viewer.egg-info/requires.txt
[0.773s] writing top-level names to ../build/iiwa_mujoco_torque_viewer/iiwa_mujoco_torque_viewer.egg-info/top_level.txt
[0.792s] reading manifest file '../build/iiwa_mujoco_torque_viewer/iiwa_mujoco_torque_viewer.egg-info/SOURCES.txt'
[0.793s] writing manifest file '../build/iiwa_mujoco_torque_viewer/iiwa_mujoco_torque_viewer.egg-info/SOURCES.txt'
[0.793s] running build
[0.793s] running build_py
[0.793s] running install
[0.797s] running install_lib
[0.806s] running install_data
[0.807s] running install_egg_info
[0.818s] removing '/home/yaohouyu/ros2_ws/src/install/iiwa_mujoco_torque_viewer/lib/python3.12/site-packages/iiwa_mujoco_torque_viewer-0.0.0-py3.12.egg-info' (and everything under it)
[0.819s] Copying ../build/iiwa_mujoco_torque_viewer/iiwa_mujoco_torque_viewer.egg-info to /home/yaohouyu/ros2_ws/src/install/iiwa_mujoco_torque_viewer/lib/python3.12/site-packages/iiwa_mujoco_torque_viewer-0.0.0-py3.12.egg-info
[0.819s] running install_scripts
[0.890s] Installing torque_viewer script to /home/yaohouyu/ros2_ws/src/install/iiwa_mujoco_torque_viewer/lib/iiwa_mujoco_torque_viewer
[0.890s] writing list of installed files to '/home/yaohouyu/ros2_ws/src/build/iiwa_mujoco_torque_viewer/install.log'
[0.907s] Invoked command in '/home/yaohouyu/ros2_ws/src/iiwa_mujoco_torque_viewer' returned '0': DEBUGINFOD_URLS=https://debuginfod.ubuntu.com PYTHONPATH=/home/yaohouyu/ros2_ws/src/build/iiwa_mujoco_torque_viewer/prefix_override:/usr/lib/python3/dist-packages/colcon_core/task/python/colcon_distutils_commands:/home/yaohouyu/ros2_ws/src/install/iiwa_mujoco_torque_viewer/lib/python3.12/site-packages:${PYTHONPATH} /usr/bin/python3 -W ignore:setup.py install is deprecated -W ignore:easy_install command is deprecated setup.py egg_info --egg-base ../build/iiwa_mujoco_torque_viewer build --build-base /home/yaohouyu/ros2_ws/src/build/iiwa_mujoco_torque_viewer/build install --record /home/yaohouyu/ros2_ws/src/build/iiwa_mujoco_torque_viewer/install.log --single-version-externally-managed install_data
