[0.070s] DEBUG:colcon:Command line arguments: ['/usr/bin/colcon', 'build']
[0.070s] DEBUG:colcon:Parsed command line arguments: Namespace(log_base=None, log_level=None, verb_name='build', build_base='build', install_base='install', merge_install=False, symlink_install=False, test_result_base=None, continue_on_error=False, executor='parallel', parallel_workers=6, event_handlers=None, ignore_user_meta=False, metas=['./colcon.meta'], base_paths=['.'], packages_ignore=None, packages_ignore_regex=None, paths=None, packages_up_to=None, packages_up_to_regex=None, packages_above=None, packages_above_and_dependencies=None, packages_above_depth=None, packages_select_by_dep=None, packages_skip_by_dep=None, packages_skip_up_to=None, packages_select_build_failed=False, packages_skip_build_finished=False, packages_select_test_failures=False, packages_skip_test_passed=False, packages_select=None, packages_skip=None, packages_select_regex=None, packages_skip_regex=None, packages_start=None, packages_end=None, allow_overriding=[], cmake_args=None, cmake_target=None, cmake_target_skip_unavailable=False, cmake_clean_cache=False, cmake_clean_first=False, cmake_force_configure=False, ament_cmake_args=None, catkin_cmake_args=None, catkin_skip_building_tests=False, verb_parser=<colcon_defaults.argument_parser.defaults.DefaultArgumentsDecorator object at 0x7ab50a875490>, verb_extension=<colcon_core.verb.build.BuildVerb object at 0x7ab50a9efef0>, main=<bound method BuildVerb.main of <colcon_core.verb.build.BuildVerb object at 0x7ab50a9efef0>>)
[0.094s] Level 1:colcon.colcon_core.package_discovery:discover_packages(colcon_meta) check parameters
[0.094s] Level 1:colcon.colcon_core.package_discovery:discover_packages(recursive) check parameters
[0.094s] Level 1:colcon.colcon_core.package_discovery:discover_packages(ignore) check parameters
[0.094s] Level 1:colcon.colcon_core.package_discovery:discover_packages(path) check parameters
[0.094s] Level 1:colcon.colcon_core.package_discovery:discover_packages(colcon_meta) discover
[0.095s] Level 1:colcon.colcon_core.package_discovery:discover_packages(recursive) discover
[0.095s] INFO:colcon.colcon_core.package_discovery:Crawling recursively for packages in '/home/yaohouyu/ros2_mujoco_ws'
[0.095s] Level 1:colcon.colcon_core.package_identification:_identify(.) by extensions ['ignore', 'ignore_ament_install']
[0.095s] Level 1:colcon.colcon_core.package_identification:_identify(.) by extension 'ignore'
[0.095s] Level 1:colcon.colcon_core.package_identification:_identify(.) by extension 'ignore_ament_install'
[0.095s] Level 1:colcon.colcon_core.package_identification:_identify(.) by extensions ['colcon_pkg']
[0.095s] Level 1:colcon.colcon_core.package_identification:_identify(.) by extension 'colcon_pkg'
[0.095s] Level 1:colcon.colcon_core.package_identification:_identify(.) by extensions ['colcon_meta']
[0.095s] Level 1:colcon.colcon_core.package_identification:_identify(.) by extension 'colcon_meta'
[0.095s] Level 1:colcon.colcon_core.package_identification:_identify(.) by extensions ['ros']
[0.095s] Level 1:colcon.colcon_core.package_identification:_identify(.) by extension 'ros'
[0.109s] Level 1:colcon.colcon_core.package_identification:_identify(.) by extensions ['cmake', 'python']
[0.110s] Level 1:colcon.colcon_core.package_identification:_identify(.) by extension 'cmake'
[0.110s] Level 1:colcon.colcon_core.package_identification:_identify(.) by extension 'python'
[0.110s] Level 1:colcon.colcon_core.package_identification:_identify(.) by extensions ['python_setup_py']
[0.110s] Level 1:colcon.colcon_core.package_identification:_identify(.) by extension 'python_setup_py'
[0.110s] Level 1:colcon.colcon_core.package_identification:_identify(build) by extensions ['ignore', 'ignore_ament_install']
[0.110s] Level 1:colcon.colcon_core.package_identification:_identify(build) by extension 'ignore'
[0.110s] Level 1:colcon.colcon_core.package_identification:_identify(build) ignored
[0.110s] Level 1:colcon.colcon_core.package_identification:_identify(install) by extensions ['ignore', 'ignore_ament_install']
[0.110s] Level 1:colcon.colcon_core.package_identification:_identify(install) by extension 'ignore'
[0.110s] Level 1:colcon.colcon_core.package_identification:_identify(install) ignored
[0.110s] Level 1:colcon.colcon_core.package_identification:_identify(log) by extensions ['ignore', 'ignore_ament_install']
[0.110s] Level 1:colcon.colcon_core.package_identification:_identify(log) by extension 'ignore'
[0.110s] Level 1:colcon.colcon_core.package_identification:_identify(log) ignored
[0.110s] Level 1:colcon.colcon_core.package_identification:_identify(src) by extensions ['ignore', 'ignore_ament_install']
[0.110s] Level 1:colcon.colcon_core.package_identification:_identify(src) by extension 'ignore'
[0.110s] Level 1:colcon.colcon_core.package_identification:_identify(src) by extension 'ignore_ament_install'
[0.110s] Level 1:colcon.colcon_core.package_identification:_identify(src) by extensions ['colcon_pkg']
[0.110s] Level 1:colcon.colcon_core.package_identification:_identify(src) by extension 'colcon_pkg'
[0.110s] Level 1:colcon.colcon_core.package_identification:_identify(src) by extensions ['colcon_meta']
[0.110s] Level 1:colcon.colcon_core.package_identification:_identify(src) by extension 'colcon_meta'
[0.110s] Level 1:colcon.colcon_core.package_identification:_identify(src) by extensions ['ros']
[0.110s] Level 1:colcon.colcon_core.package_identification:_identify(src) by extension 'ros'
[0.110s] Level 1:colcon.colcon_core.package_identification:_identify(src) by extensions ['cmake', 'python']
[0.110s] Level 1:colcon.colcon_core.package_identification:_identify(src) by extension 'cmake'
[0.110s] Level 1:colcon.colcon_core.package_identification:_identify(src) by extension 'python'
[0.110s] Level 1:colcon.colcon_core.package_identification:_identify(src) by extensions ['python_setup_py']
[0.110s] Level 1:colcon.colcon_core.package_identification:_identify(src) by extension 'python_setup_py'
[0.110s] Level 1:colcon.colcon_core.package_identification:_identify(src/iiwa_mujoco) by extensions ['ignore', 'ignore_ament_install']
[0.110s] Level 1:colcon.colcon_core.package_identification:_identify(src/iiwa_mujoco) by extension 'ignore'
[0.110s] Level 1:colcon.colcon_core.package_identification:_identify(src/iiwa_mujoco) by extension 'ignore_ament_install'
[0.110s] Level 1:colcon.colcon_core.package_identification:_identify(src/iiwa_mujoco) by extensions ['colcon_pkg']
[0.110s] Level 1:colcon.colcon_core.package_identification:_identify(src/iiwa_mujoco) by extension 'colcon_pkg'
[0.110s] Level 1:colcon.colcon_core.package_identification:_identify(src/iiwa_mujoco) by extensions ['colcon_meta']
[0.110s] Level 1:colcon.colcon_core.package_identification:_identify(src/iiwa_mujoco) by extension 'colcon_meta'
[0.110s] Level 1:colcon.colcon_core.package_identification:_identify(src/iiwa_mujoco) by extensions ['ros']
[0.110s] Level 1:colcon.colcon_core.package_identification:_identify(src/iiwa_mujoco) by extension 'ros'
[0.112s] DEBUG:colcon.colcon_core.package_identification:Package 'src/iiwa_mujoco' with type 'ros.ament_cmake' and name 'iiwa_mujoco'
[0.112s] Level 1:colcon.colcon_core.package_identification:_identify(src/iiwa_mujoco_ros2) by extensions ['ignore', 'ignore_ament_install']
[0.112s] Level 1:colcon.colcon_core.package_identification:_identify(src/iiwa_mujoco_ros2) by extension 'ignore'
[0.112s] Level 1:colcon.colcon_core.package_identification:_identify(src/iiwa_mujoco_ros2) by extension 'ignore_ament_install'
[0.112s] Level 1:colcon.colcon_core.package_identification:_identify(src/iiwa_mujoco_ros2) by extensions ['colcon_pkg']
[0.112s] Level 1:colcon.colcon_core.package_identification:_identify(src/iiwa_mujoco_ros2) by extension 'colcon_pkg'
[0.112s] Level 1:colcon.colcon_core.package_identification:_identify(src/iiwa_mujoco_ros2) by extensions ['colcon_meta']
[0.112s] Level 1:colcon.colcon_core.package_identification:_identify(src/iiwa_mujoco_ros2) by extension 'colcon_meta'
[0.112s] Level 1:colcon.colcon_core.package_identification:_identify(src/iiwa_mujoco_ros2) by extensions ['ros']
[0.112s] Level 1:colcon.colcon_core.package_identification:_identify(src/iiwa_mujoco_ros2) by extension 'ros'
[0.112s] DEBUG:colcon.colcon_core.package_identification:Package 'src/iiwa_mujoco_ros2' with type 'ros.ament_cmake' and name 'iiwa_mujoco_ros2'
[0.112s] Level 1:colcon.colcon_core.package_identification:_identify(src/iiwa_mujoco_torque) by extensions ['ignore', 'ignore_ament_install']
[0.112s] Level 1:colcon.colcon_core.package_identification:_identify(src/iiwa_mujoco_torque) by extension 'ignore'
[0.112s] Level 1:colcon.colcon_core.package_identification:_identify(src/iiwa_mujoco_torque) by extension 'ignore_ament_install'
[0.113s] Level 1:colcon.colcon_core.package_identification:_identify(src/iiwa_mujoco_torque) by extensions ['colcon_pkg']
[0.113s] Level 1:colcon.colcon_core.package_identification:_identify(src/iiwa_mujoco_torque) by extension 'colcon_pkg'
[0.113s] Level 1:colcon.colcon_core.package_identification:_identify(src/iiwa_mujoco_torque) by extensions ['colcon_meta']
[0.113s] Level 1:colcon.colcon_core.package_identification:_identify(src/iiwa_mujoco_torque) by extension 'colcon_meta'
[0.113s] Level 1:colcon.colcon_core.package_identification:_identify(src/iiwa_mujoco_torque) by extensions ['ros']
[0.113s] Level 1:colcon.colcon_core.package_identification:_identify(src/iiwa_mujoco_torque) by extension 'ros'
[0.113s] DEBUG:colcon.colcon_core.package_identification:Package 'src/iiwa_mujoco_torque' with type 'ros.ament_cmake' and name 'iiwa_mujoco_torque'
[0.113s] Level 1:colcon.colcon_core.package_identification:_identify(summary) by extensions ['ignore', 'ignore_ament_install']
[0.113s] Level 1:colcon.colcon_core.package_identification:_identify(summary) by extension 'ignore'
[0.113s] Level 1:colcon.colcon_core.package_identification:_identify(summary) by extension 'ignore_ament_install'
[0.113s] Level 1:colcon.colcon_core.package_identification:_identify(summary) by extensions ['colcon_pkg']
[0.113s] Level 1:colcon.colcon_core.package_identification:_identify(summary) by extension 'colcon_pkg'
[0.113s] Level 1:colcon.colcon_core.package_identification:_identify(summary) by extensions ['colcon_meta']
[0.113s] Level 1:colcon.colcon_core.package_identification:_identify(summary) by extension 'colcon_meta'
[0.113s] Level 1:colcon.colcon_core.package_identification:_identify(summary) by extensions ['ros']
[0.113s] Level 1:colcon.colcon_core.package_identification:_identify(summary) by extension 'ros'
[0.113s] Level 1:colcon.colcon_core.package_identification:_identify(summary) by extensions ['cmake', 'python']
[0.113s] Level 1:colcon.colcon_core.package_identification:_identify(summary) by extension 'cmake'
[0.113s] Level 1:colcon.colcon_core.package_identification:_identify(summary) by extension 'python'
[0.113s] Level 1:colcon.colcon_core.package_identification:_identify(summary) by extensions ['python_setup_py']
[0.113s] Level 1:colcon.colcon_core.package_identification:_identify(summary) by extension 'python_setup_py'
[0.113s] Level 1:colcon.colcon_core.package_discovery:discover_packages(recursive) using defaults
[0.113s] Level 1:colcon.colcon_core.package_discovery:discover_packages(ignore) discover
[0.113s] Level 1:colcon.colcon_core.package_discovery:discover_packages(ignore) using defaults
[0.113s] Level 1:colcon.colcon_core.package_discovery:discover_packages(path) discover
[0.113s] Level 1:colcon.colcon_core.package_discovery:discover_packages(path) using defaults
[0.124s] Level 1:colcon.colcon_core.package_discovery:discover_packages(prefix_path) check parameters
[0.124s] Level 1:colcon.colcon_core.package_discovery:discover_packages(prefix_path) discover
[0.125s] DEBUG:colcon.colcon_installed_package_information.package_discovery:Found 285 installed packages in /opt/ros/jazzy
[0.126s] Level 1:colcon.colcon_core.package_discovery:discover_packages(prefix_path) using defaults
[0.145s] Level 5:colcon.colcon_core.verb:set package 'iiwa_mujoco' build argument 'cmake_args' from command line to 'None'
[0.145s] Level 5:colcon.colcon_core.verb:set package 'iiwa_mujoco' build argument 'cmake_target' from command line to 'None'
[0.145s] Level 5:colcon.colcon_core.verb:set package 'iiwa_mujoco' build argument 'cmake_target_skip_unavailable' from command line to 'False'
[0.145s] Level 5:colcon.colcon_core.verb:set package 'iiwa_mujoco' build argument 'cmake_clean_cache' from command line to 'False'
[0.145s] Level 5:colcon.colcon_core.verb:set package 'iiwa_mujoco' build argument 'cmake_clean_first' from command line to 'False'
[0.145s] Level 5:colcon.colcon_core.verb:set package 'iiwa_mujoco' build argument 'cmake_force_configure' from command line to 'False'
[0.145s] Level 5:colcon.colcon_core.verb:set package 'iiwa_mujoco' build argument 'ament_cmake_args' from command line to 'None'
[0.145s] Level 5:colcon.colcon_core.verb:set package 'iiwa_mujoco' build argument 'catkin_cmake_args' from command line to 'None'
[0.145s] Level 5:colcon.colcon_core.verb:set package 'iiwa_mujoco' build argument 'catkin_skip_building_tests' from command line to 'False'
[0.145s] DEBUG:colcon.colcon_core.verb:Building package 'iiwa_mujoco' with the following arguments: {'ament_cmake_args': None, 'build_base': '/home/yaohouyu/ros2_mujoco_ws/build/iiwa_mujoco', 'catkin_cmake_args': None, 'catkin_skip_building_tests': False, 'cmake_args': None, 'cmake_clean_cache': False, 'cmake_clean_first': False, 'cmake_force_configure': False, 'cmake_target': None, 'cmake_target_skip_unavailable': False, 'install_base': '/home/yaohouyu/ros2_mujoco_ws/install/iiwa_mujoco', 'merge_install': False, 'path': '/home/yaohouyu/ros2_mujoco_ws/src/iiwa_mujoco', 'symlink_install': False, 'test_result_base': None}
[0.145s] Level 5:colcon.colcon_core.verb:set package 'iiwa_mujoco_ros2' build argument 'cmake_args' from command line to 'None'
[0.145s] Level 5:colcon.colcon_core.verb:set package 'iiwa_mujoco_ros2' build argument 'cmake_target' from command line to 'None'
[0.145s] Level 5:colcon.colcon_core.verb:set package 'iiwa_mujoco_ros2' build argument 'cmake_target_skip_unavailable' from command line to 'False'
[0.145s] Level 5:colcon.colcon_core.verb:set package 'iiwa_mujoco_ros2' build argument 'cmake_clean_cache' from command line to 'False'
[0.145s] Level 5:colcon.colcon_core.verb:set package 'iiwa_mujoco_ros2' build argument 'cmake_clean_first' from command line to 'False'
[0.145s] Level 5:colcon.colcon_core.verb:set package 'iiwa_mujoco_ros2' build argument 'cmake_force_configure' from command line to 'False'
[0.145s] Level 5:colcon.colcon_core.verb:set package 'iiwa_mujoco_ros2' build argument 'ament_cmake_args' from command line to 'None'
[0.145s] Level 5:colcon.colcon_core.verb:set package 'iiwa_mujoco_ros2' build argument 'catkin_cmake_args' from command line to 'None'
[0.145s] Level 5:colcon.colcon_core.verb:set package 'iiwa_mujoco_ros2' build argument 'catkin_skip_building_tests' from command line to 'False'
[0.145s] DEBUG:colcon.colcon_core.verb:Building package 'iiwa_mujoco_ros2' with the following arguments: {'ament_cmake_args': None, 'build_base': '/home/yaohouyu/ros2_mujoco_ws/build/iiwa_mujoco_ros2', 'catkin_cmake_args': None, 'catkin_skip_building_tests': False, 'cmake_args': None, 'cmake_clean_cache': False, 'cmake_clean_first': False, 'cmake_force_configure': False, 'cmake_target': None, 'cmake_target_skip_unavailable': False, 'install_base': '/home/yaohouyu/ros2_mujoco_ws/install/iiwa_mujoco_ros2', 'merge_install': False, 'path': '/home/yaohouyu/ros2_mujoco_ws/src/iiwa_mujoco_ros2', 'symlink_install': False, 'test_result_base': None}
[0.145s] Level 5:colcon.colcon_core.verb:set package 'iiwa_mujoco_torque' build argument 'cmake_args' from command line to 'None'
[0.145s] Level 5:colcon.colcon_core.verb:set package 'iiwa_mujoco_torque' build argument 'cmake_target' from command line to 'None'
[0.145s] Level 5:colcon.colcon_core.verb:set package 'iiwa_mujoco_torque' build argument 'cmake_target_skip_unavailable' from command line to 'False'
[0.145s] Level 5:colcon.colcon_core.verb:set package 'iiwa_mujoco_torque' build argument 'cmake_clean_cache' from command line to 'False'
[0.145s] Level 5:colcon.colcon_core.verb:set package 'iiwa_mujoco_torque' build argument 'cmake_clean_first' from command line to 'False'
[0.145s] Level 5:colcon.colcon_core.verb:set package 'iiwa_mujoco_torque' build argument 'cmake_force_configure' from command line to 'False'
[0.145s] Level 5:colcon.colcon_core.verb:set package 'iiwa_mujoco_torque' build argument 'ament_cmake_args' from command line to 'None'
[0.146s] Level 5:colcon.colcon_core.verb:set package 'iiwa_mujoco_torque' build argument 'catkin_cmake_args' from command line to 'None'
[0.146s] Level 5:colcon.colcon_core.verb:set package 'iiwa_mujoco_torque' build argument 'catkin_skip_building_tests' from command line to 'False'
[0.146s] DEBUG:colcon.colcon_core.verb:Building package 'iiwa_mujoco_torque' with the following arguments: {'ament_cmake_args': None, 'build_base': '/home/yaohouyu/ros2_mujoco_ws/build/iiwa_mujoco_torque', 'catkin_cmake_args': None, 'catkin_skip_building_tests': False, 'cmake_args': None, 'cmake_clean_cache': False, 'cmake_clean_first': False, 'cmake_force_configure': False, 'cmake_target': None, 'cmake_target_skip_unavailable': False, 'install_base': '/home/yaohouyu/ros2_mujoco_ws/install/iiwa_mujoco_torque', 'merge_install': False, 'path': '/home/yaohouyu/ros2_mujoco_ws/src/iiwa_mujoco_torque', 'symlink_install': False, 'test_result_base': None}
[0.146s] INFO:colcon.colcon_core.executor:Executing jobs using 'parallel' executor
[0.147s] DEBUG:colcon.colcon_parallel_executor.executor.parallel:run_until_complete
[0.147s] INFO:colcon.colcon_ros.task.ament_cmake.build:Building ROS package in '/home/yaohouyu/ros2_mujoco_ws/src/iiwa_mujoco' with build type 'ament_cmake'
[0.147s] INFO:colcon.colcon_cmake.task.cmake.build:Building CMake package in '/home/yaohouyu/ros2_mujoco_ws/src/iiwa_mujoco'
[0.148s] INFO:colcon.colcon_core.plugin_system:Skipping extension 'colcon_core.shell.bat': Not used on non-Windows systems
[0.148s] INFO:colcon.colcon_core.shell:Skip shell extension 'powershell' for command environment: Not usable outside of PowerShell
[0.148s] DEBUG:colcon.colcon_core.shell:Skip shell extension 'dsv' for command environment
[0.151s] INFO:colcon.colcon_ros.task.ament_cmake.build:Building ROS package in '/home/yaohouyu/ros2_mujoco_ws/src/iiwa_mujoco_ros2' with build type 'ament_cmake'
[0.151s] INFO:colcon.colcon_cmake.task.cmake.build:Building CMake package in '/home/yaohouyu/ros2_mujoco_ws/src/iiwa_mujoco_ros2'
[0.151s] INFO:colcon.colcon_core.shell:Skip shell extension 'powershell' for command environment: Not usable outside of PowerShell
[0.151s] DEBUG:colcon.colcon_core.shell:Skip shell extension 'dsv' for command environment
[0.153s] INFO:colcon.colcon_ros.task.ament_cmake.build:Building ROS package in '/home/yaohouyu/ros2_mujoco_ws/src/iiwa_mujoco_torque' with build type 'ament_cmake'
[0.153s] INFO:colcon.colcon_cmake.task.cmake.build:Building CMake package in '/home/yaohouyu/ros2_mujoco_ws/src/iiwa_mujoco_torque'
[0.153s] INFO:colcon.colcon_core.shell:Skip shell extension 'powershell' for command environment: Not usable outside of PowerShell
[0.153s] DEBUG:colcon.colcon_core.shell:Skip shell extension 'dsv' for command environment
[0.158s] DEBUG:colcon.colcon_core.event_handler.log_command:Invoking command in '/home/yaohouyu/ros2_mujoco_ws/build/iiwa_mujoco': CMAKE_PREFIX_PATH=${CMAKE_PREFIX_PATH}:/opt/ros/jazzy DEBUGINFOD_URLS=https://debuginfod.ubuntu.com /usr/bin/cmake /home/yaohouyu/ros2_mujoco_ws/src/iiwa_mujoco -DCMAKE_INSTALL_PREFIX=/home/yaohouyu/ros2_mujoco_ws/install/iiwa_mujoco
[0.160s] DEBUG:colcon.colcon_core.event_handler.log_command:Invoking command in '/home/yaohouyu/ros2_mujoco_ws/build/iiwa_mujoco_ros2': CMAKE_PREFIX_PATH=${CMAKE_PREFIX_PATH}:/opt/ros/jazzy DEBUGINFOD_URLS=https://debuginfod.ubuntu.com /usr/bin/cmake /home/yaohouyu/ros2_mujoco_ws/src/iiwa_mujoco_ros2 -DCMAKE_INSTALL_PREFIX=/home/yaohouyu/ros2_mujoco_ws/install/iiwa_mujoco_ros2
[0.161s] DEBUG:colcon.colcon_core.event_handler.log_command:Invoking command in '/home/yaohouyu/ros2_mujoco_ws/build/iiwa_mujoco_torque': CMAKE_PREFIX_PATH=${CMAKE_PREFIX_PATH}:/opt/ros/jazzy DEBUGINFOD_URLS=https://debuginfod.ubuntu.com /usr/bin/cmake /home/yaohouyu/ros2_mujoco_ws/src/iiwa_mujoco_torque -DCMAKE_INSTALL_PREFIX=/home/yaohouyu/ros2_mujoco_ws/install/iiwa_mujoco_torque
[0.900s] DEBUG:colcon.colcon_core.event_handler.log_command:Invoked command in '/home/yaohouyu/ros2_mujoco_ws/build/iiwa_mujoco_torque' returned '0': CMAKE_PREFIX_PATH=${CMAKE_PREFIX_PATH}:/opt/ros/jazzy DEBUGINFOD_URLS=https://debuginfod.ubuntu.com /usr/bin/cmake /home/yaohouyu/ros2_mujoco_ws/src/iiwa_mujoco_torque -DCMAKE_INSTALL_PREFIX=/home/yaohouyu/ros2_mujoco_ws/install/iiwa_mujoco_torque
[0.902s] DEBUG:colcon.colcon_core.event_handler.log_command:Invoking command in '/home/yaohouyu/ros2_mujoco_ws/build/iiwa_mujoco_torque': CMAKE_PREFIX_PATH=${CMAKE_PREFIX_PATH}:/opt/ros/jazzy DEBUGINFOD_URLS=https://debuginfod.ubuntu.com /usr/bin/cmake --build /home/yaohouyu/ros2_mujoco_ws/build/iiwa_mujoco_torque -- -j6 -l6
[0.917s] DEBUG:colcon.colcon_core.event_handler.log_command:Invoked command in '/home/yaohouyu/ros2_mujoco_ws/build/iiwa_mujoco_ros2' returned '0': CMAKE_PREFIX_PATH=${CMAKE_PREFIX_PATH}:/opt/ros/jazzy DEBUGINFOD_URLS=https://debuginfod.ubuntu.com /usr/bin/cmake /home/yaohouyu/ros2_mujoco_ws/src/iiwa_mujoco_ros2 -DCMAKE_INSTALL_PREFIX=/home/yaohouyu/ros2_mujoco_ws/install/iiwa_mujoco_ros2
[0.917s] DEBUG:colcon.colcon_core.event_handler.log_command:Invoking command in '/home/yaohouyu/ros2_mujoco_ws/build/iiwa_mujoco_ros2': CMAKE_PREFIX_PATH=${CMAKE_PREFIX_PATH}:/opt/ros/jazzy DEBUGINFOD_URLS=https://debuginfod.ubuntu.com /usr/bin/cmake --build /home/yaohouyu/ros2_mujoco_ws/build/iiwa_mujoco_ros2 -- -j6 -l6
[0.956s] DEBUG:colcon.colcon_core.event_handler.log_command:Invoked command in '/home/yaohouyu/ros2_mujoco_ws/build/iiwa_mujoco' returned '0': CMAKE_PREFIX_PATH=${CMAKE_PREFIX_PATH}:/opt/ros/jazzy DEBUGINFOD_URLS=https://debuginfod.ubuntu.com /usr/bin/cmake /home/yaohouyu/ros2_mujoco_ws/src/iiwa_mujoco -DCMAKE_INSTALL_PREFIX=/home/yaohouyu/ros2_mujoco_ws/install/iiwa_mujoco
[0.957s] DEBUG:colcon.colcon_core.event_handler.log_command:Invoking command in '/home/yaohouyu/ros2_mujoco_ws/build/iiwa_mujoco': CMAKE_PREFIX_PATH=${CMAKE_PREFIX_PATH}:/opt/ros/jazzy DEBUGINFOD_URLS=https://debuginfod.ubuntu.com /usr/bin/cmake --build /home/yaohouyu/ros2_mujoco_ws/build/iiwa_mujoco -- -j6 -l6
[4.497s] DEBUG:colcon.colcon_core.event_handler.log_command:Invoked command in '/home/yaohouyu/ros2_mujoco_ws/build/iiwa_mujoco_torque' returned '0': CMAKE_PREFIX_PATH=${CMAKE_PREFIX_PATH}:/opt/ros/jazzy DEBUGINFOD_URLS=https://debuginfod.ubuntu.com /usr/bin/cmake --build /home/yaohouyu/ros2_mujoco_ws/build/iiwa_mujoco_torque -- -j6 -l6
[4.504s] DEBUG:colcon.colcon_core.event_handler.log_command:Invoking command in '/home/yaohouyu/ros2_mujoco_ws/build/iiwa_mujoco_torque': CMAKE_PREFIX_PATH=${CMAKE_PREFIX_PATH}:/opt/ros/jazzy DEBUGINFOD_URLS=https://debuginfod.ubuntu.com /usr/bin/cmake --install /home/yaohouyu/ros2_mujoco_ws/build/iiwa_mujoco_torque
[4.515s] Level 1:colcon.colcon_core.environment:create_environment_scripts_only(iiwa_mujoco_torque)
[4.516s] Level 1:colcon.colcon_core.environment:checking '/home/yaohouyu/ros2_mujoco_ws/install/iiwa_mujoco_torque' for CMake module files
[4.516s] DEBUG:colcon.colcon_core.event_handler.log_command:Invoked command in '/home/yaohouyu/ros2_mujoco_ws/build/iiwa_mujoco_torque' returned '0': CMAKE_PREFIX_PATH=${CMAKE_PREFIX_PATH}:/opt/ros/jazzy DEBUGINFOD_URLS=https://debuginfod.ubuntu.com /usr/bin/cmake --install /home/yaohouyu/ros2_mujoco_ws/build/iiwa_mujoco_torque
[4.517s] Level 1:colcon.colcon_core.environment:checking '/home/yaohouyu/ros2_mujoco_ws/install/iiwa_mujoco_torque' for CMake config files
[4.517s] Level 1:colcon.colcon_core.shell:create_environment_hook('iiwa_mujoco_torque', 'cmake_prefix_path')
[4.517s] INFO:colcon.colcon_core.shell:Creating environment hook '/home/yaohouyu/ros2_mujoco_ws/install/iiwa_mujoco_torque/share/iiwa_mujoco_torque/hook/cmake_prefix_path.ps1'
[4.517s] INFO:colcon.colcon_core.shell:Creating environment descriptor '/home/yaohouyu/ros2_mujoco_ws/install/iiwa_mujoco_torque/share/iiwa_mujoco_torque/hook/cmake_prefix_path.dsv'
[4.518s] INFO:colcon.colcon_core.shell:Creating environment hook '/home/yaohouyu/ros2_mujoco_ws/install/iiwa_mujoco_torque/share/iiwa_mujoco_torque/hook/cmake_prefix_path.sh'
[4.518s] Level 1:colcon.colcon_core.environment:checking '/home/yaohouyu/ros2_mujoco_ws/install/iiwa_mujoco_torque/lib'
[4.518s] Level 1:colcon.colcon_core.environment:checking '/home/yaohouyu/ros2_mujoco_ws/install/iiwa_mujoco_torque/bin'
[4.518s] Level 1:colcon.colcon_core.environment:checking '/home/yaohouyu/ros2_mujoco_ws/install/iiwa_mujoco_torque/lib/pkgconfig/iiwa_mujoco_torque.pc'
[4.518s] Level 1:colcon.colcon_core.environment:checking '/home/yaohouyu/ros2_mujoco_ws/install/iiwa_mujoco_torque/lib/python3.12/site-packages'
[4.518s] Level 1:colcon.colcon_core.environment:checking '/home/yaohouyu/ros2_mujoco_ws/install/iiwa_mujoco_torque/bin'
[4.519s] INFO:colcon.colcon_core.shell:Creating package script '/home/yaohouyu/ros2_mujoco_ws/install/iiwa_mujoco_torque/share/iiwa_mujoco_torque/package.ps1'
[4.519s] INFO:colcon.colcon_core.shell:Creating package descriptor '/home/yaohouyu/ros2_mujoco_ws/install/iiwa_mujoco_torque/share/iiwa_mujoco_torque/package.dsv'
[4.519s] INFO:colcon.colcon_core.shell:Creating package script '/home/yaohouyu/ros2_mujoco_ws/install/iiwa_mujoco_torque/share/iiwa_mujoco_torque/package.sh'
[4.520s] INFO:colcon.colcon_core.shell:Creating package script '/home/yaohouyu/ros2_mujoco_ws/install/iiwa_mujoco_torque/share/iiwa_mujoco_torque/package.bash'
[4.520s] INFO:colcon.colcon_core.shell:Creating package script '/home/yaohouyu/ros2_mujoco_ws/install/iiwa_mujoco_torque/share/iiwa_mujoco_torque/package.zsh'
[4.520s] Level 1:colcon.colcon_core.environment:create_file_with_runtime_dependencies(/home/yaohouyu/ros2_mujoco_ws/install/iiwa_mujoco_torque/share/colcon-core/packages/iiwa_mujoco_torque)
[4.521s] Level 1:colcon.colcon_core.environment:create_environment_scripts_only(iiwa_mujoco_torque)
[4.521s] Level 1:colcon.colcon_core.environment:checking '/home/yaohouyu/ros2_mujoco_ws/install/iiwa_mujoco_torque' for CMake module files
[4.521s] Level 1:colcon.colcon_core.environment:checking '/home/yaohouyu/ros2_mujoco_ws/install/iiwa_mujoco_torque' for CMake config files
[4.521s] Level 1:colcon.colcon_core.shell:create_environment_hook('iiwa_mujoco_torque', 'cmake_prefix_path')
[4.521s] INFO:colcon.colcon_core.shell:Creating environment hook '/home/yaohouyu/ros2_mujoco_ws/install/iiwa_mujoco_torque/share/iiwa_mujoco_torque/hook/cmake_prefix_path.ps1'
[4.522s] INFO:colcon.colcon_core.shell:Creating environment descriptor '/home/yaohouyu/ros2_mujoco_ws/install/iiwa_mujoco_torque/share/iiwa_mujoco_torque/hook/cmake_prefix_path.dsv'
[4.522s] INFO:colcon.colcon_core.shell:Creating environment hook '/home/yaohouyu/ros2_mujoco_ws/install/iiwa_mujoco_torque/share/iiwa_mujoco_torque/hook/cmake_prefix_path.sh'
[4.522s] Level 1:colcon.colcon_core.environment:checking '/home/yaohouyu/ros2_mujoco_ws/install/iiwa_mujoco_torque/lib'
[4.522s] Level 1:colcon.colcon_core.environment:checking '/home/yaohouyu/ros2_mujoco_ws/install/iiwa_mujoco_torque/bin'
[4.522s] Level 1:colcon.colcon_core.environment:checking '/home/yaohouyu/ros2_mujoco_ws/install/iiwa_mujoco_torque/lib/pkgconfig/iiwa_mujoco_torque.pc'
[4.522s] Level 1:colcon.colcon_core.environment:checking '/home/yaohouyu/ros2_mujoco_ws/install/iiwa_mujoco_torque/lib/python3.12/site-packages'
[4.523s] Level 1:colcon.colcon_core.environment:checking '/home/yaohouyu/ros2_mujoco_ws/install/iiwa_mujoco_torque/bin'
[4.523s] INFO:colcon.colcon_core.shell:Creating package script '/home/yaohouyu/ros2_mujoco_ws/install/iiwa_mujoco_torque/share/iiwa_mujoco_torque/package.ps1'
[4.523s] INFO:colcon.colcon_core.shell:Creating package descriptor '/home/yaohouyu/ros2_mujoco_ws/install/iiwa_mujoco_torque/share/iiwa_mujoco_torque/package.dsv'
[4.524s] INFO:colcon.colcon_core.shell:Creating package script '/home/yaohouyu/ros2_mujoco_ws/install/iiwa_mujoco_torque/share/iiwa_mujoco_torque/package.sh'
[4.524s] INFO:colcon.colcon_core.shell:Creating package script '/home/yaohouyu/ros2_mujoco_ws/install/iiwa_mujoco_torque/share/iiwa_mujoco_torque/package.bash'
[4.525s] INFO:colcon.colcon_core.shell:Creating package script '/home/yaohouyu/ros2_mujoco_ws/install/iiwa_mujoco_torque/share/iiwa_mujoco_torque/package.zsh'
[4.525s] Level 1:colcon.colcon_core.environment:create_file_with_runtime_dependencies(/home/yaohouyu/ros2_mujoco_ws/install/iiwa_mujoco_torque/share/colcon-core/packages/iiwa_mujoco_torque)
[4.633s] DEBUG:colcon.colcon_core.event_handler.log_command:Invoked command in '/home/yaohouyu/ros2_mujoco_ws/build/iiwa_mujoco_ros2' returned '0': CMAKE_PREFIX_PATH=${CMAKE_PREFIX_PATH}:/opt/ros/jazzy DEBUGINFOD_URLS=https://debuginfod.ubuntu.com /usr/bin/cmake --build /home/yaohouyu/ros2_mujoco_ws/build/iiwa_mujoco_ros2 -- -j6 -l6
[4.633s] DEBUG:colcon.colcon_core.event_handler.log_command:Invoking command in '/home/yaohouyu/ros2_mujoco_ws/build/iiwa_mujoco_ros2': CMAKE_PREFIX_PATH=${CMAKE_PREFIX_PATH}:/opt/ros/jazzy DEBUGINFOD_URLS=https://debuginfod.ubuntu.com /usr/bin/cmake --install /home/yaohouyu/ros2_mujoco_ws/build/iiwa_mujoco_ros2
[4.652s] Level 1:colcon.colcon_core.environment:create_environment_scripts_only(iiwa_mujoco_ros2)
[4.652s] DEBUG:colcon.colcon_core.event_handler.log_command:Invoked command in '/home/yaohouyu/ros2_mujoco_ws/build/iiwa_mujoco_ros2' returned '0': CMAKE_PREFIX_PATH=${CMAKE_PREFIX_PATH}:/opt/ros/jazzy DEBUGINFOD_URLS=https://debuginfod.ubuntu.com /usr/bin/cmake --install /home/yaohouyu/ros2_mujoco_ws/build/iiwa_mujoco_ros2
[4.653s] Level 1:colcon.colcon_core.environment:checking '/home/yaohouyu/ros2_mujoco_ws/install/iiwa_mujoco_ros2' for CMake module files
[4.653s] Level 1:colcon.colcon_core.environment:checking '/home/yaohouyu/ros2_mujoco_ws/install/iiwa_mujoco_ros2' for CMake config files
[4.653s] Level 1:colcon.colcon_core.shell:create_environment_hook('iiwa_mujoco_ros2', 'cmake_prefix_path')
[4.653s] INFO:colcon.colcon_core.shell:Creating environment hook '/home/yaohouyu/ros2_mujoco_ws/install/iiwa_mujoco_ros2/share/iiwa_mujoco_ros2/hook/cmake_prefix_path.ps1'
[4.654s] INFO:colcon.colcon_core.shell:Creating environment descriptor '/home/yaohouyu/ros2_mujoco_ws/install/iiwa_mujoco_ros2/share/iiwa_mujoco_ros2/hook/cmake_prefix_path.dsv'
[4.654s] INFO:colcon.colcon_core.shell:Creating environment hook '/home/yaohouyu/ros2_mujoco_ws/install/iiwa_mujoco_ros2/share/iiwa_mujoco_ros2/hook/cmake_prefix_path.sh'
[4.655s] Level 1:colcon.colcon_core.environment:checking '/home/yaohouyu/ros2_mujoco_ws/install/iiwa_mujoco_ros2/lib'
[4.655s] Level 1:colcon.colcon_core.environment:checking '/home/yaohouyu/ros2_mujoco_ws/install/iiwa_mujoco_ros2/bin'
[4.655s] Level 1:colcon.colcon_core.environment:checking '/home/yaohouyu/ros2_mujoco_ws/install/iiwa_mujoco_ros2/lib/pkgconfig/iiwa_mujoco_ros2.pc'
[4.655s] Level 1:colcon.colcon_core.environment:checking '/home/yaohouyu/ros2_mujoco_ws/install/iiwa_mujoco_ros2/lib/python3.12/site-packages'
[4.655s] Level 1:colcon.colcon_core.environment:checking '/home/yaohouyu/ros2_mujoco_ws/install/iiwa_mujoco_ros2/bin'
[4.656s] INFO:colcon.colcon_core.shell:Creating package script '/home/yaohouyu/ros2_mujoco_ws/install/iiwa_mujoco_ros2/share/iiwa_mujoco_ros2/package.ps1'
[4.656s] INFO:colcon.colcon_core.shell:Creating package descriptor '/home/yaohouyu/ros2_mujoco_ws/install/iiwa_mujoco_ros2/share/iiwa_mujoco_ros2/package.dsv'
[4.656s] INFO:colcon.colcon_core.shell:Creating package script '/home/yaohouyu/ros2_mujoco_ws/install/iiwa_mujoco_ros2/share/iiwa_mujoco_ros2/package.sh'
[4.657s] INFO:colcon.colcon_core.shell:Creating package script '/home/yaohouyu/ros2_mujoco_ws/install/iiwa_mujoco_ros2/share/iiwa_mujoco_ros2/package.bash'
[4.657s] INFO:colcon.colcon_core.shell:Creating package script '/home/yaohouyu/ros2_mujoco_ws/install/iiwa_mujoco_ros2/share/iiwa_mujoco_ros2/package.zsh'
[4.657s] Level 1:colcon.colcon_core.environment:create_file_with_runtime_dependencies(/home/yaohouyu/ros2_mujoco_ws/install/iiwa_mujoco_ros2/share/colcon-core/packages/iiwa_mujoco_ros2)
[4.658s] Level 1:colcon.colcon_core.environment:create_environment_scripts_only(iiwa_mujoco_ros2)
[4.658s] Level 1:colcon.colcon_core.environment:checking '/home/yaohouyu/ros2_mujoco_ws/install/iiwa_mujoco_ros2' for CMake module files
[4.658s] Level 1:colcon.colcon_core.environment:checking '/home/yaohouyu/ros2_mujoco_ws/install/iiwa_mujoco_ros2' for CMake config files
[4.658s] Level 1:colcon.colcon_core.shell:create_environment_hook('iiwa_mujoco_ros2', 'cmake_prefix_path')
[4.658s] INFO:colcon.colcon_core.shell:Creating environment hook '/home/yaohouyu/ros2_mujoco_ws/install/iiwa_mujoco_ros2/share/iiwa_mujoco_ros2/hook/cmake_prefix_path.ps1'
[4.659s] INFO:colcon.colcon_core.shell:Creating environment descriptor '/home/yaohouyu/ros2_mujoco_ws/install/iiwa_mujoco_ros2/share/iiwa_mujoco_ros2/hook/cmake_prefix_path.dsv'
[4.660s] INFO:colcon.colcon_core.shell:Creating environment hook '/home/yaohouyu/ros2_mujoco_ws/install/iiwa_mujoco_ros2/share/iiwa_mujoco_ros2/hook/cmake_prefix_path.sh'
[4.660s] Level 1:colcon.colcon_core.environment:checking '/home/yaohouyu/ros2_mujoco_ws/install/iiwa_mujoco_ros2/lib'
[4.660s] Level 1:colcon.colcon_core.environment:checking '/home/yaohouyu/ros2_mujoco_ws/install/iiwa_mujoco_ros2/bin'
[4.660s] Level 1:colcon.colcon_core.environment:checking '/home/yaohouyu/ros2_mujoco_ws/install/iiwa_mujoco_ros2/lib/pkgconfig/iiwa_mujoco_ros2.pc'
[4.661s] Level 1:colcon.colcon_core.environment:checking '/home/yaohouyu/ros2_mujoco_ws/install/iiwa_mujoco_ros2/lib/python3.12/site-packages'
[4.661s] Level 1:colcon.colcon_core.environment:checking '/home/yaohouyu/ros2_mujoco_ws/install/iiwa_mujoco_ros2/bin'
[4.661s] INFO:colcon.colcon_core.shell:Creating package script '/home/yaohouyu/ros2_mujoco_ws/install/iiwa_mujoco_ros2/share/iiwa_mujoco_ros2/package.ps1'
[4.661s] INFO:colcon.colcon_core.shell:Creating package descriptor '/home/yaohouyu/ros2_mujoco_ws/install/iiwa_mujoco_ros2/share/iiwa_mujoco_ros2/package.dsv'
[4.662s] INFO:colcon.colcon_core.shell:Creating package script '/home/yaohouyu/ros2_mujoco_ws/install/iiwa_mujoco_ros2/share/iiwa_mujoco_ros2/package.sh'
[4.662s] INFO:colcon.colcon_core.shell:Creating package script '/home/yaohouyu/ros2_mujoco_ws/install/iiwa_mujoco_ros2/share/iiwa_mujoco_ros2/package.bash'
[4.662s] INFO:colcon.colcon_core.shell:Creating package script '/home/yaohouyu/ros2_mujoco_ws/install/iiwa_mujoco_ros2/share/iiwa_mujoco_ros2/package.zsh'
[4.663s] Level 1:colcon.colcon_core.environment:create_file_with_runtime_dependencies(/home/yaohouyu/ros2_mujoco_ws/install/iiwa_mujoco_ros2/share/colcon-core/packages/iiwa_mujoco_ros2)
[7.574s] DEBUG:colcon.colcon_core.event_handler.log_command:Invoked command in '/home/yaohouyu/ros2_mujoco_ws/build/iiwa_mujoco' returned '0': CMAKE_PREFIX_PATH=${CMAKE_PREFIX_PATH}:/opt/ros/jazzy DEBUGINFOD_URLS=https://debuginfod.ubuntu.com /usr/bin/cmake --build /home/yaohouyu/ros2_mujoco_ws/build/iiwa_mujoco -- -j6 -l6
[7.575s] DEBUG:colcon.colcon_core.event_handler.log_command:Invoking command in '/home/yaohouyu/ros2_mujoco_ws/build/iiwa_mujoco': CMAKE_PREFIX_PATH=${CMAKE_PREFIX_PATH}:/opt/ros/jazzy DEBUGINFOD_URLS=https://debuginfod.ubuntu.com /usr/bin/cmake --install /home/yaohouyu/ros2_mujoco_ws/build/iiwa_mujoco
[7.593s] Level 1:colcon.colcon_core.environment:create_environment_scripts_only(iiwa_mujoco)
[7.593s] DEBUG:colcon.colcon_core.event_handler.log_command:Invoked command in '/home/yaohouyu/ros2_mujoco_ws/build/iiwa_mujoco' returned '0': CMAKE_PREFIX_PATH=${CMAKE_PREFIX_PATH}:/opt/ros/jazzy DEBUGINFOD_URLS=https://debuginfod.ubuntu.com /usr/bin/cmake --install /home/yaohouyu/ros2_mujoco_ws/build/iiwa_mujoco
[7.593s] Level 1:colcon.colcon_core.environment:checking '/home/yaohouyu/ros2_mujoco_ws/install/iiwa_mujoco' for CMake module files
[7.594s] Level 1:colcon.colcon_core.environment:checking '/home/yaohouyu/ros2_mujoco_ws/install/iiwa_mujoco' for CMake config files
[7.594s] Level 1:colcon.colcon_core.shell:create_environment_hook('iiwa_mujoco', 'cmake_prefix_path')
[7.594s] INFO:colcon.colcon_core.shell:Creating environment hook '/home/yaohouyu/ros2_mujoco_ws/install/iiwa_mujoco/share/iiwa_mujoco/hook/cmake_prefix_path.ps1'
[7.594s] INFO:colcon.colcon_core.shell:Creating environment descriptor '/home/yaohouyu/ros2_mujoco_ws/install/iiwa_mujoco/share/iiwa_mujoco/hook/cmake_prefix_path.dsv'
[7.594s] INFO:colcon.colcon_core.shell:Creating environment hook '/home/yaohouyu/ros2_mujoco_ws/install/iiwa_mujoco/share/iiwa_mujoco/hook/cmake_prefix_path.sh'
[7.594s] Level 1:colcon.colcon_core.environment:checking '/home/yaohouyu/ros2_mujoco_ws/install/iiwa_mujoco/lib'
[7.594s] Level 1:colcon.colcon_core.environment:checking '/home/yaohouyu/ros2_mujoco_ws/install/iiwa_mujoco/bin'
[7.594s] Level 1:colcon.colcon_core.environment:checking '/home/yaohouyu/ros2_mujoco_ws/install/iiwa_mujoco/lib/pkgconfig/iiwa_mujoco.pc'
[7.595s] Level 1:colcon.colcon_core.environment:checking '/home/yaohouyu/ros2_mujoco_ws/install/iiwa_mujoco/lib/python3.12/site-packages'
[7.595s] Level 1:colcon.colcon_core.environment:checking '/home/yaohouyu/ros2_mujoco_ws/install/iiwa_mujoco/bin'
[7.595s] INFO:colcon.colcon_core.shell:Creating package script '/home/yaohouyu/ros2_mujoco_ws/install/iiwa_mujoco/share/iiwa_mujoco/package.ps1'
[7.595s] INFO:colcon.colcon_core.shell:Creating package descriptor '/home/yaohouyu/ros2_mujoco_ws/install/iiwa_mujoco/share/iiwa_mujoco/package.dsv'
[7.595s] INFO:colcon.colcon_core.shell:Creating package script '/home/yaohouyu/ros2_mujoco_ws/install/iiwa_mujoco/share/iiwa_mujoco/package.sh'
[7.596s] INFO:colcon.colcon_core.shell:Creating package script '/home/yaohouyu/ros2_mujoco_ws/install/iiwa_mujoco/share/iiwa_mujoco/package.bash'
[7.596s] INFO:colcon.colcon_core.shell:Creating package script '/home/yaohouyu/ros2_mujoco_ws/install/iiwa_mujoco/share/iiwa_mujoco/package.zsh'
[7.596s] Level 1:colcon.colcon_core.environment:create_file_with_runtime_dependencies(/home/yaohouyu/ros2_mujoco_ws/install/iiwa_mujoco/share/colcon-core/packages/iiwa_mujoco)
[7.596s] Level 1:colcon.colcon_core.environment:create_environment_scripts_only(iiwa_mujoco)
[7.596s] Level 1:colcon.colcon_core.environment:checking '/home/yaohouyu/ros2_mujoco_ws/install/iiwa_mujoco' for CMake module files
[7.597s] Level 1:colcon.colcon_core.environment:checking '/home/yaohouyu/ros2_mujoco_ws/install/iiwa_mujoco' for CMake config files
[7.597s] Level 1:colcon.colcon_core.shell:create_environment_hook('iiwa_mujoco', 'cmake_prefix_path')
[7.597s] INFO:colcon.colcon_core.shell:Creating environment hook '/home/yaohouyu/ros2_mujoco_ws/install/iiwa_mujoco/share/iiwa_mujoco/hook/cmake_prefix_path.ps1'
[7.597s] INFO:colcon.colcon_core.shell:Creating environment descriptor '/home/yaohouyu/ros2_mujoco_ws/install/iiwa_mujoco/share/iiwa_mujoco/hook/cmake_prefix_path.dsv'
[7.597s] INFO:colcon.colcon_core.shell:Creating environment hook '/home/yaohouyu/ros2_mujoco_ws/install/iiwa_mujoco/share/iiwa_mujoco/hook/cmake_prefix_path.sh'
[7.598s] Level 1:colcon.colcon_core.environment:checking '/home/yaohouyu/ros2_mujoco_ws/install/iiwa_mujoco/lib'
[7.598s] Level 1:colcon.colcon_core.environment:checking '/home/yaohouyu/ros2_mujoco_ws/install/iiwa_mujoco/bin'
[7.598s] Level 1:colcon.colcon_core.environment:checking '/home/yaohouyu/ros2_mujoco_ws/install/iiwa_mujoco/lib/pkgconfig/iiwa_mujoco.pc'
[7.598s] Level 1:colcon.colcon_core.environment:checking '/home/yaohouyu/ros2_mujoco_ws/install/iiwa_mujoco/lib/python3.12/site-packages'
[7.598s] Level 1:colcon.colcon_core.environment:checking '/home/yaohouyu/ros2_mujoco_ws/install/iiwa_mujoco/bin'
[7.598s] INFO:colcon.colcon_core.shell:Creating package script '/home/yaohouyu/ros2_mujoco_ws/install/iiwa_mujoco/share/iiwa_mujoco/package.ps1'
[7.598s] INFO:colcon.colcon_core.shell:Creating package descriptor '/home/yaohouyu/ros2_mujoco_ws/install/iiwa_mujoco/share/iiwa_mujoco/package.dsv'
[7.599s] INFO:colcon.colcon_core.shell:Creating package script '/home/yaohouyu/ros2_mujoco_ws/install/iiwa_mujoco/share/iiwa_mujoco/package.sh'
[7.599s] INFO:colcon.colcon_core.shell:Creating package script '/home/yaohouyu/ros2_mujoco_ws/install/iiwa_mujoco/share/iiwa_mujoco/package.bash'
[7.599s] INFO:colcon.colcon_core.shell:Creating package script '/home/yaohouyu/ros2_mujoco_ws/install/iiwa_mujoco/share/iiwa_mujoco/package.zsh'
[7.599s] Level 1:colcon.colcon_core.environment:create_file_with_runtime_dependencies(/home/yaohouyu/ros2_mujoco_ws/install/iiwa_mujoco/share/colcon-core/packages/iiwa_mujoco)
[7.600s] DEBUG:colcon.colcon_parallel_executor.executor.parallel:closing loop
[7.600s] DEBUG:colcon.colcon_parallel_executor.executor.parallel:loop closed
[7.600s] DEBUG:colcon.colcon_parallel_executor.executor.parallel:run_until_complete finished with '0'
[7.600s] DEBUG:colcon.colcon_core.event_reactor:joining thread
[7.605s] INFO:colcon.colcon_core.plugin_system:Skipping extension 'colcon_notification.desktop_notification.terminal_notifier': Not used on non-Darwin systems
[7.605s] INFO:colcon.colcon_core.plugin_system:Skipping extension 'colcon_notification.desktop_notification.win32': Not used on non-Windows systems
[7.605s] INFO:colcon.colcon_notification.desktop_notification:Sending desktop notification using 'notify2'
[7.615s] DEBUG:colcon.colcon_core.event_reactor:joined thread
[7.615s] INFO:colcon.colcon_core.shell:Creating prefix script '/home/yaohouyu/ros2_mujoco_ws/install/local_setup.ps1'
[7.616s] INFO:colcon.colcon_core.shell:Creating prefix util module '/home/yaohouyu/ros2_mujoco_ws/install/_local_setup_util_ps1.py'
[7.616s] INFO:colcon.colcon_core.shell:Creating prefix chain script '/home/yaohouyu/ros2_mujoco_ws/install/setup.ps1'
[7.617s] INFO:colcon.colcon_core.shell:Creating prefix script '/home/yaohouyu/ros2_mujoco_ws/install/local_setup.sh'
[7.617s] INFO:colcon.colcon_core.shell:Creating prefix util module '/home/yaohouyu/ros2_mujoco_ws/install/_local_setup_util_sh.py'
[7.617s] INFO:colcon.colcon_core.shell:Creating prefix chain script '/home/yaohouyu/ros2_mujoco_ws/install/setup.sh'
[7.617s] INFO:colcon.colcon_core.shell:Creating prefix script '/home/yaohouyu/ros2_mujoco_ws/install/local_setup.bash'
[7.618s] INFO:colcon.colcon_core.shell:Creating prefix chain script '/home/yaohouyu/ros2_mujoco_ws/install/setup.bash'
[7.618s] INFO:colcon.colcon_core.shell:Creating prefix script '/home/yaohouyu/ros2_mujoco_ws/install/local_setup.zsh'
[7.618s] INFO:colcon.colcon_core.shell:Creating prefix chain script '/home/yaohouyu/ros2_mujoco_ws/install/setup.zsh'
