[0.600s] Invoking command in '/home/yaohouyu/ros2_ws/src/iiwa_mujoco_viewer': DEBUGINFOD_URLS=https://debuginfod.ubuntu.com PYTHONPATH=/home/yaohouyu/ros2_ws/src/build/iiwa_mujoco_viewer/prefix_override:/usr/lib/python3/dist-packages/colcon_core/task/python/colcon_distutils_commands:/home/yaohouyu/ros2_ws/src/install/iiwa_mujoco_viewer/lib/python3.12/site-packages:${PYTHONPATH} /usr/bin/python3 -W ignore:setup.py install is deprecated -W ignore:easy_install command is deprecated setup.py egg_info --egg-base ../build/iiwa_mujoco_viewer build --build-base /home/yaohouyu/ros2_ws/src/build/iiwa_mujoco_viewer/build install --record /home/yaohouyu/ros2_ws/src/build/iiwa_mujoco_viewer/install.log --single-version-externally-managed install_data
[0.744s] running egg_info
[0.752s] writing ../build/iiwa_mujoco_viewer/iiwa_mujoco_viewer.egg-info/PKG-INFO
[0.753s] writing dependency_links to ../build/iiwa_mujoco_viewer/iiwa_mujoco_viewer.egg-info/dependency_links.txt
[0.753s] writing entry points to ../build/iiwa_mujoco_viewer/iiwa_mujoco_viewer.egg-info/entry_points.txt
[0.753s] writing requirements to ../build/iiwa_mujoco_viewer/iiwa_mujoco_viewer.egg-info/requires.txt
[0.753s] writing top-level names to ../build/iiwa_mujoco_viewer/iiwa_mujoco_viewer.egg-info/top_level.txt
[0.772s] reading manifest file '../build/iiwa_mujoco_viewer/iiwa_mujoco_viewer.egg-info/SOURCES.txt'
[0.772s] writing manifest file '../build/iiwa_mujoco_viewer/iiwa_mujoco_viewer.egg-info/SOURCES.txt'
[0.772s] running build
[0.772s] running build_py
[0.772s] running install
[0.776s] running install_lib
[0.785s] running install_data
[0.785s] running install_egg_info
[0.795s] removing '/home/yaohouyu/ros2_ws/src/install/iiwa_mujoco_viewer/lib/python3.12/site-packages/iiwa_mujoco_viewer-0.0.0-py3.12.egg-info' (and everything under it)
[0.795s] Copying ../build/iiwa_mujoco_viewer/iiwa_mujoco_viewer.egg-info to /home/yaohouyu/ros2_ws/src/install/iiwa_mujoco_viewer/lib/python3.12/site-packages/iiwa_mujoco_viewer-0.0.0-py3.12.egg-info
[0.795s] running install_scripts
[0.870s] Installing viewer script to /home/yaohouyu/ros2_ws/src/install/iiwa_mujoco_viewer/lib/iiwa_mujoco_viewer
[0.870s] writing list of installed files to '/home/yaohouyu/ros2_ws/src/build/iiwa_mujoco_viewer/install.log'
[0.887s] Invoked command in '/home/yaohouyu/ros2_ws/src/iiwa_mujoco_viewer' returned '0': DEBUGINFOD_URLS=https://debuginfod.ubuntu.com PYTHONPATH=/home/yaohouyu/ros2_ws/src/build/iiwa_mujoco_viewer/prefix_override:/usr/lib/python3/dist-packages/colcon_core/task/python/colcon_distutils_commands:/home/yaohouyu/ros2_ws/src/install/iiwa_mujoco_viewer/lib/python3.12/site-packages:${PYTHONPATH} /usr/bin/python3 -W ignore:setup.py install is deprecated -W ignore:easy_install command is deprecated setup.py egg_info --egg-base ../build/iiwa_mujoco_viewer build --build-base /home/yaohouyu/ros2_ws/src/build/iiwa_mujoco_viewer/build install --record /home/yaohouyu/ros2_ws/src/build/iiwa_mujoco_viewer/install.log --single-version-externally-managed install_data
