running egg_info
creating ../build/iiwa_mujoco_torque_viewer/iiwa_mujoco_torque_viewer.egg-info
writing ../build/iiwa_mujoco_torque_viewer/iiwa_mujoco_torque_viewer.egg-info/PKG-INFO
writing dependency_links to ../build/iiwa_mujoco_torque_viewer/iiwa_mujoco_torque_viewer.egg-info/dependency_links.txt
writing requirements to ../build/iiwa_mujoco_torque_viewer/iiwa_mujoco_torque_viewer.egg-info/requires.txt
writing top-level names to ../build/iiwa_mujoco_torque_viewer/iiwa_mujoco_torque_viewer.egg-info/top_level.txt
writing manifest file '../build/iiwa_mujoco_torque_viewer/iiwa_mujoco_torque_viewer.egg-info/SOURCES.txt'
reading manifest file '../build/iiwa_mujoco_torque_viewer/iiwa_mujoco_torque_viewer.egg-info/SOURCES.txt'
writing manifest file '../build/iiwa_mujoco_torque_viewer/iiwa_mujoco_torque_viewer.egg-info/SOURCES.txt'
running build
running build_py
creating /home/yaohouyu/ros2_ws/src/build/iiwa_mujoco_torque_viewer/build
creating /home/yaohouyu/ros2_ws/src/build/iiwa_mujoco_torque_viewer/build/lib
creating /home/yaohouyu/ros2_ws/src/build/iiwa_mujoco_torque_viewer/build/lib/iiwa_mujoco_torque_viewer
copying iiwa_mujoco_torque_viewer/__init__.py -> /home/yaohouyu/ros2_ws/src/build/iiwa_mujoco_torque_viewer/build/lib/iiwa_mujoco_torque_viewer
copying iiwa_mujoco_torque_viewer/torque_viewer_node.py -> /home/yaohouyu/ros2_ws/src/build/iiwa_mujoco_torque_viewer/build/lib/iiwa_mujoco_torque_viewer
running install
running install_lib
creating /home/yaohouyu/ros2_ws/src/install/iiwa_mujoco_torque_viewer/lib/python3.12/site-packages/iiwa_mujoco_torque_viewer
copying /home/yaohouyu/ros2_ws/src/build/iiwa_mujoco_torque_viewer/build/lib/iiwa_mujoco_torque_viewer/__init__.py -> /home/yaohouyu/ros2_ws/src/install/iiwa_mujoco_torque_viewer/lib/python3.12/site-packages/iiwa_mujoco_torque_viewer
copying /home/yaohouyu/ros2_ws/src/build/iiwa_mujoco_torque_viewer/build/lib/iiwa_mujoco_torque_viewer/torque_viewer_node.py -> /home/yaohouyu/ros2_ws/src/install/iiwa_mujoco_torque_viewer/lib/python3.12/site-packages/iiwa_mujoco_torque_viewer
byte-compiling /home/yaohouyu/ros2_ws/src/install/iiwa_mujoco_torque_viewer/lib/python3.12/site-packages/iiwa_mujoco_torque_viewer/__init__.py to __init__.cpython-312.pyc
byte-compiling /home/yaohouyu/ros2_ws/src/install/iiwa_mujoco_torque_viewer/lib/python3.12/site-packages/iiwa_mujoco_torque_viewer/torque_viewer_node.py to torque_viewer_node.cpython-312.pyc
running install_data
creating /home/yaohouyu/ros2_ws/src/install/iiwa_mujoco_torque_viewer/share/ament_index
creating /home/yaohouyu/ros2_ws/src/install/iiwa_mujoco_torque_viewer/share/ament_index/resource_index
creating /home/yaohouyu/ros2_ws/src/install/iiwa_mujoco_torque_viewer/share/ament_index/resource_index/packages
copying resource/iiwa_mujoco_torque_viewer -> /home/yaohouyu/ros2_ws/src/install/iiwa_mujoco_torque_viewer/share/ament_index/resource_index/packages
copying package.xml -> /home/yaohouyu/ros2_ws/src/install/iiwa_mujoco_torque_viewer/share/iiwa_mujoco_torque_viewer
running install_egg_info
Copying ../build/iiwa_mujoco_torque_viewer/iiwa_mujoco_torque_viewer.egg-info to /home/yaohouyu/ros2_ws/src/install/iiwa_mujoco_torque_viewer/lib/python3.12/site-packages/iiwa_mujoco_torque_viewer-0.0.0-py3.12.egg-info
running install_scripts
writing list of installed files to '/home/yaohouyu/ros2_ws/src/build/iiwa_mujoco_torque_viewer/install.log'
