[0.606s] Invoking command in '/home/yaohouyu/ros2_ws/src/iiwa_mujoco_torque_viewer': DEBUGINFOD_URLS=https://debuginfod.ubuntu.com PYTHONPATH=/home/yaohouyu/ros2_ws/src/build/iiwa_mujoco_torque_viewer/prefix_override:/usr/lib/python3/dist-packages/colcon_core/task/python/colcon_distutils_commands:/home/yaohouyu/ros2_ws/src/install/iiwa_mujoco_torque_viewer/lib/python3.12/site-packages:${PYTHONPATH} /usr/bin/python3 -W ignore:setup.py install is deprecated -W ignore:easy_install command is deprecated setup.py egg_info --egg-base ../build/iiwa_mujoco_torque_viewer build --build-base /home/yaohouyu/ros2_ws/src/build/iiwa_mujoco_torque_viewer/build install --record /home/yaohouyu/ros2_ws/src/build/iiwa_mujoco_torque_viewer/install.log --single-version-externally-managed install_data
[0.775s] running egg_info
[0.775s] creating ../build/iiwa_mujoco_torque_viewer/iiwa_mujoco_torque_viewer.egg-info
[0.787s] writing ../build/iiwa_mujoco_torque_viewer/iiwa_mujoco_torque_viewer.egg-info/PKG-INFO
[0.787s] writing dependency_links to ../build/iiwa_mujoco_torque_viewer/iiwa_mujoco_torque_viewer.egg-info/dependency_links.txt
[0.787s] writing requirements to ../build/iiwa_mujoco_torque_viewer/iiwa_mujoco_torque_viewer.egg-info/requires.txt
[0.787s] writing top-level names to ../build/iiwa_mujoco_torque_viewer/iiwa_mujoco_torque_viewer.egg-info/top_level.txt
[0.788s] writing manifest file '../build/iiwa_mujoco_torque_viewer/iiwa_mujoco_torque_viewer.egg-info/SOURCES.txt'
[0.817s] reading manifest file '../build/iiwa_mujoco_torque_viewer/iiwa_mujoco_torque_viewer.egg-info/SOURCES.txt'
[0.817s] writing manifest file '../build/iiwa_mujoco_torque_viewer/iiwa_mujoco_torque_viewer.egg-info/SOURCES.txt'
[0.818s] running build
[0.818s] running build_py
[0.818s] creating /home/yaohouyu/ros2_ws/src/build/iiwa_mujoco_torque_viewer/build
[0.818s] creating /home/yaohouyu/ros2_ws/src/build/iiwa_mujoco_torque_viewer/build/lib
[0.818s] creating /home/yaohouyu/ros2_ws/src/build/iiwa_mujoco_torque_viewer/build/lib/iiwa_mujoco_torque_viewer
[0.818s] copying iiwa_mujoco_torque_viewer/__init__.py -> /home/yaohouyu/ros2_ws/src/build/iiwa_mujoco_torque_viewer/build/lib/iiwa_mujoco_torque_viewer
[0.819s] copying iiwa_mujoco_torque_viewer/torque_viewer_node.py -> /home/yaohouyu/ros2_ws/src/build/iiwa_mujoco_torque_viewer/build/lib/iiwa_mujoco_torque_viewer
[0.819s] running install
[0.822s] running install_lib
[0.834s] creating /home/yaohouyu/ros2_ws/src/install/iiwa_mujoco_torque_viewer/lib/python3.12/site-packages/iiwa_mujoco_torque_viewer
[0.834s] copying /home/yaohouyu/ros2_ws/src/build/iiwa_mujoco_torque_viewer/build/lib/iiwa_mujoco_torque_viewer/__init__.py -> /home/yaohouyu/ros2_ws/src/install/iiwa_mujoco_torque_viewer/lib/python3.12/site-packages/iiwa_mujoco_torque_viewer
[0.834s] copying /home/yaohouyu/ros2_ws/src/build/iiwa_mujoco_torque_viewer/build/lib/iiwa_mujoco_torque_viewer/torque_viewer_node.py -> /home/yaohouyu/ros2_ws/src/install/iiwa_mujoco_torque_viewer/lib/python3.12/site-packages/iiwa_mujoco_torque_viewer
[0.834s] byte-compiling /home/yaohouyu/ros2_ws/src/install/iiwa_mujoco_torque_viewer/lib/python3.12/site-packages/iiwa_mujoco_torque_viewer/__init__.py to __init__.cpython-312.pyc
[0.835s] byte-compiling /home/yaohouyu/ros2_ws/src/install/iiwa_mujoco_torque_viewer/lib/python3.12/site-packages/iiwa_mujoco_torque_viewer/torque_viewer_node.py to torque_viewer_node.cpython-312.pyc
[0.835s] running install_data
[0.835s] creating /home/yaohouyu/ros2_ws/src/install/iiwa_mujoco_torque_viewer/share/ament_index
[0.835s] creating /home/yaohouyu/ros2_ws/src/install/iiwa_mujoco_torque_viewer/share/ament_index/resource_index
[0.835s] creating /home/yaohouyu/ros2_ws/src/install/iiwa_mujoco_torque_viewer/share/ament_index/resource_index/packages
[0.835s] copying resource/iiwa_mujoco_torque_viewer -> /home/yaohouyu/ros2_ws/src/install/iiwa_mujoco_torque_viewer/share/ament_index/resource_index/packages
[0.836s] copying package.xml -> /home/yaohouyu/ros2_ws/src/install/iiwa_mujoco_torque_viewer/share/iiwa_mujoco_torque_viewer
[0.836s] running install_egg_info
[0.850s] Copying ../build/iiwa_mujoco_torque_viewer/iiwa_mujoco_torque_viewer.egg-info to /home/yaohouyu/ros2_ws/src/install/iiwa_mujoco_torque_viewer/lib/python3.12/site-packages/iiwa_mujoco_torque_viewer-0.0.0-py3.12.egg-info
[0.850s] running install_scripts
[0.933s] writing list of installed files to '/home/yaohouyu/ros2_ws/src/build/iiwa_mujoco_torque_viewer/install.log'
[0.974s] Invoked command in '/home/yaohouyu/ros2_ws/src/iiwa_mujoco_torque_viewer' returned '0': DEBUGINFOD_URLS=https://debuginfod.ubuntu.com PYTHONPATH=/home/yaohouyu/ros2_ws/src/build/iiwa_mujoco_torque_viewer/prefix_override:/usr/lib/python3/dist-packages/colcon_core/task/python/colcon_distutils_commands:/home/yaohouyu/ros2_ws/src/install/iiwa_mujoco_torque_viewer/lib/python3.12/site-packages:${PYTHONPATH} /usr/bin/python3 -W ignore:setup.py install is deprecated -W ignore:easy_install command is deprecated setup.py egg_info --egg-base ../build/iiwa_mujoco_torque_viewer build --build-base /home/yaohouyu/ros2_ws/src/build/iiwa_mujoco_torque_viewer/build install --record /home/yaohouyu/ros2_ws/src/build/iiwa_mujoco_torque_viewer/install.log --single-version-externally-managed install_data
