[0.678s] Invoking command in '/home/yaohouyu/ros2_ws/src/iiwa_mujoco_viewer': DEBUGINFOD_URLS=https://debuginfod.ubuntu.com PYTHONPATH=/home/yaohouyu/ros2_ws/build/iiwa_mujoco_viewer/prefix_override:/usr/lib/python3/dist-packages/colcon_core/task/python/colcon_distutils_commands:/home/yaohouyu/ros2_ws/install/iiwa_mujoco_viewer/lib/python3.12/site-packages:${PYTHONPATH} /usr/bin/python3 -W ignore:setup.py install is deprecated -W ignore:easy_install command is deprecated setup.py egg_info --egg-base ../../build/iiwa_mujoco_viewer build --build-base /home/yaohouyu/ros2_ws/build/iiwa_mujoco_viewer/build install --record /home/yaohouyu/ros2_ws/build/iiwa_mujoco_viewer/install.log --single-version-externally-managed install_data
[0.835s] running egg_info
[0.851s] writing ../../build/iiwa_mujoco_viewer/iiwa_mujoco_viewer.egg-info/PKG-INFO
[0.851s] writing dependency_links to ../../build/iiwa_mujoco_viewer/iiwa_mujoco_viewer.egg-info/dependency_links.txt
[0.851s] writing entry points to ../../build/iiwa_mujoco_viewer/iiwa_mujoco_viewer.egg-info/entry_points.txt
[0.852s] writing requirements to ../../build/iiwa_mujoco_viewer/iiwa_mujoco_viewer.egg-info/requires.txt
[0.853s] writing top-level names to ../../build/iiwa_mujoco_viewer/iiwa_mujoco_viewer.egg-info/top_level.txt
[0.876s] reading manifest file '../../build/iiwa_mujoco_viewer/iiwa_mujoco_viewer.egg-info/SOURCES.txt'
[0.876s] writing manifest file '../../build/iiwa_mujoco_viewer/iiwa_mujoco_viewer.egg-info/SOURCES.txt'
[0.876s] running build
[0.876s] running build_py
[0.876s] running install
[0.881s] running install_lib
[0.897s] running install_data
[0.897s] running install_egg_info
[0.907s] removing '/home/yaohouyu/ros2_ws/install/iiwa_mujoco_viewer/lib/python3.12/site-packages/iiwa_mujoco_viewer-0.0.0-py3.12.egg-info' (and everything under it)
[0.910s] Copying ../../build/iiwa_mujoco_viewer/iiwa_mujoco_viewer.egg-info to /home/yaohouyu/ros2_ws/install/iiwa_mujoco_viewer/lib/python3.12/site-packages/iiwa_mujoco_viewer-0.0.0-py3.12.egg-info
[0.912s] running install_scripts
[0.987s] Installing viewer script to /home/yaohouyu/ros2_ws/install/iiwa_mujoco_viewer/lib/iiwa_mujoco_viewer
[0.987s] writing list of installed files to '/home/yaohouyu/ros2_ws/build/iiwa_mujoco_viewer/install.log'
[1.007s] Invoked command in '/home/yaohouyu/ros2_ws/src/iiwa_mujoco_viewer' returned '0': DEBUGINFOD_URLS=https://debuginfod.ubuntu.com PYTHONPATH=/home/yaohouyu/ros2_ws/build/iiwa_mujoco_viewer/prefix_override:/usr/lib/python3/dist-packages/colcon_core/task/python/colcon_distutils_commands:/home/yaohouyu/ros2_ws/install/iiwa_mujoco_viewer/lib/python3.12/site-packages:${PYTHONPATH} /usr/bin/python3 -W ignore:setup.py install is deprecated -W ignore:easy_install command is deprecated setup.py egg_info --egg-base ../../build/iiwa_mujoco_viewer build --build-base /home/yaohouyu/ros2_ws/build/iiwa_mujoco_viewer/build install --record /home/yaohouyu/ros2_ws/build/iiwa_mujoco_viewer/install.log --single-version-externally-managed install_data
