[0.058s] DEBUG:colcon:Command line arguments: ['/usr/bin/colcon', 'build', '--cmake-args', '-DCMAKE_EXPORT_COMPILE_COMMANDS=ON']
[0.058s] DEBUG:colcon:Parsed command line arguments: Namespace(log_base=None, log_level=None, verb_name='build', build_base='build', install_base='install', merge_install=False, symlink_install=False, test_result_base=None, continue_on_error=False, executor='parallel', parallel_workers=6, event_handlers=None, ignore_user_meta=False, metas=['./colcon.meta'], base_paths=['.'], packages_ignore=None, packages_ignore_regex=None, paths=None, packages_up_to=None, packages_up_to_regex=None, packages_above=None, packages_above_and_dependencies=None, packages_above_depth=None, packages_select_by_dep=None, packages_skip_by_dep=None, packages_skip_up_to=None, packages_select_build_failed=False, packages_skip_build_finished=False, packages_select_test_failures=False, packages_skip_test_passed=False, packages_select=None, packages_skip=None, packages_select_regex=None, packages_skip_regex=None, packages_start=None, packages_end=None, allow_overriding=[], cmake_args=['-DCMAKE_EXPORT_COMPILE_COMMANDS=ON'], cmake_target=None, cmake_target_skip_unavailable=False, cmake_clean_cache=False, cmake_clean_first=False, cmake_force_configure=False, ament_cmake_args=None, catkin_cmake_args=None, catkin_skip_building_tests=False, verb_parser=<colcon_defaults.argument_parser.defaults.DefaultArgumentsDecorator object at 0x7c4d53f1d1f0>, verb_extension=<colcon_core.verb.build.BuildVerb object at 0x7c4d540f79b0>, main=<bound method BuildVerb.main of <colcon_core.verb.build.BuildVerb object at 0x7c4d540f79b0>>)
[0.082s] Level 1:colcon.colcon_core.package_discovery:discover_packages(colcon_meta) check parameters
[0.082s] Level 1:colcon.colcon_core.package_discovery:discover_packages(recursive) check parameters
[0.082s] Level 1:colcon.colcon_core.package_discovery:discover_packages(ignore) check parameters
[0.082s] Level 1:colcon.colcon_core.package_discovery:discover_packages(path) check parameters
[0.082s] Level 1:colcon.colcon_core.package_discovery:discover_packages(colcon_meta) discover
[0.082s] Level 1:colcon.colcon_core.package_discovery:discover_packages(recursive) discover
[0.082s] INFO:colcon.colcon_core.package_discovery:Crawling recursively for packages in '/home/yaohouyu/ros2_ws/src'
[0.082s] Level 1:colcon.colcon_core.package_identification:_identify(.) by extensions ['ignore', 'ignore_ament_install']
[0.082s] Level 1:colcon.colcon_core.package_identification:_identify(.) by extension 'ignore'
[0.082s] Level 1:colcon.colcon_core.package_identification:_identify(.) by extension 'ignore_ament_install'
[0.082s] Level 1:colcon.colcon_core.package_identification:_identify(.) by extensions ['colcon_pkg']
[0.082s] Level 1:colcon.colcon_core.package_identification:_identify(.) by extension 'colcon_pkg'
[0.082s] Level 1:colcon.colcon_core.package_identification:_identify(.) by extensions ['colcon_meta']
[0.082s] Level 1:colcon.colcon_core.package_identification:_identify(.) by extension 'colcon_meta'
[0.082s] Level 1:colcon.colcon_core.package_identification:_identify(.) by extensions ['ros']
[0.082s] Level 1:colcon.colcon_core.package_identification:_identify(.) by extension 'ros'
[0.097s] Level 1:colcon.colcon_core.package_identification:_identify(.) by extensions ['cmake', 'python']
[0.098s] Level 1:colcon.colcon_core.package_identification:_identify(.) by extension 'cmake'
[0.098s] Level 1:colcon.colcon_core.package_identification:_identify(.) by extension 'python'
[0.098s] Level 1:colcon.colcon_core.package_identification:_identify(.) by extensions ['python_setup_py']
[0.098s] Level 1:colcon.colcon_core.package_identification:_identify(.) by extension 'python_setup_py'
[0.098s] Level 1:colcon.colcon_core.package_identification:_identify(build) by extensions ['ignore', 'ignore_ament_install']
[0.098s] Level 1:colcon.colcon_core.package_identification:_identify(build) by extension 'ignore'
[0.098s] Level 1:colcon.colcon_core.package_identification:_identify(build) ignored
[0.098s] Level 1:colcon.colcon_core.package_identification:_identify(iiwa_mujoco_ros2) by extensions ['ignore', 'ignore_ament_install']
[0.098s] Level 1:colcon.colcon_core.package_identification:_identify(iiwa_mujoco_ros2) by extension 'ignore'
[0.098s] Level 1:colcon.colcon_core.package_identification:_identify(iiwa_mujoco_ros2) by extension 'ignore_ament_install'
[0.098s] Level 1:colcon.colcon_core.package_identification:_identify(iiwa_mujoco_ros2) by extensions ['colcon_pkg']
[0.098s] Level 1:colcon.colcon_core.package_identification:_identify(iiwa_mujoco_ros2) by extension 'colcon_pkg'
[0.098s] Level 1:colcon.colcon_core.package_identification:_identify(iiwa_mujoco_ros2) by extensions ['colcon_meta']
[0.098s] Level 1:colcon.colcon_core.package_identification:_identify(iiwa_mujoco_ros2) by extension 'colcon_meta'
[0.098s] Level 1:colcon.colcon_core.package_identification:_identify(iiwa_mujoco_ros2) by extensions ['ros']
[0.098s] Level 1:colcon.colcon_core.package_identification:_identify(iiwa_mujoco_ros2) by extension 'ros'
[0.100s] DEBUG:colcon.colcon_core.package_identification:Package 'iiwa_mujoco_ros2' with type 'ros.ament_cmake' and name 'iiwa_mujoco_ros2'
[0.100s] Level 1:colcon.colcon_core.package_identification:_identify(iiwa_mujoco_torque) by extensions ['ignore', 'ignore_ament_install']
[0.100s] Level 1:colcon.colcon_core.package_identification:_identify(iiwa_mujoco_torque) by extension 'ignore'
[0.100s] Level 1:colcon.colcon_core.package_identification:_identify(iiwa_mujoco_torque) by extension 'ignore_ament_install'
[0.100s] Level 1:colcon.colcon_core.package_identification:_identify(iiwa_mujoco_torque) by extensions ['colcon_pkg']
[0.100s] Level 1:colcon.colcon_core.package_identification:_identify(iiwa_mujoco_torque) by extension 'colcon_pkg'
[0.100s] Level 1:colcon.colcon_core.package_identification:_identify(iiwa_mujoco_torque) by extensions ['colcon_meta']
[0.100s] Level 1:colcon.colcon_core.package_identification:_identify(iiwa_mujoco_torque) by extension 'colcon_meta'
[0.100s] Level 1:colcon.colcon_core.package_identification:_identify(iiwa_mujoco_torque) by extensions ['ros']
[0.100s] Level 1:colcon.colcon_core.package_identification:_identify(iiwa_mujoco_torque) by extension 'ros'
[0.100s] DEBUG:colcon.colcon_core.package_identification:Package 'iiwa_mujoco_torque' with type 'ros.ament_cmake' and name 'iiwa_mujoco_torque'
[0.100s] Level 1:colcon.colcon_core.package_identification:_identify(iiwa_mujoco_torque_viewer) by extensions ['ignore', 'ignore_ament_install']
[0.100s] Level 1:colcon.colcon_core.package_identification:_identify(iiwa_mujoco_torque_viewer) by extension 'ignore'
[0.100s] Level 1:colcon.colcon_core.package_identification:_identify(iiwa_mujoco_torque_viewer) by extension 'ignore_ament_install'
[0.101s] Level 1:colcon.colcon_core.package_identification:_identify(iiwa_mujoco_torque_viewer) by extensions ['colcon_pkg']
[0.101s] Level 1:colcon.colcon_core.package_identification:_identify(iiwa_mujoco_torque_viewer) by extension 'colcon_pkg'
[0.101s] Level 1:colcon.colcon_core.package_identification:_identify(iiwa_mujoco_torque_viewer) by extensions ['colcon_meta']
[0.101s] Level 1:colcon.colcon_core.package_identification:_identify(iiwa_mujoco_torque_viewer) by extension 'colcon_meta'
[0.101s] Level 1:colcon.colcon_core.package_identification:_identify(iiwa_mujoco_torque_viewer) by extensions ['ros']
[0.101s] Level 1:colcon.colcon_core.package_identification:_identify(iiwa_mujoco_torque_viewer) by extension 'ros'
[0.101s] DEBUG:colcon.colcon_core.package_identification:Package 'iiwa_mujoco_torque_viewer' with type 'ros.ament_python' and name 'iiwa_mujoco_torque_viewer'
[0.101s] Level 1:colcon.colcon_core.package_identification:_identify(iiwa_mujoco_viewer) by extensions ['ignore', 'ignore_ament_install']
[0.101s] Level 1:colcon.colcon_core.package_identification:_identify(iiwa_mujoco_viewer) by extension 'ignore'
[0.101s] Level 1:colcon.colcon_core.package_identification:_identify(iiwa_mujoco_viewer) by extension 'ignore_ament_install'
[0.101s] Level 1:colcon.colcon_core.package_identification:_identify(iiwa_mujoco_viewer) by extensions ['colcon_pkg']
[0.101s] Level 1:colcon.colcon_core.package_identification:_identify(iiwa_mujoco_viewer) by extension 'colcon_pkg'
[0.101s] Level 1:colcon.colcon_core.package_identification:_identify(iiwa_mujoco_viewer) by extensions ['colcon_meta']
[0.101s] Level 1:colcon.colcon_core.package_identification:_identify(iiwa_mujoco_viewer) by extension 'colcon_meta'
[0.101s] Level 1:colcon.colcon_core.package_identification:_identify(iiwa_mujoco_viewer) by extensions ['ros']
[0.101s] Level 1:colcon.colcon_core.package_identification:_identify(iiwa_mujoco_viewer) by extension 'ros'
[0.102s] DEBUG:colcon.colcon_core.package_identification:Package 'iiwa_mujoco_viewer' with type 'ros.ament_python' and name 'iiwa_mujoco_viewer'
[0.102s] Level 1:colcon.colcon_core.package_identification:_identify(install) by extensions ['ignore', 'ignore_ament_install']
[0.102s] Level 1:colcon.colcon_core.package_identification:_identify(install) by extension 'ignore'
[0.102s] Level 1:colcon.colcon_core.package_identification:_identify(install) ignored
[0.102s] Level 1:colcon.colcon_core.package_identification:_identify(log) by extensions ['ignore', 'ignore_ament_install']
[0.103s] Level 1:colcon.colcon_core.package_identification:_identify(log) by extension 'ignore'
[0.103s] Level 1:colcon.colcon_core.package_identification:_identify(log) ignored
[0.103s] Level 1:colcon.colcon_core.package_discovery:discover_packages(recursive) using defaults
[0.103s] Level 1:colcon.colcon_core.package_discovery:discover_packages(ignore) discover
[0.103s] Level 1:colcon.colcon_core.package_discovery:discover_packages(ignore) using defaults
[0.103s] Level 1:colcon.colcon_core.package_discovery:discover_packages(path) discover
[0.103s] Level 1:colcon.colcon_core.package_discovery:discover_packages(path) using defaults
[0.114s] Level 1:colcon.colcon_core.package_discovery:discover_packages(prefix_path) check parameters
[0.114s] Level 1:colcon.colcon_core.package_discovery:discover_packages(prefix_path) discover
[0.115s] DEBUG:colcon.colcon_installed_package_information.package_discovery:Found 4 installed packages in /home/yaohouyu/ros2_ws/src/install
[0.115s] DEBUG:colcon.colcon_installed_package_information.package_discovery:Found 3 installed packages in /home/yaohouyu/ros2_ws/install
[0.116s] DEBUG:colcon.colcon_installed_package_information.package_discovery:Found 285 installed packages in /opt/ros/jazzy
[0.116s] Level 1:colcon.colcon_core.package_discovery:discover_packages(prefix_path) using defaults
[0.137s] Level 5:colcon.colcon_core.verb:set package 'iiwa_mujoco_ros2' build argument 'cmake_args' from command line to '['-DCMAKE_EXPORT_COMPILE_COMMANDS=ON']'
[0.137s] Level 5:colcon.colcon_core.verb:set package 'iiwa_mujoco_ros2' build argument 'cmake_target' from command line to 'None'
[0.138s] Level 5:colcon.colcon_core.verb:set package 'iiwa_mujoco_ros2' build argument 'cmake_target_skip_unavailable' from command line to 'False'
[0.138s] Level 5:colcon.colcon_core.verb:set package 'iiwa_mujoco_ros2' build argument 'cmake_clean_cache' from command line to 'False'
[0.138s] Level 5:colcon.colcon_core.verb:set package 'iiwa_mujoco_ros2' build argument 'cmake_clean_first' from command line to 'False'
[0.138s] Level 5:colcon.colcon_core.verb:set package 'iiwa_mujoco_ros2' build argument 'cmake_force_configure' from command line to 'False'
[0.138s] Level 5:colcon.colcon_core.verb:set package 'iiwa_mujoco_ros2' build argument 'ament_cmake_args' from command line to 'None'
[0.138s] Level 5:colcon.colcon_core.verb:set package 'iiwa_mujoco_ros2' build argument 'catkin_cmake_args' from command line to 'None'
[0.138s] Level 5:colcon.colcon_core.verb:set package 'iiwa_mujoco_ros2' build argument 'catkin_skip_building_tests' from command line to 'False'
[0.138s] DEBUG:colcon.colcon_core.verb:Building package 'iiwa_mujoco_ros2' with the following arguments: {'ament_cmake_args': None, 'build_base': '/home/yaohouyu/ros2_ws/src/build/iiwa_mujoco_ros2', 'catkin_cmake_args': None, 'catkin_skip_building_tests': False, 'cmake_args': ['-DCMAKE_EXPORT_COMPILE_COMMANDS=ON'], 'cmake_clean_cache': False, 'cmake_clean_first': False, 'cmake_force_configure': False, 'cmake_target': None, 'cmake_target_skip_unavailable': False, 'install_base': '/home/yaohouyu/ros2_ws/src/install/iiwa_mujoco_ros2', 'merge_install': False, 'path': '/home/yaohouyu/ros2_ws/src/iiwa_mujoco_ros2', 'symlink_install': False, 'test_result_base': None}
[0.138s] Level 5:colcon.colcon_core.verb:set package 'iiwa_mujoco_torque' build argument 'cmake_args' from command line to '['-DCMAKE_EXPORT_COMPILE_COMMANDS=ON']'
[0.138s] Level 5:colcon.colcon_core.verb:set package 'iiwa_mujoco_torque' build argument 'cmake_target' from command line to 'None'
[0.138s] Level 5:colcon.colcon_core.verb:set package 'iiwa_mujoco_torque' build argument 'cmake_target_skip_unavailable' from command line to 'False'
[0.138s] Level 5:colcon.colcon_core.verb:set package 'iiwa_mujoco_torque' build argument 'cmake_clean_cache' from command line to 'False'
[0.138s] Level 5:colcon.colcon_core.verb:set package 'iiwa_mujoco_torque' build argument 'cmake_clean_first' from command line to 'False'
[0.138s] Level 5:colcon.colcon_core.verb:set package 'iiwa_mujoco_torque' build argument 'cmake_force_configure' from command line to 'False'
[0.138s] Level 5:colcon.colcon_core.verb:set package 'iiwa_mujoco_torque' build argument 'ament_cmake_args' from command line to 'None'
[0.138s] Level 5:colcon.colcon_core.verb:set package 'iiwa_mujoco_torque' build argument 'catkin_cmake_args' from command line to 'None'
[0.138s] Level 5:colcon.colcon_core.verb:set package 'iiwa_mujoco_torque' build argument 'catkin_skip_building_tests' from command line to 'False'
[0.138s] DEBUG:colcon.colcon_core.verb:Building package 'iiwa_mujoco_torque' with the following arguments: {'ament_cmake_args': None, 'build_base': '/home/yaohouyu/ros2_ws/src/build/iiwa_mujoco_torque', 'catkin_cmake_args': None, 'catkin_skip_building_tests': False, 'cmake_args': ['-DCMAKE_EXPORT_COMPILE_COMMANDS=ON'], 'cmake_clean_cache': False, 'cmake_clean_first': False, 'cmake_force_configure': False, 'cmake_target': None, 'cmake_target_skip_unavailable': False, 'install_base': '/home/yaohouyu/ros2_ws/src/install/iiwa_mujoco_torque', 'merge_install': False, 'path': '/home/yaohouyu/ros2_ws/src/iiwa_mujoco_torque', 'symlink_install': False, 'test_result_base': None}
[0.138s] Level 5:colcon.colcon_core.verb:set package 'iiwa_mujoco_torque_viewer' build argument 'cmake_args' from command line to '['-DCMAKE_EXPORT_COMPILE_COMMANDS=ON']'
[0.138s] Level 5:colcon.colcon_core.verb:set package 'iiwa_mujoco_torque_viewer' build argument 'cmake_target' from command line to 'None'
[0.138s] Level 5:colcon.colcon_core.verb:set package 'iiwa_mujoco_torque_viewer' build argument 'cmake_target_skip_unavailable' from command line to 'False'
[0.138s] Level 5:colcon.colcon_core.verb:set package 'iiwa_mujoco_torque_viewer' build argument 'cmake_clean_cache' from command line to 'False'
[0.138s] Level 5:colcon.colcon_core.verb:set package 'iiwa_mujoco_torque_viewer' build argument 'cmake_clean_first' from command line to 'False'
[0.138s] Level 5:colcon.colcon_core.verb:set package 'iiwa_mujoco_torque_viewer' build argument 'cmake_force_configure' from command line to 'False'
[0.138s] Level 5:colcon.colcon_core.verb:set package 'iiwa_mujoco_torque_viewer' build argument 'ament_cmake_args' from command line to 'None'
[0.138s] Level 5:colcon.colcon_core.verb:set package 'iiwa_mujoco_torque_viewer' build argument 'catkin_cmake_args' from command line to 'None'
[0.138s] Level 5:colcon.colcon_core.verb:set package 'iiwa_mujoco_torque_viewer' build argument 'catkin_skip_building_tests' from command line to 'False'
[0.138s] DEBUG:colcon.colcon_core.verb:Building package 'iiwa_mujoco_torque_viewer' with the following arguments: {'ament_cmake_args': None, 'build_base': '/home/yaohouyu/ros2_ws/src/build/iiwa_mujoco_torque_viewer', 'catkin_cmake_args': None, 'catkin_skip_building_tests': False, 'cmake_args': ['-DCMAKE_EXPORT_COMPILE_COMMANDS=ON'], 'cmake_clean_cache': False, 'cmake_clean_first': False, 'cmake_force_configure': False, 'cmake_target': None, 'cmake_target_skip_unavailable': False, 'install_base': '/home/yaohouyu/ros2_ws/src/install/iiwa_mujoco_torque_viewer', 'merge_install': False, 'path': '/home/yaohouyu/ros2_ws/src/iiwa_mujoco_torque_viewer', 'symlink_install': False, 'test_result_base': None}
[0.138s] Level 5:colcon.colcon_core.verb:set package 'iiwa_mujoco_viewer' build argument 'cmake_args' from command line to '['-DCMAKE_EXPORT_COMPILE_COMMANDS=ON']'
[0.138s] Level 5:colcon.colcon_core.verb:set package 'iiwa_mujoco_viewer' build argument 'cmake_target' from command line to 'None'
[0.138s] Level 5:colcon.colcon_core.verb:set package 'iiwa_mujoco_viewer' build argument 'cmake_target_skip_unavailable' from command line to 'False'
[0.138s] Level 5:colcon.colcon_core.verb:set package 'iiwa_mujoco_viewer' build argument 'cmake_clean_cache' from command line to 'False'
[0.138s] Level 5:colcon.colcon_core.verb:set package 'iiwa_mujoco_viewer' build argument 'cmake_clean_first' from command line to 'False'
[0.138s] Level 5:colcon.colcon_core.verb:set package 'iiwa_mujoco_viewer' build argument 'cmake_force_configure' from command line to 'False'
[0.138s] Level 5:colcon.colcon_core.verb:set package 'iiwa_mujoco_viewer' build argument 'ament_cmake_args' from command line to 'None'
[0.138s] Level 5:colcon.colcon_core.verb:set package 'iiwa_mujoco_viewer' build argument 'catkin_cmake_args' from command line to 'None'
[0.138s] Level 5:colcon.colcon_core.verb:set package 'iiwa_mujoco_viewer' build argument 'catkin_skip_building_tests' from command line to 'False'
[0.138s] DEBUG:colcon.colcon_core.verb:Building package 'iiwa_mujoco_viewer' with the following arguments: {'ament_cmake_args': None, 'build_base': '/home/yaohouyu/ros2_ws/src/build/iiwa_mujoco_viewer', 'catkin_cmake_args': None, 'catkin_skip_building_tests': False, 'cmake_args': ['-DCMAKE_EXPORT_COMPILE_COMMANDS=ON'], 'cmake_clean_cache': False, 'cmake_clean_first': False, 'cmake_force_configure': False, 'cmake_target': None, 'cmake_target_skip_unavailable': False, 'install_base': '/home/yaohouyu/ros2_ws/src/install/iiwa_mujoco_viewer', 'merge_install': False, 'path': '/home/yaohouyu/ros2_ws/src/iiwa_mujoco_viewer', 'symlink_install': False, 'test_result_base': None}
[0.139s] INFO:colcon.colcon_core.executor:Executing jobs using 'parallel' executor
[0.139s] DEBUG:colcon.colcon_parallel_executor.executor.parallel:run_until_complete
[0.139s] INFO:colcon.colcon_ros.task.ament_cmake.build:Building ROS package in '/home/yaohouyu/ros2_ws/src/iiwa_mujoco_ros2' with build type 'ament_cmake'
[0.139s] INFO:colcon.colcon_cmake.task.cmake.build:Building CMake package in '/home/yaohouyu/ros2_ws/src/iiwa_mujoco_ros2'
[0.141s] INFO:colcon.colcon_core.plugin_system:Skipping extension 'colcon_core.shell.bat': Not used on non-Windows systems
[0.141s] INFO:colcon.colcon_core.shell:Skip shell extension 'powershell' for command environment: Not usable outside of PowerShell
[0.141s] DEBUG:colcon.colcon_core.shell:Skip shell extension 'dsv' for command environment
[0.143s] INFO:colcon.colcon_ros.task.ament_cmake.build:Building ROS package in '/home/yaohouyu/ros2_ws/src/iiwa_mujoco_torque' with build type 'ament_cmake'
[0.143s] INFO:colcon.colcon_cmake.task.cmake.build:Building CMake package in '/home/yaohouyu/ros2_ws/src/iiwa_mujoco_torque'
[0.143s] INFO:colcon.colcon_core.shell:Skip shell extension 'powershell' for command environment: Not usable outside of PowerShell
[0.143s] DEBUG:colcon.colcon_core.shell:Skip shell extension 'dsv' for command environment
[0.145s] INFO:colcon.colcon_ros.task.ament_python.build:Building ROS package in '/home/yaohouyu/ros2_ws/src/iiwa_mujoco_torque_viewer' with build type 'ament_python'
[0.145s] Level 1:colcon.colcon_core.shell:create_environment_hook('iiwa_mujoco_torque_viewer', 'ament_prefix_path')
[0.145s] INFO:colcon.colcon_core.shell:Creating environment hook '/home/yaohouyu/ros2_ws/src/install/iiwa_mujoco_torque_viewer/share/iiwa_mujoco_torque_viewer/hook/ament_prefix_path.ps1'
[0.146s] INFO:colcon.colcon_core.shell:Creating environment descriptor '/home/yaohouyu/ros2_ws/src/install/iiwa_mujoco_torque_viewer/share/iiwa_mujoco_torque_viewer/hook/ament_prefix_path.dsv'
[0.146s] INFO:colcon.colcon_core.shell:Creating environment hook '/home/yaohouyu/ros2_ws/src/install/iiwa_mujoco_torque_viewer/share/iiwa_mujoco_torque_viewer/hook/ament_prefix_path.sh'
[0.146s] INFO:colcon.colcon_core.shell:Skip shell extension 'powershell' for command environment: Not usable outside of PowerShell
[0.146s] DEBUG:colcon.colcon_core.shell:Skip shell extension 'dsv' for command environment
[0.148s] INFO:colcon.colcon_ros.task.ament_python.build:Building ROS package in '/home/yaohouyu/ros2_ws/src/iiwa_mujoco_viewer' with build type 'ament_python'
[0.148s] Level 1:colcon.colcon_core.shell:create_environment_hook('iiwa_mujoco_viewer', 'ament_prefix_path')
[0.148s] INFO:colcon.colcon_core.shell:Creating environment hook '/home/yaohouyu/ros2_ws/src/install/iiwa_mujoco_viewer/share/iiwa_mujoco_viewer/hook/ament_prefix_path.ps1'
[0.148s] INFO:colcon.colcon_core.shell:Creating environment descriptor '/home/yaohouyu/ros2_ws/src/install/iiwa_mujoco_viewer/share/iiwa_mujoco_viewer/hook/ament_prefix_path.dsv'
[0.149s] INFO:colcon.colcon_core.shell:Creating environment hook '/home/yaohouyu/ros2_ws/src/install/iiwa_mujoco_viewer/share/iiwa_mujoco_viewer/hook/ament_prefix_path.sh'
[0.149s] INFO:colcon.colcon_core.shell:Skip shell extension 'powershell' for command environment: Not usable outside of PowerShell
[0.149s] DEBUG:colcon.colcon_core.shell:Skip shell extension 'dsv' for command environment
[0.154s] DEBUG:colcon.colcon_core.event_handler.log_command:Invoking command in '/home/yaohouyu/ros2_ws/src/build/iiwa_mujoco_ros2': CMAKE_PREFIX_PATH=${CMAKE_PREFIX_PATH}:/home/yaohouyu/ros2_ws/src/install/iiwa_mujoco_viewer:/home/yaohouyu/ros2_ws/src/install/iiwa_mujoco_torque_viewer:/home/yaohouyu/ros2_ws/install/iiwa_mujoco_viewer:/opt/ros/jazzy DEBUGINFOD_URLS=https://debuginfod.ubuntu.com /usr/bin/cmake --build /home/yaohouyu/ros2_ws/src/build/iiwa_mujoco_ros2 -- -j6 -l6
[0.155s] DEBUG:colcon.colcon_core.event_handler.log_command:Invoking command in '/home/yaohouyu/ros2_ws/src/build/iiwa_mujoco_torque': CMAKE_PREFIX_PATH=${CMAKE_PREFIX_PATH}:/home/yaohouyu/ros2_ws/src/install/iiwa_mujoco_viewer:/home/yaohouyu/ros2_ws/src/install/iiwa_mujoco_torque_viewer:/home/yaohouyu/ros2_ws/install/iiwa_mujoco_viewer:/opt/ros/jazzy DEBUGINFOD_URLS=https://debuginfod.ubuntu.com /usr/bin/cmake --build /home/yaohouyu/ros2_ws/src/build/iiwa_mujoco_torque -- -j6 -l6
[0.289s] INFO:colcon.colcon_core.task.python.build:Building Python package in '/home/yaohouyu/ros2_ws/src/iiwa_mujoco_torque_viewer'
[0.289s] INFO:colcon.colcon_core.shell:Skip shell extension 'powershell' for command environment: Not usable outside of PowerShell
[0.289s] DEBUG:colcon.colcon_core.shell:Skip shell extension 'dsv' for command environment
[0.297s] DEBUG:colcon.colcon_core.event_handler.log_command:Invoked command in '/home/yaohouyu/ros2_ws/src/build/iiwa_mujoco_ros2' returned '0': CMAKE_PREFIX_PATH=${CMAKE_PREFIX_PATH}:/home/yaohouyu/ros2_ws/src/install/iiwa_mujoco_viewer:/home/yaohouyu/ros2_ws/src/install/iiwa_mujoco_torque_viewer:/home/yaohouyu/ros2_ws/install/iiwa_mujoco_viewer:/opt/ros/jazzy DEBUGINFOD_URLS=https://debuginfod.ubuntu.com /usr/bin/cmake --build /home/yaohouyu/ros2_ws/src/build/iiwa_mujoco_ros2 -- -j6 -l6
[0.303s] DEBUG:colcon.colcon_core.event_handler.log_command:Invoking command in '/home/yaohouyu/ros2_ws/src/build/iiwa_mujoco_ros2': CMAKE_PREFIX_PATH=${CMAKE_PREFIX_PATH}:/home/yaohouyu/ros2_ws/src/install/iiwa_mujoco_viewer:/home/yaohouyu/ros2_ws/src/install/iiwa_mujoco_torque_viewer:/home/yaohouyu/ros2_ws/install/iiwa_mujoco_viewer:/opt/ros/jazzy DEBUGINFOD_URLS=https://debuginfod.ubuntu.com /usr/bin/cmake --install /home/yaohouyu/ros2_ws/src/build/iiwa_mujoco_ros2
[0.422s] INFO:colcon.colcon_core.task.python.build:Building Python package in '/home/yaohouyu/ros2_ws/src/iiwa_mujoco_viewer'
[0.422s] INFO:colcon.colcon_core.shell:Skip shell extension 'powershell' for command environment: Not usable outside of PowerShell
[0.422s] DEBUG:colcon.colcon_core.shell:Skip shell extension 'dsv' for command environment
[0.425s] DEBUG:colcon.colcon_core.event_handler.log_command:Invoked command in '/home/yaohouyu/ros2_ws/src/build/iiwa_mujoco_torque' returned '0': CMAKE_PREFIX_PATH=${CMAKE_PREFIX_PATH}:/home/yaohouyu/ros2_ws/src/install/iiwa_mujoco_viewer:/home/yaohouyu/ros2_ws/src/install/iiwa_mujoco_torque_viewer:/home/yaohouyu/ros2_ws/install/iiwa_mujoco_viewer:/opt/ros/jazzy DEBUGINFOD_URLS=https://debuginfod.ubuntu.com /usr/bin/cmake --build /home/yaohouyu/ros2_ws/src/build/iiwa_mujoco_torque -- -j6 -l6
[0.429s] DEBUG:colcon.colcon_core.event_handler.log_command:Invoking command in '/home/yaohouyu/ros2_ws/src/build/iiwa_mujoco_torque': CMAKE_PREFIX_PATH=${CMAKE_PREFIX_PATH}:/home/yaohouyu/ros2_ws/src/install/iiwa_mujoco_viewer:/home/yaohouyu/ros2_ws/src/install/iiwa_mujoco_torque_viewer:/home/yaohouyu/ros2_ws/install/iiwa_mujoco_viewer:/opt/ros/jazzy DEBUGINFOD_URLS=https://debuginfod.ubuntu.com /usr/bin/cmake --install /home/yaohouyu/ros2_ws/src/build/iiwa_mujoco_torque
[0.432s] Level 1:colcon.colcon_core.environment:create_environment_scripts_only(iiwa_mujoco_ros2)
[0.433s] DEBUG:colcon.colcon_core.event_handler.log_command:Invoked command in '/home/yaohouyu/ros2_ws/src/build/iiwa_mujoco_ros2' returned '0': CMAKE_PREFIX_PATH=${CMAKE_PREFIX_PATH}:/home/yaohouyu/ros2_ws/src/install/iiwa_mujoco_viewer:/home/yaohouyu/ros2_ws/src/install/iiwa_mujoco_torque_viewer:/home/yaohouyu/ros2_ws/install/iiwa_mujoco_viewer:/opt/ros/jazzy DEBUGINFOD_URLS=https://debuginfod.ubuntu.com /usr/bin/cmake --install /home/yaohouyu/ros2_ws/src/build/iiwa_mujoco_ros2
[0.434s] Level 1:colcon.colcon_core.environment:checking '/home/yaohouyu/ros2_ws/src/install/iiwa_mujoco_ros2' for CMake module files
[0.435s] Level 1:colcon.colcon_core.environment:checking '/home/yaohouyu/ros2_ws/src/install/iiwa_mujoco_ros2' for CMake config files
[0.436s] Level 1:colcon.colcon_core.shell:create_environment_hook('iiwa_mujoco_ros2', 'cmake_prefix_path')
[0.436s] INFO:colcon.colcon_core.shell:Creating environment hook '/home/yaohouyu/ros2_ws/src/install/iiwa_mujoco_ros2/share/iiwa_mujoco_ros2/hook/cmake_prefix_path.ps1'
[0.437s] INFO:colcon.colcon_core.shell:Creating environment descriptor '/home/yaohouyu/ros2_ws/src/install/iiwa_mujoco_ros2/share/iiwa_mujoco_ros2/hook/cmake_prefix_path.dsv'
[0.437s] INFO:colcon.colcon_core.shell:Creating environment hook '/home/yaohouyu/ros2_ws/src/install/iiwa_mujoco_ros2/share/iiwa_mujoco_ros2/hook/cmake_prefix_path.sh'
[0.437s] Level 1:colcon.colcon_core.environment:checking '/home/yaohouyu/ros2_ws/src/install/iiwa_mujoco_ros2/lib'
[0.437s] Level 1:colcon.colcon_core.environment:checking '/home/yaohouyu/ros2_ws/src/install/iiwa_mujoco_ros2/bin'
[0.437s] Level 1:colcon.colcon_core.environment:checking '/home/yaohouyu/ros2_ws/src/install/iiwa_mujoco_ros2/lib/pkgconfig/iiwa_mujoco_ros2.pc'
[0.438s] Level 1:colcon.colcon_core.environment:checking '/home/yaohouyu/ros2_ws/src/install/iiwa_mujoco_ros2/lib/python3.12/site-packages'
[0.438s] Level 1:colcon.colcon_core.environment:checking '/home/yaohouyu/ros2_ws/src/install/iiwa_mujoco_ros2/bin'
[0.438s] INFO:colcon.colcon_core.shell:Creating package script '/home/yaohouyu/ros2_ws/src/install/iiwa_mujoco_ros2/share/iiwa_mujoco_ros2/package.ps1'
[0.438s] INFO:colcon.colcon_core.shell:Creating package descriptor '/home/yaohouyu/ros2_ws/src/install/iiwa_mujoco_ros2/share/iiwa_mujoco_ros2/package.dsv'
[0.439s] INFO:colcon.colcon_core.shell:Creating package script '/home/yaohouyu/ros2_ws/src/install/iiwa_mujoco_ros2/share/iiwa_mujoco_ros2/package.sh'
[0.439s] INFO:colcon.colcon_core.shell:Creating package script '/home/yaohouyu/ros2_ws/src/install/iiwa_mujoco_ros2/share/iiwa_mujoco_ros2/package.bash'
[0.439s] INFO:colcon.colcon_core.shell:Creating package script '/home/yaohouyu/ros2_ws/src/install/iiwa_mujoco_ros2/share/iiwa_mujoco_ros2/package.zsh'
[0.440s] Level 1:colcon.colcon_core.environment:create_file_with_runtime_dependencies(/home/yaohouyu/ros2_ws/src/install/iiwa_mujoco_ros2/share/colcon-core/packages/iiwa_mujoco_ros2)
[0.440s] Level 1:colcon.colcon_core.environment:create_environment_scripts_only(iiwa_mujoco_ros2)
[0.440s] Level 1:colcon.colcon_core.environment:checking '/home/yaohouyu/ros2_ws/src/install/iiwa_mujoco_ros2' for CMake module files
[0.441s] Level 1:colcon.colcon_core.environment:checking '/home/yaohouyu/ros2_ws/src/install/iiwa_mujoco_ros2' for CMake config files
[0.441s] Level 1:colcon.colcon_core.shell:create_environment_hook('iiwa_mujoco_ros2', 'cmake_prefix_path')
[0.441s] INFO:colcon.colcon_core.shell:Creating environment hook '/home/yaohouyu/ros2_ws/src/install/iiwa_mujoco_ros2/share/iiwa_mujoco_ros2/hook/cmake_prefix_path.ps1'
[0.441s] INFO:colcon.colcon_core.shell:Creating environment descriptor '/home/yaohouyu/ros2_ws/src/install/iiwa_mujoco_ros2/share/iiwa_mujoco_ros2/hook/cmake_prefix_path.dsv'
[0.441s] INFO:colcon.colcon_core.shell:Creating environment hook '/home/yaohouyu/ros2_ws/src/install/iiwa_mujoco_ros2/share/iiwa_mujoco_ros2/hook/cmake_prefix_path.sh'
[0.442s] Level 1:colcon.colcon_core.environment:checking '/home/yaohouyu/ros2_ws/src/install/iiwa_mujoco_ros2/lib'
[0.442s] Level 1:colcon.colcon_core.environment:checking '/home/yaohouyu/ros2_ws/src/install/iiwa_mujoco_ros2/bin'
[0.442s] Level 1:colcon.colcon_core.environment:checking '/home/yaohouyu/ros2_ws/src/install/iiwa_mujoco_ros2/lib/pkgconfig/iiwa_mujoco_ros2.pc'
[0.442s] Level 1:colcon.colcon_core.environment:checking '/home/yaohouyu/ros2_ws/src/install/iiwa_mujoco_ros2/lib/python3.12/site-packages'
[0.442s] Level 1:colcon.colcon_core.environment:checking '/home/yaohouyu/ros2_ws/src/install/iiwa_mujoco_ros2/bin'
[0.442s] INFO:colcon.colcon_core.shell:Creating package script '/home/yaohouyu/ros2_ws/src/install/iiwa_mujoco_ros2/share/iiwa_mujoco_ros2/package.ps1'
[0.443s] INFO:colcon.colcon_core.shell:Creating package descriptor '/home/yaohouyu/ros2_ws/src/install/iiwa_mujoco_ros2/share/iiwa_mujoco_ros2/package.dsv'
[0.443s] INFO:colcon.colcon_core.shell:Creating package script '/home/yaohouyu/ros2_ws/src/install/iiwa_mujoco_ros2/share/iiwa_mujoco_ros2/package.sh'
[0.443s] INFO:colcon.colcon_core.shell:Creating package script '/home/yaohouyu/ros2_ws/src/install/iiwa_mujoco_ros2/share/iiwa_mujoco_ros2/package.bash'
[0.443s] INFO:colcon.colcon_core.shell:Creating package script '/home/yaohouyu/ros2_ws/src/install/iiwa_mujoco_ros2/share/iiwa_mujoco_ros2/package.zsh'
[0.444s] Level 1:colcon.colcon_core.environment:create_file_with_runtime_dependencies(/home/yaohouyu/ros2_ws/src/install/iiwa_mujoco_ros2/share/colcon-core/packages/iiwa_mujoco_ros2)
[0.445s] Level 1:colcon.colcon_core.environment:create_environment_scripts_only(iiwa_mujoco_torque)
[0.445s] Level 1:colcon.colcon_core.environment:checking '/home/yaohouyu/ros2_ws/src/install/iiwa_mujoco_torque' for CMake module files
[0.446s] Level 1:colcon.colcon_core.environment:checking '/home/yaohouyu/ros2_ws/src/install/iiwa_mujoco_torque' for CMake config files
[0.446s] DEBUG:colcon.colcon_core.event_handler.log_command:Invoked command in '/home/yaohouyu/ros2_ws/src/build/iiwa_mujoco_torque' returned '0': CMAKE_PREFIX_PATH=${CMAKE_PREFIX_PATH}:/home/yaohouyu/ros2_ws/src/install/iiwa_mujoco_viewer:/home/yaohouyu/ros2_ws/src/install/iiwa_mujoco_torque_viewer:/home/yaohouyu/ros2_ws/install/iiwa_mujoco_viewer:/opt/ros/jazzy DEBUGINFOD_URLS=https://debuginfod.ubuntu.com /usr/bin/cmake --install /home/yaohouyu/ros2_ws/src/build/iiwa_mujoco_torque
[0.446s] Level 1:colcon.colcon_core.shell:create_environment_hook('iiwa_mujoco_torque', 'cmake_prefix_path')
[0.446s] INFO:colcon.colcon_core.shell:Creating environment hook '/home/yaohouyu/ros2_ws/src/install/iiwa_mujoco_torque/share/iiwa_mujoco_torque/hook/cmake_prefix_path.ps1'
[0.447s] INFO:colcon.colcon_core.shell:Creating environment descriptor '/home/yaohouyu/ros2_ws/src/install/iiwa_mujoco_torque/share/iiwa_mujoco_torque/hook/cmake_prefix_path.dsv'
[0.447s] INFO:colcon.colcon_core.shell:Creating environment hook '/home/yaohouyu/ros2_ws/src/install/iiwa_mujoco_torque/share/iiwa_mujoco_torque/hook/cmake_prefix_path.sh'
[0.448s] Level 1:colcon.colcon_core.environment:checking '/home/yaohouyu/ros2_ws/src/install/iiwa_mujoco_torque/lib'
[0.448s] Level 1:colcon.colcon_core.environment:checking '/home/yaohouyu/ros2_ws/src/install/iiwa_mujoco_torque/bin'
[0.448s] Level 1:colcon.colcon_core.environment:checking '/home/yaohouyu/ros2_ws/src/install/iiwa_mujoco_torque/lib/pkgconfig/iiwa_mujoco_torque.pc'
[0.448s] Level 1:colcon.colcon_core.environment:checking '/home/yaohouyu/ros2_ws/src/install/iiwa_mujoco_torque/lib/python3.12/site-packages'
[0.448s] Level 1:colcon.colcon_core.environment:checking '/home/yaohouyu/ros2_ws/src/install/iiwa_mujoco_torque/bin'
[0.448s] INFO:colcon.colcon_core.shell:Creating package script '/home/yaohouyu/ros2_ws/src/install/iiwa_mujoco_torque/share/iiwa_mujoco_torque/package.ps1'
[0.448s] INFO:colcon.colcon_core.shell:Creating package descriptor '/home/yaohouyu/ros2_ws/src/install/iiwa_mujoco_torque/share/iiwa_mujoco_torque/package.dsv'
[0.449s] INFO:colcon.colcon_core.shell:Creating package script '/home/yaohouyu/ros2_ws/src/install/iiwa_mujoco_torque/share/iiwa_mujoco_torque/package.sh'
[0.449s] INFO:colcon.colcon_core.shell:Creating package script '/home/yaohouyu/ros2_ws/src/install/iiwa_mujoco_torque/share/iiwa_mujoco_torque/package.bash'
[0.449s] INFO:colcon.colcon_core.shell:Creating package script '/home/yaohouyu/ros2_ws/src/install/iiwa_mujoco_torque/share/iiwa_mujoco_torque/package.zsh'
[0.450s] Level 1:colcon.colcon_core.environment:create_file_with_runtime_dependencies(/home/yaohouyu/ros2_ws/src/install/iiwa_mujoco_torque/share/colcon-core/packages/iiwa_mujoco_torque)
[0.450s] Level 1:colcon.colcon_core.environment:create_environment_scripts_only(iiwa_mujoco_torque)
[0.450s] Level 1:colcon.colcon_core.environment:checking '/home/yaohouyu/ros2_ws/src/install/iiwa_mujoco_torque' for CMake module files
[0.450s] Level 1:colcon.colcon_core.environment:checking '/home/yaohouyu/ros2_ws/src/install/iiwa_mujoco_torque' for CMake config files
[0.450s] Level 1:colcon.colcon_core.shell:create_environment_hook('iiwa_mujoco_torque', 'cmake_prefix_path')
[0.451s] INFO:colcon.colcon_core.shell:Creating environment hook '/home/yaohouyu/ros2_ws/src/install/iiwa_mujoco_torque/share/iiwa_mujoco_torque/hook/cmake_prefix_path.ps1'
[0.451s] INFO:colcon.colcon_core.shell:Creating environment descriptor '/home/yaohouyu/ros2_ws/src/install/iiwa_mujoco_torque/share/iiwa_mujoco_torque/hook/cmake_prefix_path.dsv'
[0.452s] INFO:colcon.colcon_core.shell:Creating environment hook '/home/yaohouyu/ros2_ws/src/install/iiwa_mujoco_torque/share/iiwa_mujoco_torque/hook/cmake_prefix_path.sh'
[0.452s] Level 1:colcon.colcon_core.environment:checking '/home/yaohouyu/ros2_ws/src/install/iiwa_mujoco_torque/lib'
[0.452s] Level 1:colcon.colcon_core.environment:checking '/home/yaohouyu/ros2_ws/src/install/iiwa_mujoco_torque/bin'
[0.452s] Level 1:colcon.colcon_core.environment:checking '/home/yaohouyu/ros2_ws/src/install/iiwa_mujoco_torque/lib/pkgconfig/iiwa_mujoco_torque.pc'
[0.452s] Level 1:colcon.colcon_core.environment:checking '/home/yaohouyu/ros2_ws/src/install/iiwa_mujoco_torque/lib/python3.12/site-packages'
[0.452s] Level 1:colcon.colcon_core.environment:checking '/home/yaohouyu/ros2_ws/src/install/iiwa_mujoco_torque/bin'
[0.452s] INFO:colcon.colcon_core.shell:Creating package script '/home/yaohouyu/ros2_ws/src/install/iiwa_mujoco_torque/share/iiwa_mujoco_torque/package.ps1'
[0.453s] INFO:colcon.colcon_core.shell:Creating package descriptor '/home/yaohouyu/ros2_ws/src/install/iiwa_mujoco_torque/share/iiwa_mujoco_torque/package.dsv'
[0.453s] INFO:colcon.colcon_core.shell:Creating package script '/home/yaohouyu/ros2_ws/src/install/iiwa_mujoco_torque/share/iiwa_mujoco_torque/package.sh'
[0.453s] INFO:colcon.colcon_core.shell:Creating package script '/home/yaohouyu/ros2_ws/src/install/iiwa_mujoco_torque/share/iiwa_mujoco_torque/package.bash'
[0.454s] INFO:colcon.colcon_core.shell:Creating package script '/home/yaohouyu/ros2_ws/src/install/iiwa_mujoco_torque/share/iiwa_mujoco_torque/package.zsh'
[0.454s] Level 1:colcon.colcon_core.environment:create_file_with_runtime_dependencies(/home/yaohouyu/ros2_ws/src/install/iiwa_mujoco_torque/share/colcon-core/packages/iiwa_mujoco_torque)
[0.738s] DEBUG:colcon.colcon_core.event_handler.log_command:Invoking command in '/home/yaohouyu/ros2_ws/src/iiwa_mujoco_torque_viewer': DEBUGINFOD_URLS=https://debuginfod.ubuntu.com PYTHONPATH=/home/yaohouyu/ros2_ws/src/build/iiwa_mujoco_torque_viewer/prefix_override:/usr/lib/python3/dist-packages/colcon_core/task/python/colcon_distutils_commands:/home/yaohouyu/ros2_ws/src/install/iiwa_mujoco_torque_viewer/lib/python3.12/site-packages:${PYTHONPATH} /usr/bin/python3 -W ignore:setup.py install is deprecated -W ignore:easy_install command is deprecated setup.py egg_info --egg-base ../build/iiwa_mujoco_torque_viewer build --build-base /home/yaohouyu/ros2_ws/src/build/iiwa_mujoco_torque_viewer/build install --record /home/yaohouyu/ros2_ws/src/build/iiwa_mujoco_torque_viewer/install.log --single-version-externally-managed install_data
[0.753s] DEBUG:colcon.colcon_core.event_handler.log_command:Invoking command in '/home/yaohouyu/ros2_ws/src/iiwa_mujoco_viewer': DEBUGINFOD_URLS=https://debuginfod.ubuntu.com PYTHONPATH=/home/yaohouyu/ros2_ws/src/build/iiwa_mujoco_viewer/prefix_override:/usr/lib/python3/dist-packages/colcon_core/task/python/colcon_distutils_commands:/home/yaohouyu/ros2_ws/src/install/iiwa_mujoco_viewer/lib/python3.12/site-packages:${PYTHONPATH} /usr/bin/python3 -W ignore:setup.py install is deprecated -W ignore:easy_install command is deprecated setup.py egg_info --egg-base ../build/iiwa_mujoco_viewer build --build-base /home/yaohouyu/ros2_ws/src/build/iiwa_mujoco_viewer/build install --record /home/yaohouyu/ros2_ws/src/build/iiwa_mujoco_viewer/install.log --single-version-externally-managed install_data
[1.018s] Level 1:colcon.colcon_core.environment:checking '/home/yaohouyu/ros2_ws/src/install/iiwa_mujoco_torque_viewer' for CMake module files
[1.018s] DEBUG:colcon.colcon_core.event_handler.log_command:Invoked command in '/home/yaohouyu/ros2_ws/src/iiwa_mujoco_torque_viewer' returned '0': DEBUGINFOD_URLS=https://debuginfod.ubuntu.com PYTHONPATH=/home/yaohouyu/ros2_ws/src/build/iiwa_mujoco_torque_viewer/prefix_override:/usr/lib/python3/dist-packages/colcon_core/task/python/colcon_distutils_commands:/home/yaohouyu/ros2_ws/src/install/iiwa_mujoco_torque_viewer/lib/python3.12/site-packages:${PYTHONPATH} /usr/bin/python3 -W ignore:setup.py install is deprecated -W ignore:easy_install command is deprecated setup.py egg_info --egg-base ../build/iiwa_mujoco_torque_viewer build --build-base /home/yaohouyu/ros2_ws/src/build/iiwa_mujoco_torque_viewer/build install --record /home/yaohouyu/ros2_ws/src/build/iiwa_mujoco_torque_viewer/install.log --single-version-externally-managed install_data
[1.018s] Level 1:colcon.colcon_core.environment:checking '/home/yaohouyu/ros2_ws/src/install/iiwa_mujoco_torque_viewer' for CMake config files
[1.019s] Level 1:colcon.colcon_core.environment:checking '/home/yaohouyu/ros2_ws/src/install/iiwa_mujoco_torque_viewer/lib'
[1.019s] Level 1:colcon.colcon_core.environment:checking '/home/yaohouyu/ros2_ws/src/install/iiwa_mujoco_torque_viewer/bin'
[1.019s] Level 1:colcon.colcon_core.environment:checking '/home/yaohouyu/ros2_ws/src/install/iiwa_mujoco_torque_viewer/lib/pkgconfig/iiwa_mujoco_torque_viewer.pc'
[1.019s] Level 1:colcon.colcon_core.environment:checking '/home/yaohouyu/ros2_ws/src/install/iiwa_mujoco_torque_viewer/lib/python3.12/site-packages'
[1.019s] Level 1:colcon.colcon_core.shell:create_environment_hook('iiwa_mujoco_torque_viewer', 'pythonpath')
[1.019s] INFO:colcon.colcon_core.shell:Creating environment hook '/home/yaohouyu/ros2_ws/src/install/iiwa_mujoco_torque_viewer/share/iiwa_mujoco_torque_viewer/hook/pythonpath.ps1'
[1.019s] INFO:colcon.colcon_core.shell:Creating environment descriptor '/home/yaohouyu/ros2_ws/src/install/iiwa_mujoco_torque_viewer/share/iiwa_mujoco_torque_viewer/hook/pythonpath.dsv'
[1.020s] INFO:colcon.colcon_core.shell:Creating environment hook '/home/yaohouyu/ros2_ws/src/install/iiwa_mujoco_torque_viewer/share/iiwa_mujoco_torque_viewer/hook/pythonpath.sh'
[1.020s] Level 1:colcon.colcon_core.environment:checking '/home/yaohouyu/ros2_ws/src/install/iiwa_mujoco_torque_viewer/bin'
[1.020s] Level 1:colcon.colcon_core.environment:create_environment_scripts_only(iiwa_mujoco_torque_viewer)
[1.020s] INFO:colcon.colcon_core.shell:Creating package script '/home/yaohouyu/ros2_ws/src/install/iiwa_mujoco_torque_viewer/share/iiwa_mujoco_torque_viewer/package.ps1'
[1.021s] INFO:colcon.colcon_core.shell:Creating package descriptor '/home/yaohouyu/ros2_ws/src/install/iiwa_mujoco_torque_viewer/share/iiwa_mujoco_torque_viewer/package.dsv'
[1.021s] INFO:colcon.colcon_core.shell:Creating package script '/home/yaohouyu/ros2_ws/src/install/iiwa_mujoco_torque_viewer/share/iiwa_mujoco_torque_viewer/package.sh'
[1.021s] INFO:colcon.colcon_core.shell:Creating package script '/home/yaohouyu/ros2_ws/src/install/iiwa_mujoco_torque_viewer/share/iiwa_mujoco_torque_viewer/package.bash'
[1.021s] INFO:colcon.colcon_core.shell:Creating package script '/home/yaohouyu/ros2_ws/src/install/iiwa_mujoco_torque_viewer/share/iiwa_mujoco_torque_viewer/package.zsh'
[1.021s] Level 1:colcon.colcon_core.environment:create_file_with_runtime_dependencies(/home/yaohouyu/ros2_ws/src/install/iiwa_mujoco_torque_viewer/share/colcon-core/packages/iiwa_mujoco_torque_viewer)
[1.029s] Level 1:colcon.colcon_core.environment:checking '/home/yaohouyu/ros2_ws/src/install/iiwa_mujoco_viewer' for CMake module files
[1.030s] Level 1:colcon.colcon_core.environment:checking '/home/yaohouyu/ros2_ws/src/install/iiwa_mujoco_viewer' for CMake config files
[1.030s] DEBUG:colcon.colcon_core.event_handler.log_command:Invoked command in '/home/yaohouyu/ros2_ws/src/iiwa_mujoco_viewer' returned '0': DEBUGINFOD_URLS=https://debuginfod.ubuntu.com PYTHONPATH=/home/yaohouyu/ros2_ws/src/build/iiwa_mujoco_viewer/prefix_override:/usr/lib/python3/dist-packages/colcon_core/task/python/colcon_distutils_commands:/home/yaohouyu/ros2_ws/src/install/iiwa_mujoco_viewer/lib/python3.12/site-packages:${PYTHONPATH} /usr/bin/python3 -W ignore:setup.py install is deprecated -W ignore:easy_install command is deprecated setup.py egg_info --egg-base ../build/iiwa_mujoco_viewer build --build-base /home/yaohouyu/ros2_ws/src/build/iiwa_mujoco_viewer/build install --record /home/yaohouyu/ros2_ws/src/build/iiwa_mujoco_viewer/install.log --single-version-externally-managed install_data
[1.031s] Level 1:colcon.colcon_core.environment:checking '/home/yaohouyu/ros2_ws/src/install/iiwa_mujoco_viewer/lib'
[1.031s] Level 1:colcon.colcon_core.environment:checking '/home/yaohouyu/ros2_ws/src/install/iiwa_mujoco_viewer/bin'
[1.031s] Level 1:colcon.colcon_core.environment:checking '/home/yaohouyu/ros2_ws/src/install/iiwa_mujoco_viewer/lib/pkgconfig/iiwa_mujoco_viewer.pc'
[1.031s] Level 1:colcon.colcon_core.environment:checking '/home/yaohouyu/ros2_ws/src/install/iiwa_mujoco_viewer/lib/python3.12/site-packages'
[1.031s] Level 1:colcon.colcon_core.shell:create_environment_hook('iiwa_mujoco_viewer', 'pythonpath')
[1.031s] INFO:colcon.colcon_core.shell:Creating environment hook '/home/yaohouyu/ros2_ws/src/install/iiwa_mujoco_viewer/share/iiwa_mujoco_viewer/hook/pythonpath.ps1'
[1.031s] INFO:colcon.colcon_core.shell:Creating environment descriptor '/home/yaohouyu/ros2_ws/src/install/iiwa_mujoco_viewer/share/iiwa_mujoco_viewer/hook/pythonpath.dsv'
[1.032s] INFO:colcon.colcon_core.shell:Creating environment hook '/home/yaohouyu/ros2_ws/src/install/iiwa_mujoco_viewer/share/iiwa_mujoco_viewer/hook/pythonpath.sh'
[1.032s] Level 1:colcon.colcon_core.environment:checking '/home/yaohouyu/ros2_ws/src/install/iiwa_mujoco_viewer/bin'
[1.032s] Level 1:colcon.colcon_core.environment:create_environment_scripts_only(iiwa_mujoco_viewer)
[1.032s] INFO:colcon.colcon_core.shell:Creating package script '/home/yaohouyu/ros2_ws/src/install/iiwa_mujoco_viewer/share/iiwa_mujoco_viewer/package.ps1'
[1.033s] INFO:colcon.colcon_core.shell:Creating package descriptor '/home/yaohouyu/ros2_ws/src/install/iiwa_mujoco_viewer/share/iiwa_mujoco_viewer/package.dsv'
[1.033s] INFO:colcon.colcon_core.shell:Creating package script '/home/yaohouyu/ros2_ws/src/install/iiwa_mujoco_viewer/share/iiwa_mujoco_viewer/package.sh'
[1.033s] INFO:colcon.colcon_core.shell:Creating package script '/home/yaohouyu/ros2_ws/src/install/iiwa_mujoco_viewer/share/iiwa_mujoco_viewer/package.bash'
[1.034s] INFO:colcon.colcon_core.shell:Creating package script '/home/yaohouyu/ros2_ws/src/install/iiwa_mujoco_viewer/share/iiwa_mujoco_viewer/package.zsh'
[1.034s] Level 1:colcon.colcon_core.environment:create_file_with_runtime_dependencies(/home/yaohouyu/ros2_ws/src/install/iiwa_mujoco_viewer/share/colcon-core/packages/iiwa_mujoco_viewer)
[1.034s] DEBUG:colcon.colcon_parallel_executor.executor.parallel:closing loop
[1.034s] DEBUG:colcon.colcon_parallel_executor.executor.parallel:loop closed
[1.034s] DEBUG:colcon.colcon_parallel_executor.executor.parallel:run_until_complete finished with '0'
[1.034s] DEBUG:colcon.colcon_core.event_reactor:joining thread
[1.040s] INFO:colcon.colcon_core.plugin_system:Skipping extension 'colcon_notification.desktop_notification.terminal_notifier': Not used on non-Darwin systems
[1.040s] INFO:colcon.colcon_core.plugin_system:Skipping extension 'colcon_notification.desktop_notification.win32': Not used on non-Windows systems
[1.040s] INFO:colcon.colcon_notification.desktop_notification:Sending desktop notification using 'notify2'
[1.060s] DEBUG:colcon.colcon_core.event_reactor:joined thread
[1.061s] INFO:colcon.colcon_core.shell:Creating prefix script '/home/yaohouyu/ros2_ws/src/install/local_setup.ps1'
[1.061s] INFO:colcon.colcon_core.shell:Creating prefix util module '/home/yaohouyu/ros2_ws/src/install/_local_setup_util_ps1.py'
[1.062s] INFO:colcon.colcon_core.shell:Creating prefix chain script '/home/yaohouyu/ros2_ws/src/install/setup.ps1'
[1.063s] INFO:colcon.colcon_core.shell:Creating prefix script '/home/yaohouyu/ros2_ws/src/install/local_setup.sh'
[1.063s] INFO:colcon.colcon_core.shell:Creating prefix util module '/home/yaohouyu/ros2_ws/src/install/_local_setup_util_sh.py'
[1.063s] INFO:colcon.colcon_core.shell:Creating prefix chain script '/home/yaohouyu/ros2_ws/src/install/setup.sh'
[1.064s] INFO:colcon.colcon_core.shell:Creating prefix script '/home/yaohouyu/ros2_ws/src/install/local_setup.bash'
[1.065s] INFO:colcon.colcon_core.shell:Creating prefix chain script '/home/yaohouyu/ros2_ws/src/install/setup.bash'
[1.065s] INFO:colcon.colcon_core.shell:Creating prefix script '/home/yaohouyu/ros2_ws/src/install/local_setup.zsh'
[1.071s] INFO:colcon.colcon_core.shell:Creating prefix chain script '/home/yaohouyu/ros2_ws/src/install/setup.zsh'
