[0.012s] Invoking command in '/home/yaohouyu/ros2_ws/src/build/iiwa_mujoco_torque': CMAKE_PREFIX_PATH=${CMAKE_PREFIX_PATH}:/home/yaohouyu/ros2_ws/src/install/iiwa_mujoco_viewer:/home/yaohouyu/ros2_ws/src/install/iiwa_mujoco_torque_viewer:/home/yaohouyu/ros2_ws/install/iiwa_mujoco_viewer:/opt/ros/jazzy DEBUGINFOD_URLS=https://debuginfod.ubuntu.com /usr/bin/cmake --build /home/yaohouyu/ros2_ws/src/build/iiwa_mujoco_torque -- -j6 -l6
[0.153s] [100%] Built target torque_controller
[0.282s] Invoked command in '/home/yaohouyu/ros2_ws/src/build/iiwa_mujoco_torque' returned '0': CMAKE_PREFIX_PATH=${CMAKE_PREFIX_PATH}:/home/yaohouyu/ros2_ws/src/install/iiwa_mujoco_viewer:/home/yaohouyu/ros2_ws/src/install/iiwa_mujoco_torque_viewer:/home/yaohouyu/ros2_ws/install/iiwa_mujoco_viewer:/opt/ros/jazzy DEBUGINFOD_URLS=https://debuginfod.ubuntu.com /usr/bin/cmake --build /home/yaohouyu/ros2_ws/src/build/iiwa_mujoco_torque -- -j6 -l6
[0.286s] Invoking command in '/home/yaohouyu/ros2_ws/src/build/iiwa_mujoco_torque': CMAKE_PREFIX_PATH=${CMAKE_PREFIX_PATH}:/home/yaohouyu/ros2_ws/src/install/iiwa_mujoco_viewer:/home/yaohouyu/ros2_ws/src/install/iiwa_mujoco_torque_viewer:/home/yaohouyu/ros2_ws/install/iiwa_mujoco_viewer:/opt/ros/jazzy DEBUGINFOD_URLS=https://debuginfod.ubuntu.com /usr/bin/cmake --install /home/yaohouyu/ros2_ws/src/build/iiwa_mujoco_torque
[0.291s] -- Install configuration: ""
[0.291s] -- Up-to-date: /home/yaohouyu/ros2_ws/src/install/iiwa_mujoco_torque/lib/iiwa_mujoco_torque/torque_controller
[0.292s] -- Up-to-date: /home/yaohouyu/ros2_ws/src/install/iiwa_mujoco_torque/share/ament_index/resource_index/package_run_dependencies/iiwa_mujoco_torque
[0.292s] -- Up-to-date: /home/yaohouyu/ros2_ws/src/install/iiwa_mujoco_torque/share/ament_index/resource_index/parent_prefix_path/iiwa_mujoco_torque
[0.292s] -- Up-to-date: /home/yaohouyu/ros2_ws/src/install/iiwa_mujoco_torque/share/iiwa_mujoco_torque/environment/ament_prefix_path.sh
[0.292s] -- Up-to-date: /home/yaohouyu/ros2_ws/src/install/iiwa_mujoco_torque/share/iiwa_mujoco_torque/environment/ament_prefix_path.dsv
[0.292s] -- Up-to-date: /home/yaohouyu/ros2_ws/src/install/iiwa_mujoco_torque/share/iiwa_mujoco_torque/environment/path.sh
[0.292s] -- Up-to-date: /home/yaohouyu/ros2_ws/src/install/iiwa_mujoco_torque/share/iiwa_mujoco_torque/environment/path.dsv
[0.292s] -- Up-to-date: /home/yaohouyu/ros2_ws/src/install/iiwa_mujoco_torque/share/iiwa_mujoco_torque/local_setup.bash
[0.292s] -- Up-to-date: /home/yaohouyu/ros2_ws/src/install/iiwa_mujoco_torque/share/iiwa_mujoco_torque/local_setup.sh
[0.292s] -- Up-to-date: /home/yaohouyu/ros2_ws/src/install/iiwa_mujoco_torque/share/iiwa_mujoco_torque/local_setup.zsh
[0.292s] -- Up-to-date: /home/yaohouyu/ros2_ws/src/install/iiwa_mujoco_torque/share/iiwa_mujoco_torque/local_setup.dsv
[0.293s] -- Installing: /home/yaohouyu/ros2_ws/src/install/iiwa_mujoco_torque/share/iiwa_mujoco_torque/package.dsv
[0.293s] -- Up-to-date: /home/yaohouyu/ros2_ws/src/install/iiwa_mujoco_torque/share/ament_index/resource_index/packages/iiwa_mujoco_torque
[0.293s] -- Up-to-date: /home/yaohouyu/ros2_ws/src/install/iiwa_mujoco_torque/share/iiwa_mujoco_torque/cmake/iiwa_mujoco_torqueConfig.cmake
[0.293s] -- Up-to-date: /home/yaohouyu/ros2_ws/src/install/iiwa_mujoco_torque/share/iiwa_mujoco_torque/cmake/iiwa_mujoco_torqueConfig-version.cmake
[0.293s] -- Up-to-date: /home/yaohouyu/ros2_ws/src/install/iiwa_mujoco_torque/share/iiwa_mujoco_torque/package.xml
[0.303s] Invoked command in '/home/yaohouyu/ros2_ws/src/build/iiwa_mujoco_torque' returned '0': CMAKE_PREFIX_PATH=${CMAKE_PREFIX_PATH}:/home/yaohouyu/ros2_ws/src/install/iiwa_mujoco_viewer:/home/yaohouyu/ros2_ws/src/install/iiwa_mujoco_torque_viewer:/home/yaohouyu/ros2_ws/install/iiwa_mujoco_viewer:/opt/ros/jazzy DEBUGINFOD_URLS=https://debuginfod.ubuntu.com /usr/bin/cmake --install /home/yaohouyu/ros2_ws/src/build/iiwa_mujoco_torque
