[0.060s] DEBUG:colcon:Command line arguments: ['/usr/bin/colcon', 'build']
[0.060s] DEBUG:colcon:Parsed command line arguments: Namespace(log_base=None, log_level=None, verb_name='build', build_base='build', install_base='install', merge_install=False, symlink_install=False, test_result_base=None, continue_on_error=False, executor='parallel', parallel_workers=6, event_handlers=None, ignore_user_meta=False, metas=['./colcon.meta'], base_paths=['.'], packages_ignore=None, packages_ignore_regex=None, paths=None, packages_up_to=None, packages_up_to_regex=None, packages_above=None, packages_above_and_dependencies=None, packages_above_depth=None, packages_select_by_dep=None, packages_skip_by_dep=None, packages_skip_up_to=None, packages_select_build_failed=False, packages_skip_build_finished=False, packages_select_test_failures=False, packages_skip_test_passed=False, packages_select=None, packages_skip=None, packages_select_regex=None, packages_skip_regex=None, packages_start=None, packages_end=None, allow_overriding=[], cmake_args=None, cmake_target=None, cmake_target_skip_unavailable=False, cmake_clean_cache=False, cmake_clean_first=False, cmake_force_configure=False, ament_cmake_args=None, catkin_cmake_args=None, catkin_skip_building_tests=False, verb_parser=<colcon_defaults.argument_parser.defaults.DefaultArgumentsDecorator object at 0x784d05d754f0>, verb_extension=<colcon_core.verb.build.BuildVerb object at 0x784d05ef3290>, main=<bound method BuildVerb.main of <colcon_core.verb.build.BuildVerb object at 0x784d05ef3290>>)
[0.087s] Level 1:colcon.colcon_core.package_discovery:discover_packages(colcon_meta) check parameters
[0.087s] Level 1:colcon.colcon_core.package_discovery:discover_packages(recursive) check parameters
[0.087s] Level 1:colcon.colcon_core.package_discovery:discover_packages(ignore) check parameters
[0.087s] Level 1:colcon.colcon_core.package_discovery:discover_packages(path) check parameters
[0.087s] Level 1:colcon.colcon_core.package_discovery:discover_packages(colcon_meta) discover
[0.087s] Level 1:colcon.colcon_core.package_discovery:discover_packages(recursive) discover
[0.087s] INFO:colcon.colcon_core.package_discovery:Crawling recursively for packages in '/home/yaohouyu/ros2_mujoco_ws'
[0.087s] Level 1:colcon.colcon_core.package_identification:_identify(.) by extensions ['ignore', 'ignore_ament_install']
[0.087s] Level 1:colcon.colcon_core.package_identification:_identify(.) by extension 'ignore'
[0.087s] Level 1:colcon.colcon_core.package_identification:_identify(.) by extension 'ignore_ament_install'
[0.087s] Level 1:colcon.colcon_core.package_identification:_identify(.) by extensions ['colcon_pkg']
[0.087s] Level 1:colcon.colcon_core.package_identification:_identify(.) by extension 'colcon_pkg'
[0.087s] Level 1:colcon.colcon_core.package_identification:_identify(.) by extensions ['colcon_meta']
[0.087s] Level 1:colcon.colcon_core.package_identification:_identify(.) by extension 'colcon_meta'
[0.087s] Level 1:colcon.colcon_core.package_identification:_identify(.) by extensions ['ros']
[0.087s] Level 1:colcon.colcon_core.package_identification:_identify(.) by extension 'ros'
[0.105s] Level 1:colcon.colcon_core.package_identification:_identify(.) by extensions ['cmake', 'python']
[0.105s] Level 1:colcon.colcon_core.package_identification:_identify(.) by extension 'cmake'
[0.105s] Level 1:colcon.colcon_core.package_identification:_identify(.) by extension 'python'
[0.105s] Level 1:colcon.colcon_core.package_identification:_identify(.) by extensions ['python_setup_py']
[0.105s] Level 1:colcon.colcon_core.package_identification:_identify(.) by extension 'python_setup_py'
[0.105s] Level 1:colcon.colcon_core.package_identification:_identify(build) by extensions ['ignore', 'ignore_ament_install']
[0.105s] Level 1:colcon.colcon_core.package_identification:_identify(build) by extension 'ignore'
[0.105s] Level 1:colcon.colcon_core.package_identification:_identify(build) ignored
[0.105s] Level 1:colcon.colcon_core.package_identification:_identify(install) by extensions ['ignore', 'ignore_ament_install']
[0.105s] Level 1:colcon.colcon_core.package_identification:_identify(install) by extension 'ignore'
[0.105s] Level 1:colcon.colcon_core.package_identification:_identify(install) ignored
[0.105s] Level 1:colcon.colcon_core.package_identification:_identify(log) by extensions ['ignore', 'ignore_ament_install']
[0.105s] Level 1:colcon.colcon_core.package_identification:_identify(log) by extension 'ignore'
[0.105s] Level 1:colcon.colcon_core.package_identification:_identify(log) ignored
[0.105s] Level 1:colcon.colcon_core.package_identification:_identify(src) by extensions ['ignore', 'ignore_ament_install']
[0.105s] Level 1:colcon.colcon_core.package_identification:_identify(src) by extension 'ignore'
[0.105s] Level 1:colcon.colcon_core.package_identification:_identify(src) by extension 'ignore_ament_install'
[0.105s] Level 1:colcon.colcon_core.package_identification:_identify(src) by extensions ['colcon_pkg']
[0.105s] Level 1:colcon.colcon_core.package_identification:_identify(src) by extension 'colcon_pkg'
[0.105s] Level 1:colcon.colcon_core.package_identification:_identify(src) by extensions ['colcon_meta']
[0.105s] Level 1:colcon.colcon_core.package_identification:_identify(src) by extension 'colcon_meta'
[0.105s] Level 1:colcon.colcon_core.package_identification:_identify(src) by extensions ['ros']
[0.105s] Level 1:colcon.colcon_core.package_identification:_identify(src) by extension 'ros'
[0.105s] Level 1:colcon.colcon_core.package_identification:_identify(src) by extensions ['cmake', 'python']
[0.105s] Level 1:colcon.colcon_core.package_identification:_identify(src) by extension 'cmake'
[0.105s] Level 1:colcon.colcon_core.package_identification:_identify(src) by extension 'python'
[0.106s] Level 1:colcon.colcon_core.package_identification:_identify(src) by extensions ['python_setup_py']
[0.106s] Level 1:colcon.colcon_core.package_identification:_identify(src) by extension 'python_setup_py'
[0.106s] Level 1:colcon.colcon_core.package_identification:_identify(src/iiwa_mujoco) by extensions ['ignore', 'ignore_ament_install']
[0.106s] Level 1:colcon.colcon_core.package_identification:_identify(src/iiwa_mujoco) by extension 'ignore'
[0.106s] Level 1:colcon.colcon_core.package_identification:_identify(src/iiwa_mujoco) by extension 'ignore_ament_install'
[0.106s] Level 1:colcon.colcon_core.package_identification:_identify(src/iiwa_mujoco) by extensions ['colcon_pkg']
[0.106s] Level 1:colcon.colcon_core.package_identification:_identify(src/iiwa_mujoco) by extension 'colcon_pkg'
[0.106s] Level 1:colcon.colcon_core.package_identification:_identify(src/iiwa_mujoco) by extensions ['colcon_meta']
[0.106s] Level 1:colcon.colcon_core.package_identification:_identify(src/iiwa_mujoco) by extension 'colcon_meta'
[0.106s] Level 1:colcon.colcon_core.package_identification:_identify(src/iiwa_mujoco) by extensions ['ros']
[0.106s] Level 1:colcon.colcon_core.package_identification:_identify(src/iiwa_mujoco) by extension 'ros'
[0.107s] DEBUG:colcon.colcon_core.package_identification:Package 'src/iiwa_mujoco' with type 'ros.ament_cmake' and name 'iiwa_mujoco'
[0.107s] Level 1:colcon.colcon_core.package_identification:_identify(src/iiwa_mujoco_ros2) by extensions ['ignore', 'ignore_ament_install']
[0.108s] Level 1:colcon.colcon_core.package_identification:_identify(src/iiwa_mujoco_ros2) by extension 'ignore'
[0.108s] Level 1:colcon.colcon_core.package_identification:_identify(src/iiwa_mujoco_ros2) by extension 'ignore_ament_install'
[0.108s] Level 1:colcon.colcon_core.package_identification:_identify(src/iiwa_mujoco_ros2) by extensions ['colcon_pkg']
[0.108s] Level 1:colcon.colcon_core.package_identification:_identify(src/iiwa_mujoco_ros2) by extension 'colcon_pkg'
[0.108s] Level 1:colcon.colcon_core.package_identification:_identify(src/iiwa_mujoco_ros2) by extensions ['colcon_meta']
[0.108s] Level 1:colcon.colcon_core.package_identification:_identify(src/iiwa_mujoco_ros2) by extension 'colcon_meta'
[0.108s] Level 1:colcon.colcon_core.package_identification:_identify(src/iiwa_mujoco_ros2) by extensions ['ros']
[0.108s] Level 1:colcon.colcon_core.package_identification:_identify(src/iiwa_mujoco_ros2) by extension 'ros'
[0.108s] DEBUG:colcon.colcon_core.package_identification:Package 'src/iiwa_mujoco_ros2' with type 'ros.ament_cmake' and name 'iiwa_mujoco_ros2'
[0.108s] Level 1:colcon.colcon_core.package_identification:_identify(src/iiwa_mujoco_torque) by extensions ['ignore', 'ignore_ament_install']
[0.108s] Level 1:colcon.colcon_core.package_identification:_identify(src/iiwa_mujoco_torque) by extension 'ignore'
[0.108s] Level 1:colcon.colcon_core.package_identification:_identify(src/iiwa_mujoco_torque) by extension 'ignore_ament_install'
[0.108s] Level 1:colcon.colcon_core.package_identification:_identify(src/iiwa_mujoco_torque) by extensions ['colcon_pkg']
[0.108s] Level 1:colcon.colcon_core.package_identification:_identify(src/iiwa_mujoco_torque) by extension 'colcon_pkg'
[0.108s] Level 1:colcon.colcon_core.package_identification:_identify(src/iiwa_mujoco_torque) by extensions ['colcon_meta']
[0.108s] Level 1:colcon.colcon_core.package_identification:_identify(src/iiwa_mujoco_torque) by extension 'colcon_meta'
[0.108s] Level 1:colcon.colcon_core.package_identification:_identify(src/iiwa_mujoco_torque) by extensions ['ros']
[0.108s] Level 1:colcon.colcon_core.package_identification:_identify(src/iiwa_mujoco_torque) by extension 'ros'
[0.108s] DEBUG:colcon.colcon_core.package_identification:Package 'src/iiwa_mujoco_torque' with type 'ros.ament_cmake' and name 'iiwa_mujoco_torque'
[0.109s] Level 1:colcon.colcon_core.package_identification:_identify(summary) by extensions ['ignore', 'ignore_ament_install']
[0.109s] Level 1:colcon.colcon_core.package_identification:_identify(summary) by extension 'ignore'
[0.109s] Level 1:colcon.colcon_core.package_identification:_identify(summary) by extension 'ignore_ament_install'
[0.109s] Level 1:colcon.colcon_core.package_identification:_identify(summary) by extensions ['colcon_pkg']
[0.109s] Level 1:colcon.colcon_core.package_identification:_identify(summary) by extension 'colcon_pkg'
[0.109s] Level 1:colcon.colcon_core.package_identification:_identify(summary) by extensions ['colcon_meta']
[0.109s] Level 1:colcon.colcon_core.package_identification:_identify(summary) by extension 'colcon_meta'
[0.109s] Level 1:colcon.colcon_core.package_identification:_identify(summary) by extensions ['ros']
[0.109s] Level 1:colcon.colcon_core.package_identification:_identify(summary) by extension 'ros'
[0.109s] Level 1:colcon.colcon_core.package_identification:_identify(summary) by extensions ['cmake', 'python']
[0.109s] Level 1:colcon.colcon_core.package_identification:_identify(summary) by extension 'cmake'
[0.109s] Level 1:colcon.colcon_core.package_identification:_identify(summary) by extension 'python'
[0.109s] Level 1:colcon.colcon_core.package_identification:_identify(summary) by extensions ['python_setup_py']
[0.109s] Level 1:colcon.colcon_core.package_identification:_identify(summary) by extension 'python_setup_py'
[0.109s] Level 1:colcon.colcon_core.package_discovery:discover_packages(recursive) using defaults
[0.109s] Level 1:colcon.colcon_core.package_discovery:discover_packages(ignore) discover
[0.109s] Level 1:colcon.colcon_core.package_discovery:discover_packages(ignore) using defaults
[0.109s] Level 1:colcon.colcon_core.package_discovery:discover_packages(path) discover
[0.109s] Level 1:colcon.colcon_core.package_discovery:discover_packages(path) using defaults
[0.120s] Level 1:colcon.colcon_core.package_discovery:discover_packages(prefix_path) check parameters
[0.120s] Level 1:colcon.colcon_core.package_discovery:discover_packages(prefix_path) discover
[0.120s] WARNING:colcon.colcon_ros.prefix_path.ament:The path '/home/yaohouyu/ros2_mujoco_ws/install/iiwa_mujoco_torque' in the environment variable AMENT_PREFIX_PATH doesn't exist
[0.121s] WARNING:colcon.colcon_ros.prefix_path.ament:The path '/home/yaohouyu/ros2_mujoco_ws/install/iiwa_mujoco_ros2' in the environment variable AMENT_PREFIX_PATH doesn't exist
[0.121s] WARNING:colcon.colcon_ros.prefix_path.ament:The path '/home/yaohouyu/ros2_mujoco_ws/install/iiwa_mujoco' in the environment variable AMENT_PREFIX_PATH doesn't exist
[0.121s] WARNING:colcon.colcon_ros.prefix_path.catkin:The path '/home/yaohouyu/ros2_mujoco_ws/install/iiwa_mujoco_torque' in the environment variable CMAKE_PREFIX_PATH doesn't exist
[0.121s] WARNING:colcon.colcon_ros.prefix_path.catkin:The path '/home/yaohouyu/ros2_mujoco_ws/install/iiwa_mujoco_ros2' in the environment variable CMAKE_PREFIX_PATH doesn't exist
[0.121s] WARNING:colcon.colcon_ros.prefix_path.catkin:The path '/home/yaohouyu/ros2_mujoco_ws/install/iiwa_mujoco' in the environment variable CMAKE_PREFIX_PATH doesn't exist
[0.121s] DEBUG:colcon.colcon_installed_package_information.package_discovery:Found 0 installed packages in /home/yaohouyu/ros2_mujoco_ws/install
[0.122s] DEBUG:colcon.colcon_installed_package_information.package_discovery:Found 285 installed packages in /opt/ros/jazzy
[0.122s] Level 1:colcon.colcon_core.package_discovery:discover_packages(prefix_path) using defaults
[0.143s] Level 5:colcon.colcon_core.verb:set package 'iiwa_mujoco' build argument 'cmake_args' from command line to 'None'
[0.143s] Level 5:colcon.colcon_core.verb:set package 'iiwa_mujoco' build argument 'cmake_target' from command line to 'None'
[0.143s] Level 5:colcon.colcon_core.verb:set package 'iiwa_mujoco' build argument 'cmake_target_skip_unavailable' from command line to 'False'
[0.143s] Level 5:colcon.colcon_core.verb:set package 'iiwa_mujoco' build argument 'cmake_clean_cache' from command line to 'False'
[0.143s] Level 5:colcon.colcon_core.verb:set package 'iiwa_mujoco' build argument 'cmake_clean_first' from command line to 'False'
[0.143s] Level 5:colcon.colcon_core.verb:set package 'iiwa_mujoco' build argument 'cmake_force_configure' from command line to 'False'
[0.143s] Level 5:colcon.colcon_core.verb:set package 'iiwa_mujoco' build argument 'ament_cmake_args' from command line to 'None'
[0.143s] Level 5:colcon.colcon_core.verb:set package 'iiwa_mujoco' build argument 'catkin_cmake_args' from command line to 'None'
[0.143s] Level 5:colcon.colcon_core.verb:set package 'iiwa_mujoco' build argument 'catkin_skip_building_tests' from command line to 'False'
[0.143s] DEBUG:colcon.colcon_core.verb:Building package 'iiwa_mujoco' with the following arguments: {'ament_cmake_args': None, 'build_base': '/home/yaohouyu/ros2_mujoco_ws/build/iiwa_mujoco', 'catkin_cmake_args': None, 'catkin_skip_building_tests': False, 'cmake_args': None, 'cmake_clean_cache': False, 'cmake_clean_first': False, 'cmake_force_configure': False, 'cmake_target': None, 'cmake_target_skip_unavailable': False, 'install_base': '/home/yaohouyu/ros2_mujoco_ws/install/iiwa_mujoco', 'merge_install': False, 'path': '/home/yaohouyu/ros2_mujoco_ws/src/iiwa_mujoco', 'symlink_install': False, 'test_result_base': None}
[0.143s] Level 5:colcon.colcon_core.verb:set package 'iiwa_mujoco_ros2' build argument 'cmake_args' from command line to 'None'
[0.143s] Level 5:colcon.colcon_core.verb:set package 'iiwa_mujoco_ros2' build argument 'cmake_target' from command line to 'None'
[0.143s] Level 5:colcon.colcon_core.verb:set package 'iiwa_mujoco_ros2' build argument 'cmake_target_skip_unavailable' from command line to 'False'
[0.143s] Level 5:colcon.colcon_core.verb:set package 'iiwa_mujoco_ros2' build argument 'cmake_clean_cache' from command line to 'False'
[0.143s] Level 5:colcon.colcon_core.verb:set package 'iiwa_mujoco_ros2' build argument 'cmake_clean_first' from command line to 'False'
[0.143s] Level 5:colcon.colcon_core.verb:set package 'iiwa_mujoco_ros2' build argument 'cmake_force_configure' from command line to 'False'
[0.143s] Level 5:colcon.colcon_core.verb:set package 'iiwa_mujoco_ros2' build argument 'ament_cmake_args' from command line to 'None'
[0.143s] Level 5:colcon.colcon_core.verb:set package 'iiwa_mujoco_ros2' build argument 'catkin_cmake_args' from command line to 'None'
[0.143s] Level 5:colcon.colcon_core.verb:set package 'iiwa_mujoco_ros2' build argument 'catkin_skip_building_tests' from command line to 'False'
[0.144s] DEBUG:colcon.colcon_core.verb:Building package 'iiwa_mujoco_ros2' with the following arguments: {'ament_cmake_args': None, 'build_base': '/home/yaohouyu/ros2_mujoco_ws/build/iiwa_mujoco_ros2', 'catkin_cmake_args': None, 'catkin_skip_building_tests': False, 'cmake_args': None, 'cmake_clean_cache': False, 'cmake_clean_first': False, 'cmake_force_configure': False, 'cmake_target': None, 'cmake_target_skip_unavailable': False, 'install_base': '/home/yaohouyu/ros2_mujoco_ws/install/iiwa_mujoco_ros2', 'merge_install': False, 'path': '/home/yaohouyu/ros2_mujoco_ws/src/iiwa_mujoco_ros2', 'symlink_install': False, 'test_result_base': None}
[0.144s] Level 5:colcon.colcon_core.verb:set package 'iiwa_mujoco_torque' build argument 'cmake_args' from command line to 'None'
[0.144s] Level 5:colcon.colcon_core.verb:set package 'iiwa_mujoco_torque' build argument 'cmake_target' from command line to 'None'
[0.144s] Level 5:colcon.colcon_core.verb:set package 'iiwa_mujoco_torque' build argument 'cmake_target_skip_unavailable' from command line to 'False'
[0.144s] Level 5:colcon.colcon_core.verb:set package 'iiwa_mujoco_torque' build argument 'cmake_clean_cache' from command line to 'False'
[0.144s] Level 5:colcon.colcon_core.verb:set package 'iiwa_mujoco_torque' build argument 'cmake_clean_first' from command line to 'False'
[0.144s] Level 5:colcon.colcon_core.verb:set package 'iiwa_mujoco_torque' build argument 'cmake_force_configure' from command line to 'False'
[0.144s] Level 5:colcon.colcon_core.verb:set package 'iiwa_mujoco_torque' build argument 'ament_cmake_args' from command line to 'None'
[0.144s] Level 5:colcon.colcon_core.verb:set package 'iiwa_mujoco_torque' build argument 'catkin_cmake_args' from command line to 'None'
[0.144s] Level 5:colcon.colcon_core.verb:set package 'iiwa_mujoco_torque' build argument 'catkin_skip_building_tests' from command line to 'False'
[0.144s] DEBUG:colcon.colcon_core.verb:Building package 'iiwa_mujoco_torque' with the following arguments: {'ament_cmake_args': None, 'build_base': '/home/yaohouyu/ros2_mujoco_ws/build/iiwa_mujoco_torque', 'catkin_cmake_args': None, 'catkin_skip_building_tests': False, 'cmake_args': None, 'cmake_clean_cache': False, 'cmake_clean_first': False, 'cmake_force_configure': False, 'cmake_target': None, 'cmake_target_skip_unavailable': False, 'install_base': '/home/yaohouyu/ros2_mujoco_ws/install/iiwa_mujoco_torque', 'merge_install': False, 'path': '/home/yaohouyu/ros2_mujoco_ws/src/iiwa_mujoco_torque', 'symlink_install': False, 'test_result_base': None}
[0.144s] INFO:colcon.colcon_core.executor:Executing jobs using 'parallel' executor
[0.144s] DEBUG:colcon.colcon_parallel_executor.executor.parallel:run_until_complete
[0.145s] INFO:colcon.colcon_ros.task.ament_cmake.build:Building ROS package in '/home/yaohouyu/ros2_mujoco_ws/src/iiwa_mujoco' with build type 'ament_cmake'
[0.145s] INFO:colcon.colcon_cmake.task.cmake.build:Building CMake package in '/home/yaohouyu/ros2_mujoco_ws/src/iiwa_mujoco'
[0.146s] INFO:colcon.colcon_core.plugin_system:Skipping extension 'colcon_core.shell.bat': Not used on non-Windows systems
[0.146s] INFO:colcon.colcon_core.shell:Skip shell extension 'powershell' for command environment: Not usable outside of PowerShell
[0.146s] DEBUG:colcon.colcon_core.shell:Skip shell extension 'dsv' for command environment
[0.148s] INFO:colcon.colcon_ros.task.ament_cmake.build:Building ROS package in '/home/yaohouyu/ros2_mujoco_ws/src/iiwa_mujoco_ros2' with build type 'ament_cmake'
[0.148s] INFO:colcon.colcon_cmake.task.cmake.build:Building CMake package in '/home/yaohouyu/ros2_mujoco_ws/src/iiwa_mujoco_ros2'
[0.148s] INFO:colcon.colcon_core.shell:Skip shell extension 'powershell' for command environment: Not usable outside of PowerShell
[0.149s] DEBUG:colcon.colcon_core.shell:Skip shell extension 'dsv' for command environment
[0.152s] INFO:colcon.colcon_ros.task.ament_cmake.build:Building ROS package in '/home/yaohouyu/ros2_mujoco_ws/src/iiwa_mujoco_torque' with build type 'ament_cmake'
[0.152s] INFO:colcon.colcon_cmake.task.cmake.build:Building CMake package in '/home/yaohouyu/ros2_mujoco_ws/src/iiwa_mujoco_torque'
[0.152s] INFO:colcon.colcon_core.shell:Skip shell extension 'powershell' for command environment: Not usable outside of PowerShell
[0.152s] DEBUG:colcon.colcon_core.shell:Skip shell extension 'dsv' for command environment
[0.157s] DEBUG:colcon.colcon_core.event_handler.log_command:Invoking command in '/home/yaohouyu/ros2_mujoco_ws/build/iiwa_mujoco': CMAKE_PREFIX_PATH=${CMAKE_PREFIX_PATH}:/opt/ros/jazzy DEBUGINFOD_URLS=https://debuginfod.ubuntu.com /usr/bin/cmake /home/yaohouyu/ros2_mujoco_ws/src/iiwa_mujoco -DCMAKE_INSTALL_PREFIX=/home/yaohouyu/ros2_mujoco_ws/install/iiwa_mujoco
[0.160s] DEBUG:colcon.colcon_core.event_handler.log_command:Invoking command in '/home/yaohouyu/ros2_mujoco_ws/build/iiwa_mujoco_ros2': CMAKE_PREFIX_PATH=${CMAKE_PREFIX_PATH}:/opt/ros/jazzy DEBUGINFOD_URLS=https://debuginfod.ubuntu.com /usr/bin/cmake /home/yaohouyu/ros2_mujoco_ws/src/iiwa_mujoco_ros2 -DCMAKE_INSTALL_PREFIX=/home/yaohouyu/ros2_mujoco_ws/install/iiwa_mujoco_ros2
[0.163s] DEBUG:colcon.colcon_core.event_handler.log_command:Invoking command in '/home/yaohouyu/ros2_mujoco_ws/build/iiwa_mujoco_torque': CMAKE_PREFIX_PATH=${CMAKE_PREFIX_PATH}:/opt/ros/jazzy DEBUGINFOD_URLS=https://debuginfod.ubuntu.com /usr/bin/cmake /home/yaohouyu/ros2_mujoco_ws/src/iiwa_mujoco_torque -DCMAKE_INSTALL_PREFIX=/home/yaohouyu/ros2_mujoco_ws/install/iiwa_mujoco_torque
[0.900s] DEBUG:colcon.colcon_core.event_handler.log_command:Invoked command in '/home/yaohouyu/ros2_mujoco_ws/build/iiwa_mujoco_ros2' returned '0': CMAKE_PREFIX_PATH=${CMAKE_PREFIX_PATH}:/opt/ros/jazzy DEBUGINFOD_URLS=https://debuginfod.ubuntu.com /usr/bin/cmake /home/yaohouyu/ros2_mujoco_ws/src/iiwa_mujoco_ros2 -DCMAKE_INSTALL_PREFIX=/home/yaohouyu/ros2_mujoco_ws/install/iiwa_mujoco_ros2
[0.901s] DEBUG:colcon.colcon_core.event_handler.log_command:Invoking command in '/home/yaohouyu/ros2_mujoco_ws/build/iiwa_mujoco_ros2': CMAKE_PREFIX_PATH=${CMAKE_PREFIX_PATH}:/opt/ros/jazzy DEBUGINFOD_URLS=https://debuginfod.ubuntu.com /usr/bin/cmake --build /home/yaohouyu/ros2_mujoco_ws/build/iiwa_mujoco_ros2 -- -j6 -l6
[0.901s] DEBUG:colcon.colcon_core.event_handler.log_command:Invoked command in '/home/yaohouyu/ros2_mujoco_ws/build/iiwa_mujoco_torque' returned '0': CMAKE_PREFIX_PATH=${CMAKE_PREFIX_PATH}:/opt/ros/jazzy DEBUGINFOD_URLS=https://debuginfod.ubuntu.com /usr/bin/cmake /home/yaohouyu/ros2_mujoco_ws/src/iiwa_mujoco_torque -DCMAKE_INSTALL_PREFIX=/home/yaohouyu/ros2_mujoco_ws/install/iiwa_mujoco_torque
[0.902s] DEBUG:colcon.colcon_core.event_handler.log_command:Invoking command in '/home/yaohouyu/ros2_mujoco_ws/build/iiwa_mujoco_torque': CMAKE_PREFIX_PATH=${CMAKE_PREFIX_PATH}:/opt/ros/jazzy DEBUGINFOD_URLS=https://debuginfod.ubuntu.com /usr/bin/cmake --build /home/yaohouyu/ros2_mujoco_ws/build/iiwa_mujoco_torque -- -j6 -l6
[0.920s] DEBUG:colcon.colcon_core.event_handler.log_command:Invoked command in '/home/yaohouyu/ros2_mujoco_ws/build/iiwa_mujoco' returned '0': CMAKE_PREFIX_PATH=${CMAKE_PREFIX_PATH}:/opt/ros/jazzy DEBUGINFOD_URLS=https://debuginfod.ubuntu.com /usr/bin/cmake /home/yaohouyu/ros2_mujoco_ws/src/iiwa_mujoco -DCMAKE_INSTALL_PREFIX=/home/yaohouyu/ros2_mujoco_ws/install/iiwa_mujoco
[0.920s] DEBUG:colcon.colcon_core.event_handler.log_command:Invoking command in '/home/yaohouyu/ros2_mujoco_ws/build/iiwa_mujoco': CMAKE_PREFIX_PATH=${CMAKE_PREFIX_PATH}:/opt/ros/jazzy DEBUGINFOD_URLS=https://debuginfod.ubuntu.com /usr/bin/cmake --build /home/yaohouyu/ros2_mujoco_ws/build/iiwa_mujoco -- -j6 -l6
[4.482s] DEBUG:colcon.colcon_core.event_handler.log_command:Invoked command in '/home/yaohouyu/ros2_mujoco_ws/build/iiwa_mujoco_torque' returned '0': CMAKE_PREFIX_PATH=${CMAKE_PREFIX_PATH}:/opt/ros/jazzy DEBUGINFOD_URLS=https://debuginfod.ubuntu.com /usr/bin/cmake --build /home/yaohouyu/ros2_mujoco_ws/build/iiwa_mujoco_torque -- -j6 -l6
[4.489s] DEBUG:colcon.colcon_core.event_handler.log_command:Invoking command in '/home/yaohouyu/ros2_mujoco_ws/build/iiwa_mujoco_torque': CMAKE_PREFIX_PATH=${CMAKE_PREFIX_PATH}:/opt/ros/jazzy DEBUGINFOD_URLS=https://debuginfod.ubuntu.com /usr/bin/cmake --install /home/yaohouyu/ros2_mujoco_ws/build/iiwa_mujoco_torque
[4.503s] Level 1:colcon.colcon_core.environment:create_environment_scripts_only(iiwa_mujoco_torque)
[4.504s] Level 1:colcon.colcon_core.environment:checking '/home/yaohouyu/ros2_mujoco_ws/install/iiwa_mujoco_torque' for CMake module files
[4.504s] Level 1:colcon.colcon_core.environment:checking '/home/yaohouyu/ros2_mujoco_ws/install/iiwa_mujoco_torque' for CMake config files
[4.504s] Level 1:colcon.colcon_core.shell:create_environment_hook('iiwa_mujoco_torque', 'cmake_prefix_path')
[4.504s] INFO:colcon.colcon_core.shell:Creating environment hook '/home/yaohouyu/ros2_mujoco_ws/install/iiwa_mujoco_torque/share/iiwa_mujoco_torque/hook/cmake_prefix_path.ps1'
[4.505s] DEBUG:colcon.colcon_core.event_handler.log_command:Invoked command in '/home/yaohouyu/ros2_mujoco_ws/build/iiwa_mujoco_torque' returned '0': CMAKE_PREFIX_PATH=${CMAKE_PREFIX_PATH}:/opt/ros/jazzy DEBUGINFOD_URLS=https://debuginfod.ubuntu.com /usr/bin/cmake --install /home/yaohouyu/ros2_mujoco_ws/build/iiwa_mujoco_torque
[4.508s] INFO:colcon.colcon_core.shell:Creating environment descriptor '/home/yaohouyu/ros2_mujoco_ws/install/iiwa_mujoco_torque/share/iiwa_mujoco_torque/hook/cmake_prefix_path.dsv'
[4.508s] INFO:colcon.colcon_core.shell:Creating environment hook '/home/yaohouyu/ros2_mujoco_ws/install/iiwa_mujoco_torque/share/iiwa_mujoco_torque/hook/cmake_prefix_path.sh'
[4.509s] Level 1:colcon.colcon_core.environment:checking '/home/yaohouyu/ros2_mujoco_ws/install/iiwa_mujoco_torque/lib'
[4.509s] Level 1:colcon.colcon_core.environment:checking '/home/yaohouyu/ros2_mujoco_ws/install/iiwa_mujoco_torque/bin'
[4.509s] Level 1:colcon.colcon_core.environment:checking '/home/yaohouyu/ros2_mujoco_ws/install/iiwa_mujoco_torque/lib/pkgconfig/iiwa_mujoco_torque.pc'
[4.509s] Level 1:colcon.colcon_core.environment:checking '/home/yaohouyu/ros2_mujoco_ws/install/iiwa_mujoco_torque/lib/python3.12/site-packages'
[4.509s] Level 1:colcon.colcon_core.environment:checking '/home/yaohouyu/ros2_mujoco_ws/install/iiwa_mujoco_torque/bin'
[4.509s] INFO:colcon.colcon_core.shell:Creating package script '/home/yaohouyu/ros2_mujoco_ws/install/iiwa_mujoco_torque/share/iiwa_mujoco_torque/package.ps1'
[4.510s] INFO:colcon.colcon_core.shell:Creating package descriptor '/home/yaohouyu/ros2_mujoco_ws/install/iiwa_mujoco_torque/share/iiwa_mujoco_torque/package.dsv'
[4.510s] INFO:colcon.colcon_core.shell:Creating package script '/home/yaohouyu/ros2_mujoco_ws/install/iiwa_mujoco_torque/share/iiwa_mujoco_torque/package.sh'
[4.510s] INFO:colcon.colcon_core.shell:Creating package script '/home/yaohouyu/ros2_mujoco_ws/install/iiwa_mujoco_torque/share/iiwa_mujoco_torque/package.bash'
[4.511s] INFO:colcon.colcon_core.shell:Creating package script '/home/yaohouyu/ros2_mujoco_ws/install/iiwa_mujoco_torque/share/iiwa_mujoco_torque/package.zsh'
[4.511s] Level 1:colcon.colcon_core.environment:create_file_with_runtime_dependencies(/home/yaohouyu/ros2_mujoco_ws/install/iiwa_mujoco_torque/share/colcon-core/packages/iiwa_mujoco_torque)
[4.511s] Level 1:colcon.colcon_core.environment:create_environment_scripts_only(iiwa_mujoco_torque)
[4.511s] Level 1:colcon.colcon_core.environment:checking '/home/yaohouyu/ros2_mujoco_ws/install/iiwa_mujoco_torque' for CMake module files
[4.512s] Level 1:colcon.colcon_core.environment:checking '/home/yaohouyu/ros2_mujoco_ws/install/iiwa_mujoco_torque' for CMake config files
[4.512s] Level 1:colcon.colcon_core.shell:create_environment_hook('iiwa_mujoco_torque', 'cmake_prefix_path')
[4.514s] INFO:colcon.colcon_core.shell:Creating environment hook '/home/yaohouyu/ros2_mujoco_ws/install/iiwa_mujoco_torque/share/iiwa_mujoco_torque/hook/cmake_prefix_path.ps1'
[4.516s] INFO:colcon.colcon_core.shell:Creating environment descriptor '/home/yaohouyu/ros2_mujoco_ws/install/iiwa_mujoco_torque/share/iiwa_mujoco_torque/hook/cmake_prefix_path.dsv'
[4.517s] INFO:colcon.colcon_core.shell:Creating environment hook '/home/yaohouyu/ros2_mujoco_ws/install/iiwa_mujoco_torque/share/iiwa_mujoco_torque/hook/cmake_prefix_path.sh'
[4.517s] Level 1:colcon.colcon_core.environment:checking '/home/yaohouyu/ros2_mujoco_ws/install/iiwa_mujoco_torque/lib'
[4.517s] Level 1:colcon.colcon_core.environment:checking '/home/yaohouyu/ros2_mujoco_ws/install/iiwa_mujoco_torque/bin'
[4.517s] Level 1:colcon.colcon_core.environment:checking '/home/yaohouyu/ros2_mujoco_ws/install/iiwa_mujoco_torque/lib/pkgconfig/iiwa_mujoco_torque.pc'
[4.517s] Level 1:colcon.colcon_core.environment:checking '/home/yaohouyu/ros2_mujoco_ws/install/iiwa_mujoco_torque/lib/python3.12/site-packages'
[4.518s] Level 1:colcon.colcon_core.environment:checking '/home/yaohouyu/ros2_mujoco_ws/install/iiwa_mujoco_torque/bin'
[4.518s] INFO:colcon.colcon_core.shell:Creating package script '/home/yaohouyu/ros2_mujoco_ws/install/iiwa_mujoco_torque/share/iiwa_mujoco_torque/package.ps1'
[4.518s] INFO:colcon.colcon_core.shell:Creating package descriptor '/home/yaohouyu/ros2_mujoco_ws/install/iiwa_mujoco_torque/share/iiwa_mujoco_torque/package.dsv'
[4.521s] INFO:colcon.colcon_core.shell:Creating package script '/home/yaohouyu/ros2_mujoco_ws/install/iiwa_mujoco_torque/share/iiwa_mujoco_torque/package.sh'
[4.522s] INFO:colcon.colcon_core.shell:Creating package script '/home/yaohouyu/ros2_mujoco_ws/install/iiwa_mujoco_torque/share/iiwa_mujoco_torque/package.bash'
[4.522s] INFO:colcon.colcon_core.shell:Creating package script '/home/yaohouyu/ros2_mujoco_ws/install/iiwa_mujoco_torque/share/iiwa_mujoco_torque/package.zsh'
[4.523s] Level 1:colcon.colcon_core.environment:create_file_with_runtime_dependencies(/home/yaohouyu/ros2_mujoco_ws/install/iiwa_mujoco_torque/share/colcon-core/packages/iiwa_mujoco_torque)
[4.528s] DEBUG:colcon.colcon_core.event_handler.log_command:Invoked command in '/home/yaohouyu/ros2_mujoco_ws/build/iiwa_mujoco_ros2' returned '0': CMAKE_PREFIX_PATH=${CMAKE_PREFIX_PATH}:/opt/ros/jazzy DEBUGINFOD_URLS=https://debuginfod.ubuntu.com /usr/bin/cmake --build /home/yaohouyu/ros2_mujoco_ws/build/iiwa_mujoco_ros2 -- -j6 -l6
[4.529s] DEBUG:colcon.colcon_core.event_handler.log_command:Invoking command in '/home/yaohouyu/ros2_mujoco_ws/build/iiwa_mujoco_ros2': CMAKE_PREFIX_PATH=${CMAKE_PREFIX_PATH}:/opt/ros/jazzy DEBUGINFOD_URLS=https://debuginfod.ubuntu.com /usr/bin/cmake --install /home/yaohouyu/ros2_mujoco_ws/build/iiwa_mujoco_ros2
[4.552s] Level 1:colcon.colcon_core.environment:create_environment_scripts_only(iiwa_mujoco_ros2)
[4.553s] DEBUG:colcon.colcon_core.event_handler.log_command:Invoked command in '/home/yaohouyu/ros2_mujoco_ws/build/iiwa_mujoco_ros2' returned '0': CMAKE_PREFIX_PATH=${CMAKE_PREFIX_PATH}:/opt/ros/jazzy DEBUGINFOD_URLS=https://debuginfod.ubuntu.com /usr/bin/cmake --install /home/yaohouyu/ros2_mujoco_ws/build/iiwa_mujoco_ros2
[4.553s] Level 1:colcon.colcon_core.environment:checking '/home/yaohouyu/ros2_mujoco_ws/install/iiwa_mujoco_ros2' for CMake module files
[4.553s] Level 1:colcon.colcon_core.environment:checking '/home/yaohouyu/ros2_mujoco_ws/install/iiwa_mujoco_ros2' for CMake config files
[4.553s] Level 1:colcon.colcon_core.shell:create_environment_hook('iiwa_mujoco_ros2', 'cmake_prefix_path')
[4.553s] INFO:colcon.colcon_core.shell:Creating environment hook '/home/yaohouyu/ros2_mujoco_ws/install/iiwa_mujoco_ros2/share/iiwa_mujoco_ros2/hook/cmake_prefix_path.ps1'
[4.554s] INFO:colcon.colcon_core.shell:Creating environment descriptor '/home/yaohouyu/ros2_mujoco_ws/install/iiwa_mujoco_ros2/share/iiwa_mujoco_ros2/hook/cmake_prefix_path.dsv'
[4.554s] INFO:colcon.colcon_core.shell:Creating environment hook '/home/yaohouyu/ros2_mujoco_ws/install/iiwa_mujoco_ros2/share/iiwa_mujoco_ros2/hook/cmake_prefix_path.sh'
[4.554s] Level 1:colcon.colcon_core.environment:checking '/home/yaohouyu/ros2_mujoco_ws/install/iiwa_mujoco_ros2/lib'
[4.554s] Level 1:colcon.colcon_core.environment:checking '/home/yaohouyu/ros2_mujoco_ws/install/iiwa_mujoco_ros2/bin'
[4.554s] Level 1:colcon.colcon_core.environment:checking '/home/yaohouyu/ros2_mujoco_ws/install/iiwa_mujoco_ros2/lib/pkgconfig/iiwa_mujoco_ros2.pc'
[4.554s] Level 1:colcon.colcon_core.environment:checking '/home/yaohouyu/ros2_mujoco_ws/install/iiwa_mujoco_ros2/lib/python3.12/site-packages'
[4.554s] Level 1:colcon.colcon_core.environment:checking '/home/yaohouyu/ros2_mujoco_ws/install/iiwa_mujoco_ros2/bin'
[4.555s] INFO:colcon.colcon_core.shell:Creating package script '/home/yaohouyu/ros2_mujoco_ws/install/iiwa_mujoco_ros2/share/iiwa_mujoco_ros2/package.ps1'
[4.555s] INFO:colcon.colcon_core.shell:Creating package descriptor '/home/yaohouyu/ros2_mujoco_ws/install/iiwa_mujoco_ros2/share/iiwa_mujoco_ros2/package.dsv'
[4.555s] INFO:colcon.colcon_core.shell:Creating package script '/home/yaohouyu/ros2_mujoco_ws/install/iiwa_mujoco_ros2/share/iiwa_mujoco_ros2/package.sh'
[4.555s] INFO:colcon.colcon_core.shell:Creating package script '/home/yaohouyu/ros2_mujoco_ws/install/iiwa_mujoco_ros2/share/iiwa_mujoco_ros2/package.bash'
[4.555s] INFO:colcon.colcon_core.shell:Creating package script '/home/yaohouyu/ros2_mujoco_ws/install/iiwa_mujoco_ros2/share/iiwa_mujoco_ros2/package.zsh'
[4.555s] Level 1:colcon.colcon_core.environment:create_file_with_runtime_dependencies(/home/yaohouyu/ros2_mujoco_ws/install/iiwa_mujoco_ros2/share/colcon-core/packages/iiwa_mujoco_ros2)
[4.556s] Level 1:colcon.colcon_core.environment:create_environment_scripts_only(iiwa_mujoco_ros2)
[4.556s] Level 1:colcon.colcon_core.environment:checking '/home/yaohouyu/ros2_mujoco_ws/install/iiwa_mujoco_ros2' for CMake module files
[4.556s] Level 1:colcon.colcon_core.environment:checking '/home/yaohouyu/ros2_mujoco_ws/install/iiwa_mujoco_ros2' for CMake config files
[4.556s] Level 1:colcon.colcon_core.shell:create_environment_hook('iiwa_mujoco_ros2', 'cmake_prefix_path')
[4.556s] INFO:colcon.colcon_core.shell:Creating environment hook '/home/yaohouyu/ros2_mujoco_ws/install/iiwa_mujoco_ros2/share/iiwa_mujoco_ros2/hook/cmake_prefix_path.ps1'
[4.557s] INFO:colcon.colcon_core.shell:Creating environment descriptor '/home/yaohouyu/ros2_mujoco_ws/install/iiwa_mujoco_ros2/share/iiwa_mujoco_ros2/hook/cmake_prefix_path.dsv'
[4.557s] INFO:colcon.colcon_core.shell:Creating environment hook '/home/yaohouyu/ros2_mujoco_ws/install/iiwa_mujoco_ros2/share/iiwa_mujoco_ros2/hook/cmake_prefix_path.sh'
[4.558s] Level 1:colcon.colcon_core.environment:checking '/home/yaohouyu/ros2_mujoco_ws/install/iiwa_mujoco_ros2/lib'
[4.558s] Level 1:colcon.colcon_core.environment:checking '/home/yaohouyu/ros2_mujoco_ws/install/iiwa_mujoco_ros2/bin'
[4.558s] Level 1:colcon.colcon_core.environment:checking '/home/yaohouyu/ros2_mujoco_ws/install/iiwa_mujoco_ros2/lib/pkgconfig/iiwa_mujoco_ros2.pc'
[4.558s] Level 1:colcon.colcon_core.environment:checking '/home/yaohouyu/ros2_mujoco_ws/install/iiwa_mujoco_ros2/lib/python3.12/site-packages'
[4.558s] Level 1:colcon.colcon_core.environment:checking '/home/yaohouyu/ros2_mujoco_ws/install/iiwa_mujoco_ros2/bin'
[4.558s] INFO:colcon.colcon_core.shell:Creating package script '/home/yaohouyu/ros2_mujoco_ws/install/iiwa_mujoco_ros2/share/iiwa_mujoco_ros2/package.ps1'
[4.558s] INFO:colcon.colcon_core.shell:Creating package descriptor '/home/yaohouyu/ros2_mujoco_ws/install/iiwa_mujoco_ros2/share/iiwa_mujoco_ros2/package.dsv'
[4.559s] INFO:colcon.colcon_core.shell:Creating package script '/home/yaohouyu/ros2_mujoco_ws/install/iiwa_mujoco_ros2/share/iiwa_mujoco_ros2/package.sh'
[4.559s] INFO:colcon.colcon_core.shell:Creating package script '/home/yaohouyu/ros2_mujoco_ws/install/iiwa_mujoco_ros2/share/iiwa_mujoco_ros2/package.bash'
[4.560s] INFO:colcon.colcon_core.shell:Creating package script '/home/yaohouyu/ros2_mujoco_ws/install/iiwa_mujoco_ros2/share/iiwa_mujoco_ros2/package.zsh'
[4.560s] Level 1:colcon.colcon_core.environment:create_file_with_runtime_dependencies(/home/yaohouyu/ros2_mujoco_ws/install/iiwa_mujoco_ros2/share/colcon-core/packages/iiwa_mujoco_ros2)
[6.910s] DEBUG:colcon.colcon_core.event_handler.log_command:Invoked command in '/home/yaohouyu/ros2_mujoco_ws/build/iiwa_mujoco' returned '0': CMAKE_PREFIX_PATH=${CMAKE_PREFIX_PATH}:/opt/ros/jazzy DEBUGINFOD_URLS=https://debuginfod.ubuntu.com /usr/bin/cmake --build /home/yaohouyu/ros2_mujoco_ws/build/iiwa_mujoco -- -j6 -l6
[6.911s] DEBUG:colcon.colcon_core.event_handler.log_command:Invoking command in '/home/yaohouyu/ros2_mujoco_ws/build/iiwa_mujoco': CMAKE_PREFIX_PATH=${CMAKE_PREFIX_PATH}:/opt/ros/jazzy DEBUGINFOD_URLS=https://debuginfod.ubuntu.com /usr/bin/cmake --install /home/yaohouyu/ros2_mujoco_ws/build/iiwa_mujoco
[6.929s] Level 1:colcon.colcon_core.environment:create_environment_scripts_only(iiwa_mujoco)
[6.929s] Level 1:colcon.colcon_core.environment:checking '/home/yaohouyu/ros2_mujoco_ws/install/iiwa_mujoco' for CMake module files
[6.929s] DEBUG:colcon.colcon_core.event_handler.log_command:Invoked command in '/home/yaohouyu/ros2_mujoco_ws/build/iiwa_mujoco' returned '0': CMAKE_PREFIX_PATH=${CMAKE_PREFIX_PATH}:/opt/ros/jazzy DEBUGINFOD_URLS=https://debuginfod.ubuntu.com /usr/bin/cmake --install /home/yaohouyu/ros2_mujoco_ws/build/iiwa_mujoco
[6.930s] Level 1:colcon.colcon_core.environment:checking '/home/yaohouyu/ros2_mujoco_ws/install/iiwa_mujoco' for CMake config files
[6.930s] Level 1:colcon.colcon_core.shell:create_environment_hook('iiwa_mujoco', 'cmake_prefix_path')
[6.930s] INFO:colcon.colcon_core.shell:Creating environment hook '/home/yaohouyu/ros2_mujoco_ws/install/iiwa_mujoco/share/iiwa_mujoco/hook/cmake_prefix_path.ps1'
[6.930s] INFO:colcon.colcon_core.shell:Creating environment descriptor '/home/yaohouyu/ros2_mujoco_ws/install/iiwa_mujoco/share/iiwa_mujoco/hook/cmake_prefix_path.dsv'
[6.930s] INFO:colcon.colcon_core.shell:Creating environment hook '/home/yaohouyu/ros2_mujoco_ws/install/iiwa_mujoco/share/iiwa_mujoco/hook/cmake_prefix_path.sh'
[6.930s] Level 1:colcon.colcon_core.environment:checking '/home/yaohouyu/ros2_mujoco_ws/install/iiwa_mujoco/lib'
[6.930s] Level 1:colcon.colcon_core.environment:checking '/home/yaohouyu/ros2_mujoco_ws/install/iiwa_mujoco/bin'
[6.930s] Level 1:colcon.colcon_core.environment:checking '/home/yaohouyu/ros2_mujoco_ws/install/iiwa_mujoco/lib/pkgconfig/iiwa_mujoco.pc'
[6.931s] Level 1:colcon.colcon_core.environment:checking '/home/yaohouyu/ros2_mujoco_ws/install/iiwa_mujoco/lib/python3.12/site-packages'
[6.931s] Level 1:colcon.colcon_core.environment:checking '/home/yaohouyu/ros2_mujoco_ws/install/iiwa_mujoco/bin'
[6.931s] INFO:colcon.colcon_core.shell:Creating package script '/home/yaohouyu/ros2_mujoco_ws/install/iiwa_mujoco/share/iiwa_mujoco/package.ps1'
[6.931s] INFO:colcon.colcon_core.shell:Creating package descriptor '/home/yaohouyu/ros2_mujoco_ws/install/iiwa_mujoco/share/iiwa_mujoco/package.dsv'
[6.931s] INFO:colcon.colcon_core.shell:Creating package script '/home/yaohouyu/ros2_mujoco_ws/install/iiwa_mujoco/share/iiwa_mujoco/package.sh'
[6.932s] INFO:colcon.colcon_core.shell:Creating package script '/home/yaohouyu/ros2_mujoco_ws/install/iiwa_mujoco/share/iiwa_mujoco/package.bash'
[6.932s] INFO:colcon.colcon_core.shell:Creating package script '/home/yaohouyu/ros2_mujoco_ws/install/iiwa_mujoco/share/iiwa_mujoco/package.zsh'
[6.932s] Level 1:colcon.colcon_core.environment:create_file_with_runtime_dependencies(/home/yaohouyu/ros2_mujoco_ws/install/iiwa_mujoco/share/colcon-core/packages/iiwa_mujoco)
[6.932s] Level 1:colcon.colcon_core.environment:create_environment_scripts_only(iiwa_mujoco)
[6.932s] Level 1:colcon.colcon_core.environment:checking '/home/yaohouyu/ros2_mujoco_ws/install/iiwa_mujoco' for CMake module files
[6.932s] Level 1:colcon.colcon_core.environment:checking '/home/yaohouyu/ros2_mujoco_ws/install/iiwa_mujoco' for CMake config files
[6.932s] Level 1:colcon.colcon_core.shell:create_environment_hook('iiwa_mujoco', 'cmake_prefix_path')
[6.933s] INFO:colcon.colcon_core.shell:Creating environment hook '/home/yaohouyu/ros2_mujoco_ws/install/iiwa_mujoco/share/iiwa_mujoco/hook/cmake_prefix_path.ps1'
[6.933s] INFO:colcon.colcon_core.shell:Creating environment descriptor '/home/yaohouyu/ros2_mujoco_ws/install/iiwa_mujoco/share/iiwa_mujoco/hook/cmake_prefix_path.dsv'
[6.933s] INFO:colcon.colcon_core.shell:Creating environment hook '/home/yaohouyu/ros2_mujoco_ws/install/iiwa_mujoco/share/iiwa_mujoco/hook/cmake_prefix_path.sh'
[6.933s] Level 1:colcon.colcon_core.environment:checking '/home/yaohouyu/ros2_mujoco_ws/install/iiwa_mujoco/lib'
[6.933s] Level 1:colcon.colcon_core.environment:checking '/home/yaohouyu/ros2_mujoco_ws/install/iiwa_mujoco/bin'
[6.933s] Level 1:colcon.colcon_core.environment:checking '/home/yaohouyu/ros2_mujoco_ws/install/iiwa_mujoco/lib/pkgconfig/iiwa_mujoco.pc'
[6.934s] Level 1:colcon.colcon_core.environment:checking '/home/yaohouyu/ros2_mujoco_ws/install/iiwa_mujoco/lib/python3.12/site-packages'
[6.934s] Level 1:colcon.colcon_core.environment:checking '/home/yaohouyu/ros2_mujoco_ws/install/iiwa_mujoco/bin'
[6.934s] INFO:colcon.colcon_core.shell:Creating package script '/home/yaohouyu/ros2_mujoco_ws/install/iiwa_mujoco/share/iiwa_mujoco/package.ps1'
[6.934s] INFO:colcon.colcon_core.shell:Creating package descriptor '/home/yaohouyu/ros2_mujoco_ws/install/iiwa_mujoco/share/iiwa_mujoco/package.dsv'
[6.935s] INFO:colcon.colcon_core.shell:Creating package script '/home/yaohouyu/ros2_mujoco_ws/install/iiwa_mujoco/share/iiwa_mujoco/package.sh'
[6.935s] INFO:colcon.colcon_core.shell:Creating package script '/home/yaohouyu/ros2_mujoco_ws/install/iiwa_mujoco/share/iiwa_mujoco/package.bash'
[6.935s] INFO:colcon.colcon_core.shell:Creating package script '/home/yaohouyu/ros2_mujoco_ws/install/iiwa_mujoco/share/iiwa_mujoco/package.zsh'
[6.935s] Level 1:colcon.colcon_core.environment:create_file_with_runtime_dependencies(/home/yaohouyu/ros2_mujoco_ws/install/iiwa_mujoco/share/colcon-core/packages/iiwa_mujoco)
[6.936s] DEBUG:colcon.colcon_parallel_executor.executor.parallel:closing loop
[6.936s] DEBUG:colcon.colcon_parallel_executor.executor.parallel:loop closed
[6.936s] DEBUG:colcon.colcon_parallel_executor.executor.parallel:run_until_complete finished with '0'
[6.936s] DEBUG:colcon.colcon_core.event_reactor:joining thread
[6.940s] INFO:colcon.colcon_core.plugin_system:Skipping extension 'colcon_notification.desktop_notification.terminal_notifier': Not used on non-Darwin systems
[6.940s] INFO:colcon.colcon_core.plugin_system:Skipping extension 'colcon_notification.desktop_notification.win32': Not used on non-Windows systems
[6.940s] INFO:colcon.colcon_notification.desktop_notification:Sending desktop notification using 'notify2'
[6.953s] DEBUG:colcon.colcon_core.event_reactor:joined thread
[6.954s] INFO:colcon.colcon_core.shell:Creating prefix script '/home/yaohouyu/ros2_mujoco_ws/install/local_setup.ps1'
[6.954s] INFO:colcon.colcon_core.shell:Creating prefix util module '/home/yaohouyu/ros2_mujoco_ws/install/_local_setup_util_ps1.py'
[6.955s] INFO:colcon.colcon_core.shell:Creating prefix chain script '/home/yaohouyu/ros2_mujoco_ws/install/setup.ps1'
[6.955s] INFO:colcon.colcon_core.shell:Creating prefix script '/home/yaohouyu/ros2_mujoco_ws/install/local_setup.sh'
[6.955s] INFO:colcon.colcon_core.shell:Creating prefix util module '/home/yaohouyu/ros2_mujoco_ws/install/_local_setup_util_sh.py'
[6.956s] INFO:colcon.colcon_core.shell:Creating prefix chain script '/home/yaohouyu/ros2_mujoco_ws/install/setup.sh'
[6.956s] INFO:colcon.colcon_core.shell:Creating prefix script '/home/yaohouyu/ros2_mujoco_ws/install/local_setup.bash'
[6.956s] INFO:colcon.colcon_core.shell:Creating prefix chain script '/home/yaohouyu/ros2_mujoco_ws/install/setup.bash'
[6.957s] INFO:colcon.colcon_core.shell:Creating prefix script '/home/yaohouyu/ros2_mujoco_ws/install/local_setup.zsh'
[6.957s] INFO:colcon.colcon_core.shell:Creating prefix chain script '/home/yaohouyu/ros2_mujoco_ws/install/setup.zsh'
