[0.058s] DEBUG:colcon:Command line arguments: ['/usr/bin/colcon', 'build']
[0.059s] DEBUG:colcon:Parsed command line arguments: Namespace(log_base=None, log_level=None, verb_name='build', build_base='build', install_base='install', merge_install=False, symlink_install=False, test_result_base=None, continue_on_error=False, executor='parallel', parallel_workers=6, event_handlers=None, ignore_user_meta=False, metas=['./colcon.meta'], base_paths=['.'], packages_ignore=None, packages_ignore_regex=None, paths=None, packages_up_to=None, packages_up_to_regex=None, packages_above=None, packages_above_and_dependencies=None, packages_above_depth=None, packages_select_by_dep=None, packages_skip_by_dep=None, packages_skip_up_to=None, packages_select_build_failed=False, packages_skip_build_finished=False, packages_select_test_failures=False, packages_skip_test_passed=False, packages_select=None, packages_skip=None, packages_select_regex=None, packages_skip_regex=None, packages_start=None, packages_end=None, allow_overriding=[], cmake_args=None, cmake_target=None, cmake_target_skip_unavailable=False, cmake_clean_cache=False, cmake_clean_first=False, cmake_force_configure=False, ament_cmake_args=None, catkin_cmake_args=None, catkin_skip_building_tests=False, verb_parser=<colcon_defaults.argument_parser.defaults.DefaultArgumentsDecorator object at 0x79bccd87cfb0>, verb_extension=<colcon_core.verb.build.BuildVerb object at 0x79bccd9faea0>, main=<bound method BuildVerb.main of <colcon_core.verb.build.BuildVerb object at 0x79bccd9faea0>>)
[0.084s] Level 1:colcon.colcon_core.package_discovery:discover_packages(colcon_meta) check parameters
[0.084s] Level 1:colcon.colcon_core.package_discovery:discover_packages(recursive) check parameters
[0.084s] Level 1:colcon.colcon_core.package_discovery:discover_packages(ignore) check parameters
[0.084s] Level 1:colcon.colcon_core.package_discovery:discover_packages(path) check parameters
[0.084s] Level 1:colcon.colcon_core.package_discovery:discover_packages(colcon_meta) discover
[0.085s] Level 1:colcon.colcon_core.package_discovery:discover_packages(recursive) discover
[0.085s] INFO:colcon.colcon_core.package_discovery:Crawling recursively for packages in '/home/yaohouyu/ros2_ws'
[0.085s] Level 1:colcon.colcon_core.package_identification:_identify(.) by extensions ['ignore', 'ignore_ament_install']
[0.085s] Level 1:colcon.colcon_core.package_identification:_identify(.) by extension 'ignore'
[0.085s] Level 1:colcon.colcon_core.package_identification:_identify(.) by extension 'ignore_ament_install'
[0.085s] Level 1:colcon.colcon_core.package_identification:_identify(.) by extensions ['colcon_pkg']
[0.085s] Level 1:colcon.colcon_core.package_identification:_identify(.) by extension 'colcon_pkg'
[0.085s] Level 1:colcon.colcon_core.package_identification:_identify(.) by extensions ['colcon_meta']
[0.085s] Level 1:colcon.colcon_core.package_identification:_identify(.) by extension 'colcon_meta'
[0.085s] Level 1:colcon.colcon_core.package_identification:_identify(.) by extensions ['ros']
[0.085s] Level 1:colcon.colcon_core.package_identification:_identify(.) by extension 'ros'
[0.099s] Level 1:colcon.colcon_core.package_identification:_identify(.) by extensions ['cmake', 'python']
[0.099s] Level 1:colcon.colcon_core.package_identification:_identify(.) by extension 'cmake'
[0.099s] Level 1:colcon.colcon_core.package_identification:_identify(.) by extension 'python'
[0.099s] Level 1:colcon.colcon_core.package_identification:_identify(.) by extensions ['python_setup_py']
[0.099s] Level 1:colcon.colcon_core.package_identification:_identify(.) by extension 'python_setup_py'
[0.100s] Level 1:colcon.colcon_core.package_identification:_identify(build) by extensions ['ignore', 'ignore_ament_install']
[0.100s] Level 1:colcon.colcon_core.package_identification:_identify(build) by extension 'ignore'
[0.100s] Level 1:colcon.colcon_core.package_identification:_identify(build) ignored
[0.100s] Level 1:colcon.colcon_core.package_identification:_identify(install) by extensions ['ignore', 'ignore_ament_install']
[0.100s] Level 1:colcon.colcon_core.package_identification:_identify(install) by extension 'ignore'
[0.100s] Level 1:colcon.colcon_core.package_identification:_identify(install) ignored
[0.100s] Level 1:colcon.colcon_core.package_identification:_identify(log) by extensions ['ignore', 'ignore_ament_install']
[0.100s] Level 1:colcon.colcon_core.package_identification:_identify(log) by extension 'ignore'
[0.100s] Level 1:colcon.colcon_core.package_identification:_identify(log) ignored
[0.100s] Level 1:colcon.colcon_core.package_identification:_identify(src) by extensions ['ignore', 'ignore_ament_install']
[0.100s] Level 1:colcon.colcon_core.package_identification:_identify(src) by extension 'ignore'
[0.100s] Level 1:colcon.colcon_core.package_identification:_identify(src) by extension 'ignore_ament_install'
[0.100s] Level 1:colcon.colcon_core.package_identification:_identify(src) by extensions ['colcon_pkg']
[0.100s] Level 1:colcon.colcon_core.package_identification:_identify(src) by extension 'colcon_pkg'
[0.100s] Level 1:colcon.colcon_core.package_identification:_identify(src) by extensions ['colcon_meta']
[0.100s] Level 1:colcon.colcon_core.package_identification:_identify(src) by extension 'colcon_meta'
[0.100s] Level 1:colcon.colcon_core.package_identification:_identify(src) by extensions ['ros']
[0.100s] Level 1:colcon.colcon_core.package_identification:_identify(src) by extension 'ros'
[0.100s] Level 1:colcon.colcon_core.package_identification:_identify(src) by extensions ['cmake', 'python']
[0.100s] Level 1:colcon.colcon_core.package_identification:_identify(src) by extension 'cmake'
[0.100s] Level 1:colcon.colcon_core.package_identification:_identify(src) by extension 'python'
[0.100s] Level 1:colcon.colcon_core.package_identification:_identify(src) by extensions ['python_setup_py']
[0.100s] Level 1:colcon.colcon_core.package_identification:_identify(src) by extension 'python_setup_py'
[0.100s] Level 1:colcon.colcon_core.package_identification:_identify(src/iiwa_mujoco_ros2) by extensions ['ignore', 'ignore_ament_install']
[0.100s] Level 1:colcon.colcon_core.package_identification:_identify(src/iiwa_mujoco_ros2) by extension 'ignore'
[0.100s] Level 1:colcon.colcon_core.package_identification:_identify(src/iiwa_mujoco_ros2) by extension 'ignore_ament_install'
[0.100s] Level 1:colcon.colcon_core.package_identification:_identify(src/iiwa_mujoco_ros2) by extensions ['colcon_pkg']
[0.100s] Level 1:colcon.colcon_core.package_identification:_identify(src/iiwa_mujoco_ros2) by extension 'colcon_pkg'
[0.100s] Level 1:colcon.colcon_core.package_identification:_identify(src/iiwa_mujoco_ros2) by extensions ['colcon_meta']
[0.100s] Level 1:colcon.colcon_core.package_identification:_identify(src/iiwa_mujoco_ros2) by extension 'colcon_meta'
[0.100s] Level 1:colcon.colcon_core.package_identification:_identify(src/iiwa_mujoco_ros2) by extensions ['ros']
[0.100s] Level 1:colcon.colcon_core.package_identification:_identify(src/iiwa_mujoco_ros2) by extension 'ros'
[0.102s] DEBUG:colcon.colcon_core.package_identification:Package 'src/iiwa_mujoco_ros2' with type 'ros.ament_cmake' and name 'iiwa_mujoco_ros2'
[0.102s] Level 1:colcon.colcon_core.package_discovery:discover_packages(recursive) using defaults
[0.102s] Level 1:colcon.colcon_core.package_discovery:discover_packages(ignore) discover
[0.102s] Level 1:colcon.colcon_core.package_discovery:discover_packages(ignore) using defaults
[0.102s] Level 1:colcon.colcon_core.package_discovery:discover_packages(path) discover
[0.102s] Level 1:colcon.colcon_core.package_discovery:discover_packages(path) using defaults
[0.112s] Level 1:colcon.colcon_core.package_discovery:discover_packages(prefix_path) check parameters
[0.112s] Level 1:colcon.colcon_core.package_discovery:discover_packages(prefix_path) discover
[0.113s] DEBUG:colcon.colcon_installed_package_information.package_discovery:Found 285 installed packages in /opt/ros/jazzy
[0.114s] Level 1:colcon.colcon_core.package_discovery:discover_packages(prefix_path) using defaults
[0.134s] Level 5:colcon.colcon_core.verb:set package 'iiwa_mujoco_ros2' build argument 'cmake_args' from command line to 'None'
[0.134s] Level 5:colcon.colcon_core.verb:set package 'iiwa_mujoco_ros2' build argument 'cmake_target' from command line to 'None'
[0.134s] Level 5:colcon.colcon_core.verb:set package 'iiwa_mujoco_ros2' build argument 'cmake_target_skip_unavailable' from command line to 'False'
[0.134s] Level 5:colcon.colcon_core.verb:set package 'iiwa_mujoco_ros2' build argument 'cmake_clean_cache' from command line to 'False'
[0.134s] Level 5:colcon.colcon_core.verb:set package 'iiwa_mujoco_ros2' build argument 'cmake_clean_first' from command line to 'False'
[0.134s] Level 5:colcon.colcon_core.verb:set package 'iiwa_mujoco_ros2' build argument 'cmake_force_configure' from command line to 'False'
[0.134s] Level 5:colcon.colcon_core.verb:set package 'iiwa_mujoco_ros2' build argument 'ament_cmake_args' from command line to 'None'
[0.134s] Level 5:colcon.colcon_core.verb:set package 'iiwa_mujoco_ros2' build argument 'catkin_cmake_args' from command line to 'None'
[0.134s] Level 5:colcon.colcon_core.verb:set package 'iiwa_mujoco_ros2' build argument 'catkin_skip_building_tests' from command line to 'False'
[0.134s] DEBUG:colcon.colcon_core.verb:Building package 'iiwa_mujoco_ros2' with the following arguments: {'ament_cmake_args': None, 'build_base': '/home/yaohouyu/ros2_ws/build/iiwa_mujoco_ros2', 'catkin_cmake_args': None, 'catkin_skip_building_tests': False, 'cmake_args': None, 'cmake_clean_cache': False, 'cmake_clean_first': False, 'cmake_force_configure': False, 'cmake_target': None, 'cmake_target_skip_unavailable': False, 'install_base': '/home/yaohouyu/ros2_ws/install/iiwa_mujoco_ros2', 'merge_install': False, 'path': '/home/yaohouyu/ros2_ws/src/iiwa_mujoco_ros2', 'symlink_install': False, 'test_result_base': None}
[0.134s] INFO:colcon.colcon_core.executor:Executing jobs using 'parallel' executor
[0.135s] DEBUG:colcon.colcon_parallel_executor.executor.parallel:run_until_complete
[0.135s] INFO:colcon.colcon_ros.task.ament_cmake.build:Building ROS package in '/home/yaohouyu/ros2_ws/src/iiwa_mujoco_ros2' with build type 'ament_cmake'
[0.136s] INFO:colcon.colcon_cmake.task.cmake.build:Building CMake package in '/home/yaohouyu/ros2_ws/src/iiwa_mujoco_ros2'
[0.136s] INFO:colcon.colcon_core.plugin_system:Skipping extension 'colcon_core.shell.bat': Not used on non-Windows systems
[0.137s] INFO:colcon.colcon_core.shell:Skip shell extension 'powershell' for command environment: Not usable outside of PowerShell
[0.137s] DEBUG:colcon.colcon_core.shell:Skip shell extension 'dsv' for command environment
[0.141s] DEBUG:colcon.colcon_core.event_handler.log_command:Invoking command in '/home/yaohouyu/ros2_ws/build/iiwa_mujoco_ros2': CMAKE_PREFIX_PATH=${CMAKE_PREFIX_PATH}:/opt/ros/jazzy DEBUGINFOD_URLS=https://debuginfod.ubuntu.com /usr/bin/cmake /home/yaohouyu/ros2_ws/src/iiwa_mujoco_ros2 -DCMAKE_INSTALL_PREFIX=/home/yaohouyu/ros2_ws/install/iiwa_mujoco_ros2
[0.801s] DEBUG:colcon.colcon_core.event_handler.log_command:Invoked command in '/home/yaohouyu/ros2_ws/build/iiwa_mujoco_ros2' returned '0': CMAKE_PREFIX_PATH=${CMAKE_PREFIX_PATH}:/opt/ros/jazzy DEBUGINFOD_URLS=https://debuginfod.ubuntu.com /usr/bin/cmake /home/yaohouyu/ros2_ws/src/iiwa_mujoco_ros2 -DCMAKE_INSTALL_PREFIX=/home/yaohouyu/ros2_ws/install/iiwa_mujoco_ros2
[0.803s] DEBUG:colcon.colcon_core.event_handler.log_command:Invoking command in '/home/yaohouyu/ros2_ws/build/iiwa_mujoco_ros2': CMAKE_PREFIX_PATH=${CMAKE_PREFIX_PATH}:/opt/ros/jazzy DEBUGINFOD_URLS=https://debuginfod.ubuntu.com /usr/bin/cmake --build /home/yaohouyu/ros2_ws/build/iiwa_mujoco_ros2 -- -j6 -l6
[3.002s] DEBUG:colcon.colcon_core.event_handler.log_command:Invoked command in '/home/yaohouyu/ros2_ws/build/iiwa_mujoco_ros2' returned '0': CMAKE_PREFIX_PATH=${CMAKE_PREFIX_PATH}:/opt/ros/jazzy DEBUGINFOD_URLS=https://debuginfod.ubuntu.com /usr/bin/cmake --build /home/yaohouyu/ros2_ws/build/iiwa_mujoco_ros2 -- -j6 -l6
[3.009s] DEBUG:colcon.colcon_core.event_handler.log_command:Invoking command in '/home/yaohouyu/ros2_ws/build/iiwa_mujoco_ros2': CMAKE_PREFIX_PATH=${CMAKE_PREFIX_PATH}:/opt/ros/jazzy DEBUGINFOD_URLS=https://debuginfod.ubuntu.com /usr/bin/cmake --install /home/yaohouyu/ros2_ws/build/iiwa_mujoco_ros2
[3.017s] Level 1:colcon.colcon_core.environment:create_environment_scripts_only(iiwa_mujoco_ros2)
[3.017s] DEBUG:colcon.colcon_core.event_handler.log_command:Invoked command in '/home/yaohouyu/ros2_ws/build/iiwa_mujoco_ros2' returned '0': CMAKE_PREFIX_PATH=${CMAKE_PREFIX_PATH}:/opt/ros/jazzy DEBUGINFOD_URLS=https://debuginfod.ubuntu.com /usr/bin/cmake --install /home/yaohouyu/ros2_ws/build/iiwa_mujoco_ros2
[3.018s] Level 1:colcon.colcon_core.environment:checking '/home/yaohouyu/ros2_ws/install/iiwa_mujoco_ros2' for CMake module files
[3.018s] Level 1:colcon.colcon_core.environment:checking '/home/yaohouyu/ros2_ws/install/iiwa_mujoco_ros2' for CMake config files
[3.019s] Level 1:colcon.colcon_core.shell:create_environment_hook('iiwa_mujoco_ros2', 'cmake_prefix_path')
[3.019s] INFO:colcon.colcon_core.shell:Creating environment hook '/home/yaohouyu/ros2_ws/install/iiwa_mujoco_ros2/share/iiwa_mujoco_ros2/hook/cmake_prefix_path.ps1'
[3.019s] INFO:colcon.colcon_core.shell:Creating environment descriptor '/home/yaohouyu/ros2_ws/install/iiwa_mujoco_ros2/share/iiwa_mujoco_ros2/hook/cmake_prefix_path.dsv'
[3.020s] INFO:colcon.colcon_core.shell:Creating environment hook '/home/yaohouyu/ros2_ws/install/iiwa_mujoco_ros2/share/iiwa_mujoco_ros2/hook/cmake_prefix_path.sh'
[3.021s] Level 1:colcon.colcon_core.environment:checking '/home/yaohouyu/ros2_ws/install/iiwa_mujoco_ros2/lib'
[3.021s] Level 1:colcon.colcon_core.environment:checking '/home/yaohouyu/ros2_ws/install/iiwa_mujoco_ros2/bin'
[3.021s] Level 1:colcon.colcon_core.environment:checking '/home/yaohouyu/ros2_ws/install/iiwa_mujoco_ros2/lib/pkgconfig/iiwa_mujoco_ros2.pc'
[3.021s] Level 1:colcon.colcon_core.environment:checking '/home/yaohouyu/ros2_ws/install/iiwa_mujoco_ros2/lib/python3.12/site-packages'
[3.021s] Level 1:colcon.colcon_core.environment:checking '/home/yaohouyu/ros2_ws/install/iiwa_mujoco_ros2/bin'
[3.021s] INFO:colcon.colcon_core.shell:Creating package script '/home/yaohouyu/ros2_ws/install/iiwa_mujoco_ros2/share/iiwa_mujoco_ros2/package.ps1'
[3.022s] INFO:colcon.colcon_core.shell:Creating package descriptor '/home/yaohouyu/ros2_ws/install/iiwa_mujoco_ros2/share/iiwa_mujoco_ros2/package.dsv'
[3.022s] INFO:colcon.colcon_core.shell:Creating package script '/home/yaohouyu/ros2_ws/install/iiwa_mujoco_ros2/share/iiwa_mujoco_ros2/package.sh'
[3.022s] INFO:colcon.colcon_core.shell:Creating package script '/home/yaohouyu/ros2_ws/install/iiwa_mujoco_ros2/share/iiwa_mujoco_ros2/package.bash'
[3.023s] INFO:colcon.colcon_core.shell:Creating package script '/home/yaohouyu/ros2_ws/install/iiwa_mujoco_ros2/share/iiwa_mujoco_ros2/package.zsh'
[3.023s] Level 1:colcon.colcon_core.environment:create_file_with_runtime_dependencies(/home/yaohouyu/ros2_ws/install/iiwa_mujoco_ros2/share/colcon-core/packages/iiwa_mujoco_ros2)
[3.023s] Level 1:colcon.colcon_core.environment:create_environment_scripts_only(iiwa_mujoco_ros2)
[3.023s] Level 1:colcon.colcon_core.environment:checking '/home/yaohouyu/ros2_ws/install/iiwa_mujoco_ros2' for CMake module files
[3.024s] Level 1:colcon.colcon_core.environment:checking '/home/yaohouyu/ros2_ws/install/iiwa_mujoco_ros2' for CMake config files
[3.024s] Level 1:colcon.colcon_core.shell:create_environment_hook('iiwa_mujoco_ros2', 'cmake_prefix_path')
[3.024s] INFO:colcon.colcon_core.shell:Creating environment hook '/home/yaohouyu/ros2_ws/install/iiwa_mujoco_ros2/share/iiwa_mujoco_ros2/hook/cmake_prefix_path.ps1'
[3.024s] INFO:colcon.colcon_core.shell:Creating environment descriptor '/home/yaohouyu/ros2_ws/install/iiwa_mujoco_ros2/share/iiwa_mujoco_ros2/hook/cmake_prefix_path.dsv'
[3.024s] INFO:colcon.colcon_core.shell:Creating environment hook '/home/yaohouyu/ros2_ws/install/iiwa_mujoco_ros2/share/iiwa_mujoco_ros2/hook/cmake_prefix_path.sh'
[3.025s] Level 1:colcon.colcon_core.environment:checking '/home/yaohouyu/ros2_ws/install/iiwa_mujoco_ros2/lib'
[3.025s] Level 1:colcon.colcon_core.environment:checking '/home/yaohouyu/ros2_ws/install/iiwa_mujoco_ros2/bin'
[3.025s] Level 1:colcon.colcon_core.environment:checking '/home/yaohouyu/ros2_ws/install/iiwa_mujoco_ros2/lib/pkgconfig/iiwa_mujoco_ros2.pc'
[3.025s] Level 1:colcon.colcon_core.environment:checking '/home/yaohouyu/ros2_ws/install/iiwa_mujoco_ros2/lib/python3.12/site-packages'
[3.025s] Level 1:colcon.colcon_core.environment:checking '/home/yaohouyu/ros2_ws/install/iiwa_mujoco_ros2/bin'
[3.025s] INFO:colcon.colcon_core.shell:Creating package script '/home/yaohouyu/ros2_ws/install/iiwa_mujoco_ros2/share/iiwa_mujoco_ros2/package.ps1'
[3.026s] INFO:colcon.colcon_core.shell:Creating package descriptor '/home/yaohouyu/ros2_ws/install/iiwa_mujoco_ros2/share/iiwa_mujoco_ros2/package.dsv'
[3.026s] INFO:colcon.colcon_core.shell:Creating package script '/home/yaohouyu/ros2_ws/install/iiwa_mujoco_ros2/share/iiwa_mujoco_ros2/package.sh'
[3.026s] INFO:colcon.colcon_core.shell:Creating package script '/home/yaohouyu/ros2_ws/install/iiwa_mujoco_ros2/share/iiwa_mujoco_ros2/package.bash'
[3.027s] INFO:colcon.colcon_core.shell:Creating package script '/home/yaohouyu/ros2_ws/install/iiwa_mujoco_ros2/share/iiwa_mujoco_ros2/package.zsh'
[3.027s] Level 1:colcon.colcon_core.environment:create_file_with_runtime_dependencies(/home/yaohouyu/ros2_ws/install/iiwa_mujoco_ros2/share/colcon-core/packages/iiwa_mujoco_ros2)
[3.027s] DEBUG:colcon.colcon_parallel_executor.executor.parallel:closing loop
[3.027s] DEBUG:colcon.colcon_parallel_executor.executor.parallel:loop closed
[3.028s] DEBUG:colcon.colcon_parallel_executor.executor.parallel:run_until_complete finished with '0'
[3.028s] DEBUG:colcon.colcon_core.event_reactor:joining thread
[3.031s] INFO:colcon.colcon_core.plugin_system:Skipping extension 'colcon_notification.desktop_notification.terminal_notifier': Not used on non-Darwin systems
[3.031s] INFO:colcon.colcon_core.plugin_system:Skipping extension 'colcon_notification.desktop_notification.win32': Not used on non-Windows systems
[3.031s] INFO:colcon.colcon_notification.desktop_notification:Sending desktop notification using 'notify2'
[3.042s] DEBUG:colcon.colcon_core.event_reactor:joined thread
[3.042s] INFO:colcon.colcon_core.shell:Creating prefix script '/home/yaohouyu/ros2_ws/install/local_setup.ps1'
[3.042s] INFO:colcon.colcon_core.shell:Creating prefix util module '/home/yaohouyu/ros2_ws/install/_local_setup_util_ps1.py'
[3.043s] INFO:colcon.colcon_core.shell:Creating prefix chain script '/home/yaohouyu/ros2_ws/install/setup.ps1'
[3.043s] INFO:colcon.colcon_core.shell:Creating prefix script '/home/yaohouyu/ros2_ws/install/local_setup.sh'
[3.044s] INFO:colcon.colcon_core.shell:Creating prefix util module '/home/yaohouyu/ros2_ws/install/_local_setup_util_sh.py'
[3.044s] INFO:colcon.colcon_core.shell:Creating prefix chain script '/home/yaohouyu/ros2_ws/install/setup.sh'
[3.044s] INFO:colcon.colcon_core.shell:Creating prefix script '/home/yaohouyu/ros2_ws/install/local_setup.bash'
[3.044s] INFO:colcon.colcon_core.shell:Creating prefix chain script '/home/yaohouyu/ros2_ws/install/setup.bash'
[3.045s] INFO:colcon.colcon_core.shell:Creating prefix script '/home/yaohouyu/ros2_ws/install/local_setup.zsh'
[3.045s] INFO:colcon.colcon_core.shell:Creating prefix chain script '/home/yaohouyu/ros2_ws/install/setup.zsh'
