[0.010s] Invoking command in '/home/yaohouyu/ros2_mujoco_ws/build/iiwa_mujoco': CMAKE_PREFIX_PATH=${CMAKE_PREFIX_PATH}:/opt/ros/jazzy DEBUGINFOD_URLS=https://debuginfod.ubuntu.com /usr/bin/cmake --build /home/yaohouyu/ros2_mujoco_ws/build/iiwa_mujoco -- -j6 -l6
[0.054s] [ 16%] [32mBuilding CXX object CMakeFiles/iiwa_pd_hold_node.dir/src/iiwa_pd_hold_node.cpp.o[0m
[0.066s] [ 50%] Built target iiwa_controller_node
[0.066s] [ 83%] Built target iiwa_mujoco_node
[4.920s] [100%] [32m[1mLinking CXX executable iiwa_pd_hold_node[0m
[5.102s] [100%] Built target iiwa_pd_hold_node
[5.109s] Invoked command in '/home/yaohouyu/ros2_mujoco_ws/build/iiwa_mujoco' returned '0': CMAKE_PREFIX_PATH=${CMAKE_PREFIX_PATH}:/opt/ros/jazzy DEBUGINFOD_URLS=https://debuginfod.ubuntu.com /usr/bin/cmake --build /home/yaohouyu/ros2_mujoco_ws/build/iiwa_mujoco -- -j6 -l6
[5.110s] Invoking command in '/home/yaohouyu/ros2_mujoco_ws/build/iiwa_mujoco': CMAKE_PREFIX_PATH=${CMAKE_PREFIX_PATH}:/opt/ros/jazzy DEBUGINFOD_URLS=https://debuginfod.ubuntu.com /usr/bin/cmake --install /home/yaohouyu/ros2_mujoco_ws/build/iiwa_mujoco
[5.114s] -- Install configuration: ""
[5.114s] -- Up-to-date: /home/yaohouyu/ros2_mujoco_ws/install/iiwa_mujoco/lib/iiwa_mujoco/iiwa_controller_node
[5.114s] -- Up-to-date: /home/yaohouyu/ros2_mujoco_ws/install/iiwa_mujoco/lib/iiwa_mujoco/iiwa_mujoco_node
[5.114s] -- Installing: /home/yaohouyu/ros2_mujoco_ws/install/iiwa_mujoco/lib/iiwa_mujoco/iiwa_pd_hold_node
[5.117s] -- Set non-toolchain portion of runtime path of "/home/yaohouyu/ros2_mujoco_ws/install/iiwa_mujoco/lib/iiwa_mujoco/iiwa_pd_hold_node" to ""
[5.117s] -- Up-to-date: /home/yaohouyu/ros2_mujoco_ws/install/iiwa_mujoco/share/ament_index/resource_index/package_run_dependencies/iiwa_mujoco
[5.117s] -- Up-to-date: /home/yaohouyu/ros2_mujoco_ws/install/iiwa_mujoco/share/ament_index/resource_index/parent_prefix_path/iiwa_mujoco
[5.117s] -- Up-to-date: /home/yaohouyu/ros2_mujoco_ws/install/iiwa_mujoco/share/iiwa_mujoco/environment/ament_prefix_path.sh
[5.118s] -- Up-to-date: /home/yaohouyu/ros2_mujoco_ws/install/iiwa_mujoco/share/iiwa_mujoco/environment/ament_prefix_path.dsv
[5.118s] -- Up-to-date: /home/yaohouyu/ros2_mujoco_ws/install/iiwa_mujoco/share/iiwa_mujoco/environment/path.sh
[5.118s] -- Up-to-date: /home/yaohouyu/ros2_mujoco_ws/install/iiwa_mujoco/share/iiwa_mujoco/environment/path.dsv
[5.118s] -- Up-to-date: /home/yaohouyu/ros2_mujoco_ws/install/iiwa_mujoco/share/iiwa_mujoco/local_setup.bash
[5.118s] -- Up-to-date: /home/yaohouyu/ros2_mujoco_ws/install/iiwa_mujoco/share/iiwa_mujoco/local_setup.sh
[5.118s] -- Up-to-date: /home/yaohouyu/ros2_mujoco_ws/install/iiwa_mujoco/share/iiwa_mujoco/local_setup.zsh
[5.118s] -- Up-to-date: /home/yaohouyu/ros2_mujoco_ws/install/iiwa_mujoco/share/iiwa_mujoco/local_setup.dsv
[5.118s] -- Installing: /home/yaohouyu/ros2_mujoco_ws/install/iiwa_mujoco/share/iiwa_mujoco/package.dsv
[5.118s] -- Up-to-date: /home/yaohouyu/ros2_mujoco_ws/install/iiwa_mujoco/share/ament_index/resource_index/packages/iiwa_mujoco
[5.118s] -- Up-to-date: /home/yaohouyu/ros2_mujoco_ws/install/iiwa_mujoco/share/iiwa_mujoco/cmake/iiwa_mujocoConfig.cmake
[5.118s] -- Up-to-date: /home/yaohouyu/ros2_mujoco_ws/install/iiwa_mujoco/share/iiwa_mujoco/cmake/iiwa_mujocoConfig-version.cmake
[5.118s] -- Up-to-date: /home/yaohouyu/ros2_mujoco_ws/install/iiwa_mujoco/share/iiwa_mujoco/package.xml
[5.119s] Invoked command in '/home/yaohouyu/ros2_mujoco_ws/build/iiwa_mujoco' returned '0': CMAKE_PREFIX_PATH=${CMAKE_PREFIX_PATH}:/opt/ros/jazzy DEBUGINFOD_URLS=https://debuginfod.ubuntu.com /usr/bin/cmake --install /home/yaohouyu/ros2_mujoco_ws/build/iiwa_mujoco
